[2023-11-24 11:11:22.540] [67466:8189006592] [INFO] [MainThread -> app] STARTUP
[2023-11-24 11:11:22.542] [67466:10888441856] [INFO] [engine -> app] engine started
[2023-11-24 11:11:22.542] [67466:10905268224] [INFO] [strategy_sma_btc -> app] strategy_sma_btc started
[2023-11-24 11:11:22.542] [67466:10922094592] [INFO] [strategy_strat1_btc -> app] strategy_strat1_btc started
[2023-11-24 11:11:22.543] [67466:10938920960] [INFO] [gateway_alpaca -> app] gateway_alpaca starting
[2023-11-24 11:11:23.387] [67466:10905268224] [DEBUG] [strategy_sma_btc -> app] strategy processing quote: Quote (venue=Venue.ALPACA, symbol=BTC/USD, bid=0.5526@37776.5, ask=0.555859@37839.8, ts=2023-11-24 17:11:23.398381+00:00)
[2023-11-24 11:11:23.387] [67466:10922094592] [DEBUG] [strategy_strat1_btc -> app] strategy processing quote: Quote (venue=Venue.ALPACA, symbol=BTC/USD, bid=0.5526@37776.5, ask=0.555859@37839.8, ts=2023-11-24 17:11:23.398381+00:00)
[2023-11-24 11:11:23.387] [67466:10905268224] [DEBUG] [strategy_sma_btc -> app] strategy processing quote: Quote (venue=Venue.ALPACA, symbol=BTC/USD, bid=0.27782@37797.5, ask=0.555859@37839.8, ts=2023-11-24 17:11:23.398520+00:00)
[2023-11-24 11:11:23.387] [67466:10922094592] [DEBUG] [strategy_strat1_btc -> app] strategy processing quote: Quote (venue=Venue.ALPACA, symbol=BTC/USD, bid=0.27782@37797.5, ask=0.555859@37839.8, ts=2023-11-24 17:11:23.398520+00:00)
[2023-11-24 11:11:23.387] [67466:10905268224] [DEBUG] [strategy_sma_btc -> app] strategy processing quote: Quote (venue=Venue.ALPACA, symbol=BTC/USD, bid=0.27782@37797.5, ask=0.278842@37840.19, ts=2023-11-24 17:11:23.398599+00:00)
[2023-11-24 11:11:23.387] [67466:10922094592] [DEBUG] [strategy_strat1_btc -> app] strategy processing quote: Quote (venue=Venue.ALPACA, symbol=BTC/USD, bid=0.27782@37797.5, ask=0.278842@37840.19, ts=2023-11-24 17:11:23.398599+00:00)
[2023-11-24 11:11:23.388] [67466:10905268224] [DEBUG] [strategy_sma_btc -> app] strategy processing quote: Quote (venue=Venue.ALPACA, symbol=BTC/USD, bid=0.55585@37805.0, ask=0.278842@37840.19, ts=2023-11-24 17:11:23.398734+00:00)
[2023-11-24 11:11:23.388] [67466:10922094592] [DEBUG] [strategy_strat1_btc -> app] strategy processing quote: Quote (venue=Venue.ALPACA, symbol=BTC/USD, bid=0.55585@37805.0, ask=0.278842@37840.19, ts=2023-11-24 17:11:23.398734+00:00)
[2023-11-24 11:11:23.388] [67466:10905268224] [DEBUG] [strategy_sma_btc -> app] strategy processing quote: Quote (venue=Venue.ALPACA, symbol=BTC/USD, bid=0.55585@37805.0, ask=0.834@37841.495, ts=2023-11-24 17:11:23.398859+00:00)
[2023-11-24 11:11:23.388] [67466:10922094592] [DEBUG] [strategy_strat1_btc -> app] strategy processing quote: Quote (venue=Venue.ALPACA, symbol=BTC/USD, bid=0.55585@37805.0, ask=0.834@37841.495, ts=2023-11-24 17:11:23.398859+00:00)
[2023-11-24 11:11:23.389] [67466:10922094592] [DEBUG] [strategy_strat1_btc -> app] strategy processing quote: Quote (venue=Venue.ALPACA, symbol=BTC/USD, bid=0.55585@37805.0, ask=0.2768@37844.1, ts=2023-11-24 17:11:23.399608+00:00)
[2023-11-24 11:11:23.389] [67466:10905268224] [DEBUG] [strategy_sma_btc -> app] strategy processing quote: Quote (venue=Venue.ALPACA, symbol=BTC/USD, bid=0.55585@37805.0, ask=0.2768@37844.1, ts=2023-11-24 17:11:23.399608+00:00)
[2023-11-24 11:11:26.768] [67466:10905268224] [DEBUG] [strategy_sma_btc -> app] strategy processing quote: Quote (venue=Venue.ALPACA, symbol=BTC/USD, bid=0.55585@37805.0, ask=0.5503@37848.1, ts=2023-11-24 17:11:26.799890+00:00)
[2023-11-24 11:11:26.768] [67466:10922094592] [DEBUG] [strategy_strat1_btc -> app] strategy processing quote: Quote (venue=Venue.ALPACA, symbol=BTC/USD, bid=0.55585@37805.0, ask=0.5503@37848.1, ts=2023-11-24 17:11:26.799890+00:00)
[2023-11-24 11:11:26.769] [67466:10905268224] [DEBUG] [strategy_sma_btc -> app] strategy processing quote: Quote (venue=Venue.ALPACA, symbol=BTC/USD, bid=0.276449@37825.918, ask=0.5503@37848.1, ts=2023-11-24 17:11:26.800719+00:00)
[2023-11-24 11:11:26.769] [67466:10922094592] [DEBUG] [strategy_strat1_btc -> app] strategy processing quote: Quote (venue=Venue.ALPACA, symbol=BTC/USD, bid=0.276449@37825.918, ask=0.5503@37848.1, ts=2023-11-24 17:11:26.800719+00:00)
[2023-11-24 11:11:26.773] [67466:10905268224] [DEBUG] [strategy_sma_btc -> app] strategy processing quote: Quote (venue=Venue.ALPACA, symbol=BTC/USD, bid=0.276449@37825.918, ask=0.826626@37864.597, ts=2023-11-24 17:11:26.801507+00:00)
[2023-11-24 11:11:26.773] [67466:10922094592] [DEBUG] [strategy_strat1_btc -> app] strategy processing quote: Quote (venue=Venue.ALPACA, symbol=BTC/USD, bid=0.276449@37825.918, ask=0.826626@37864.597, ts=2023-11-24 17:11:26.801507+00:00)
[2023-11-24 11:11:26.776] [67466:10905268224] [DEBUG] [strategy_sma_btc -> app] strategy processing quote: Quote (venue=Venue.ALPACA, symbol=BTC/USD, bid=0.276449@37825.918, ask=0.5608@37860.96, ts=2023-11-24 17:11:26.802075+00:00)
[2023-11-24 11:11:26.776] [67466:10922094592] [DEBUG] [strategy_strat1_btc -> app] strategy processing quote: Quote (venue=Venue.ALPACA, symbol=BTC/USD, bid=0.276449@37825.918, ask=0.5608@37860.96, ts=2023-11-24 17:11:26.802075+00:00)
[2023-11-24 11:11:26.781] [67466:10905268224] [DEBUG] [strategy_sma_btc -> app] strategy processing quote: Quote (venue=Venue.ALPACA, symbol=BTC/USD, bid=0.276449@37825.918, ask=0.275902@37845.8, ts=2023-11-24 17:11:26.802233+00:00)
[2023-11-24 11:11:26.781] [67466:10922094592] [DEBUG] [strategy_strat1_btc -> app] strategy processing quote: Quote (venue=Venue.ALPACA, symbol=BTC/USD, bid=0.276449@37825.918, ask=0.275902@37845.8, ts=2023-11-24 17:11:26.802233+00:00)
[2023-11-24 11:11:26.781] [67466:10905268224] [DEBUG] [strategy_sma_btc -> app] strategy_sma_btc emitting Signal (venue=Venue.ALPACA, symbol=BTC/USD, exposure=Exposure.LONG, qty=0.275902, prc=37845.8)
[2023-11-24 11:11:32.432] [67466:10922094592] [DEBUG] [strategy_strat1_btc -> app] strategy processing quote: Quote (venue=Venue.ALPACA, symbol=BTC/USD, bid=0.5509@37813.1, ask=0.275902@37845.8, ts=2023-11-24 17:11:32.469799+00:00)
[2023-11-24 11:11:32.433] [67466:10922094592] [DEBUG] [strategy_strat1_btc -> app] strategy processing quote: Quote (venue=Venue.ALPACA, symbol=BTC/USD, bid=0.83201@37790.03, ask=0.275902@37845.8, ts=2023-11-24 17:11:32.470336+00:00)
[2023-11-24 11:11:32.434] [67466:10922094592] [DEBUG] [strategy_strat1_btc -> app] strategy processing quote: Quote (venue=Venue.ALPACA, symbol=BTC/USD, bid=0.27805@37809.4, ask=0.275902@37845.8, ts=2023-11-24 17:11:32.470460+00:00)
[2023-11-24 11:11:32.435] [67466:10922094592] [DEBUG] [strategy_strat1_btc -> app] strategy processing quote: Quote (venue=Venue.ALPACA, symbol=BTC/USD, bid=0.27805@37809.4, ask=0.5608@37860.96, ts=2023-11-24 17:11:32.470469+00:00)
[2023-11-24 11:11:32.439] [67466:10922094592] [DEBUG] [strategy_strat1_btc -> app] strategy processing quote: Quote (venue=Venue.ALPACA, symbol=BTC/USD, bid=0.27805@37809.4, ask=1.39627@37938.04, ts=2023-11-24 17:11:32.470720+00:00)
[2023-11-24 11:11:32.440] [67466:10922094592] [DEBUG] [strategy_strat1_btc -> app] strategy processing quote: Quote (venue=Venue.ALPACA, symbol=BTC/USD, bid=0.27805@37809.4, ask=0.5584@37841.57, ts=2023-11-24 17:11:32.471034+00:00)
[2023-11-24 11:11:32.442] [67466:10922094592] [DEBUG] [strategy_strat1_btc -> app] strategy processing quote: Quote (venue=Venue.ALPACA, symbol=BTC/USD, bid=0.27805@37809.4, ask=0.277992@37835.646, ts=2023-11-24 17:11:32.471341+00:00)
[2023-11-24 11:11:54.314] [67466:10922094592] [DEBUG] [strategy_strat1_btc -> app] strategy processing quote: Quote (venue=Venue.ALPACA, symbol=BTC/USD, bid=0.27805@37809.4, ask=0.5566@37836.856, ts=2023-11-24 17:11:54.253684+00:00)
[2023-11-24 11:11:54.314] [67466:10922094592] [DEBUG] [strategy_strat1_btc -> app] strategy processing quote: Quote (venue=Venue.ALPACA, symbol=BTC/USD, bid=0.2789@37801.6, ask=0.5566@37836.856, ts=2023-11-24 17:11:54.253786+00:00)
[2023-11-24 11:11:54.315] [67466:10922094592] [DEBUG] [strategy_strat1_btc -> app] strategy processing quote: Quote (venue=Venue.ALPACA, symbol=BTC/USD, bid=0.2789@37801.6, ask=0.280497@37821.4, ts=2023-11-24 17:11:54.253856+00:00)
[2023-11-24 11:12:02.650] [67466:10922094592] [DEBUG] [strategy_strat1_btc -> app] strategy processing quote: Quote (venue=Venue.ALPACA, symbol=BTC/USD, bid=0.55887@37791.25, ask=0.280497@37821.4, ts=2023-11-24 17:12:02.683948+00:00)
[2023-11-24 11:12:02.650] [67466:10922094592] [DEBUG] [strategy_strat1_btc -> app] strategy processing quote: Quote (venue=Venue.ALPACA, symbol=BTC/USD, bid=0.55887@37791.25, ask=0.5611@37817.788, ts=2023-11-24 17:12:02.683963+00:00)
[2023-11-24 11:12:02.650] [67466:10922094592] [DEBUG] [strategy_strat1_btc -> app] strategy processing quote: Quote (venue=Venue.ALPACA, symbol=BTC/USD, bid=0.55887@37791.25, ask=0.2803@37812.511, ts=2023-11-24 17:12:02.684739+00:00)
[2023-11-24 11:12:02.656] [67466:10922094592] [DEBUG] [strategy_strat1_btc -> app] strategy processing quote: Quote (venue=Venue.ALPACA, symbol=BTC/USD, bid=0.560282@37769.8, ask=0.2803@37812.511, ts=2023-11-24 17:12:02.685135+00:00)
[2023-11-24 11:12:02.661] [67466:10922094592] [DEBUG] [strategy_strat1_btc -> app] strategy processing quote: Quote (venue=Venue.ALPACA, symbol=BTC/USD, bid=0.27563@37785.43, ask=0.2803@37812.511, ts=2023-11-24 17:12:02.685915+00:00)
[2023-11-24 11:12:12.034] [67466:10922094592] [DEBUG] [strategy_strat1_btc -> app] strategy processing quote: Quote (venue=Venue.ALPACA, symbol=BTC/USD, bid=0.27563@37785.43, ask=0.5611@37817.788, ts=2023-11-24 17:12:12.069235+00:00)
[2023-11-24 11:12:12.059] [67466:10922094592] [DEBUG] [strategy_strat1_btc -> app] strategy processing quote: Quote (venue=Venue.ALPACA, symbol=BTC/USD, bid=0.27563@37785.43, ask=0.27904@37819.0, ts=2023-11-24 17:12:12.071363+00:00)
[2023-11-24 11:12:12.060] [67466:10922094592] [DEBUG] [strategy_strat1_btc -> app] strategy processing quote: Quote (venue=Venue.ALPACA, symbol=BTC/USD, bid=0.8353@37781.06, ask=0.27904@37819.0, ts=2023-11-24 17:12:12.071412+00:00)
[2023-11-24 11:12:12.061] [67466:10922094592] [DEBUG] [strategy_strat1_btc -> app] strategy processing quote: Quote (venue=Venue.ALPACA, symbol=BTC/USD, bid=0.550437@37792.5, ask=0.27904@37819.0, ts=2023-11-24 17:12:12.071500+00:00)
[2023-11-24 11:12:12.065] [67466:10922094592] [DEBUG] [strategy_strat1_btc -> app] strategy processing quote: Quote (venue=Venue.ALPACA, symbol=BTC/USD, bid=0.277458@37795.8, ask=0.27904@37819.0, ts=2023-11-24 17:12:12.071964+00:00)
[2023-11-24 11:12:14.897] [67466:10922094592] [DEBUG] [strategy_strat1_btc -> app] strategy processing quote: Quote (venue=Venue.ALPACA, symbol=BTC/USD, bid=0.277458@37795.8, ask=0.5534@37826.252, ts=2023-11-24 17:12:14.834045+00:00)
[2023-11-24 11:12:14.898] [67466:10922094592] [DEBUG] [strategy_strat1_btc -> app] strategy processing quote: Quote (venue=Venue.ALPACA, symbol=BTC/USD, bid=0.5519@37792.1, ask=0.5534@37826.252, ts=2023-11-24 17:12:14.834637+00:00)
[2023-11-24 11:12:14.899] [67466:10922094592] [DEBUG] [strategy_strat1_btc -> app] strategy processing quote: Quote (venue=Venue.ALPACA, symbol=BTC/USD, bid=0.280199@37794.712, ask=0.5534@37826.252, ts=2023-11-24 17:12:14.834791+00:00)
[2023-11-24 11:12:14.899] [67466:10922094592] [DEBUG] [strategy_strat1_btc -> app] strategy processing quote: Quote (venue=Venue.ALPACA, symbol=BTC/USD, bid=0.280199@37794.712, ask=0.83741@37853.148, ts=2023-11-24 17:12:14.835180+00:00)
[2023-11-24 11:12:14.899] [67466:10922094592] [DEBUG] [strategy_strat1_btc -> app] strategy processing quote: Quote (venue=Venue.ALPACA, symbol=BTC/USD, bid=0.280199@37794.712, ask=0.2751@37848.83, ts=2023-11-24 17:12:14.835315+00:00)
[2023-11-24 11:12:25.180] [67466:10922094592] [DEBUG] [strategy_strat1_btc -> app] strategy processing quote: Quote (venue=Venue.ALPACA, symbol=BTC/USD, bid=0.27727@37822.858, ask=0.2751@37848.83, ts=2023-11-24 17:12:25.217336+00:00)
[2023-11-24 11:12:25.188] [67466:10922094592] [DEBUG] [strategy_strat1_btc -> app] strategy processing quote: Quote (venue=Venue.ALPACA, symbol=BTC/USD, bid=0.27727@37822.858, ask=0.55@37849.063, ts=2023-11-24 17:12:25.218068+00:00)
[2023-11-24 11:12:25.193] [67466:10922094592] [DEBUG] [strategy_strat1_btc -> app] strategy processing quote: Quote (venue=Venue.ALPACA, symbol=BTC/USD, bid=0.27727@37822.858, ask=0.83741@37853.148, ts=2023-11-24 17:12:25.219201+00:00)
[2023-11-24 11:12:25.196] [67466:10922094592] [DEBUG] [strategy_strat1_btc -> app] strategy processing quote: Quote (venue=Venue.ALPACA, symbol=BTC/USD, bid=0.27727@37822.858, ask=0.27893@37858.89, ts=2023-11-24 17:12:25.219965+00:00)
[2023-11-24 11:14:11.178] [67466:10922094592] [DEBUG] [strategy_strat1_btc -> app] strategy processing quote: Quote (venue=Venue.ALPACA, symbol=BTC/USD, bid=0.554845@37818.8, ask=0.27893@37858.89, ts=2023-11-24 17:14:11.209027+00:00)
[2023-11-24 11:14:11.179] [67466:10922094592] [DEBUG] [strategy_strat1_btc -> app] strategy processing quote: Quote (venue=Venue.ALPACA, symbol=BTC/USD, bid=0.277389@37835.95, ask=0.27893@37858.89, ts=2023-11-24 17:14:11.209304+00:00)
[2023-11-24 11:14:11.180] [67466:10922094592] [DEBUG] [strategy_strat1_btc -> app] strategy processing quote: Quote (venue=Venue.ALPACA, symbol=BTC/USD, bid=0.277389@37835.95, ask=0.841442@37875.4, ts=2023-11-24 17:14:11.209388+00:00)
[2023-11-24 11:14:11.188] [67466:10922094592] [DEBUG] [strategy_strat1_btc -> app] strategy processing quote: Quote (venue=Venue.ALPACA, symbol=BTC/USD, bid=0.277389@37835.95, ask=0.55271@37866.188, ts=2023-11-24 17:14:11.210021+00:00)
[2023-11-24 11:14:22.792] [67466:10922094592] [DEBUG] [strategy_strat1_btc -> app] strategy processing quote: Quote (venue=Venue.ALPACA, symbol=BTC/USD, bid=0.554845@37818.8, ask=0.55271@37866.188, ts=2023-11-24 17:14:22.738001+00:00)
[2023-11-24 11:14:22.793] [67466:10922094592] [DEBUG] [strategy_strat1_btc -> app] strategy processing quote: Quote (venue=Venue.ALPACA, symbol=BTC/USD, bid=0.554845@37818.8, ask=0.55288@37878.0, ts=2023-11-24 17:14:22.738509+00:00)
[2023-11-24 11:14:22.794] [67466:10922094592] [DEBUG] [strategy_strat1_btc -> app] strategy processing quote: Quote (venue=Venue.ALPACA, symbol=BTC/USD, bid=0.551@37833.46, ask=0.55288@37878.0, ts=2023-11-24 17:14:22.738598+00:00)
[2023-11-24 11:14:22.794] [67466:10922094592] [DEBUG] [strategy_strat1_btc -> app] strategy processing quote: Quote (venue=Venue.ALPACA, symbol=BTC/USD, bid=0.27896@37844.372, ask=0.55288@37878.0, ts=2023-11-24 17:14:22.739818+00:00)
[2023-11-24 11:14:30.223] [67466:10922094592] [DEBUG] [strategy_strat1_btc -> app] strategy processing quote: Quote (venue=Venue.ALPACA, symbol=BTC/USD, bid=0.27896@37844.372, ask=0.27627@37878.5, ts=2023-11-24 17:14:30.258720+00:00)
[2023-11-24 11:14:30.223] [67466:10922094592] [DEBUG] [strategy_strat1_btc -> app] strategy processing quote: Quote (venue=Venue.ALPACA, symbol=BTC/USD, bid=0.27896@37844.372, ask=0.833109@37871.821, ts=2023-11-24 17:14:30.258735+00:00)
[2023-11-24 11:14:30.229] [67466:10922094592] [DEBUG] [strategy_strat1_btc -> app] strategy processing quote: Quote (venue=Venue.ALPACA, symbol=BTC/USD, bid=0.27896@37844.372, ask=0.554556@37862.693, ts=2023-11-24 17:14:30.259200+00:00)
[2023-11-24 11:14:30.238] [67466:10922094592] [DEBUG] [strategy_strat1_btc -> app] strategy processing quote: Quote (venue=Venue.ALPACA, symbol=BTC/USD, bid=0.280381@37822.521, ask=0.554556@37862.693, ts=2023-11-24 17:14:30.261079+00:00)
[2023-11-24 11:14:36.717] [67466:10922094592] [DEBUG] [strategy_strat1_btc -> app] strategy processing quote: Quote (venue=Venue.ALPACA, symbol=BTC/USD, bid=0.55865@37813.037, ask=0.554556@37862.693, ts=2023-11-24 17:14:36.750916+00:00)
[2023-11-24 11:14:36.719] [67466:10922094592] [DEBUG] [strategy_strat1_btc -> app] strategy processing quote: Quote (venue=Venue.ALPACA, symbol=BTC/USD, bid=0.27851@37814.873, ask=0.554556@37862.693, ts=2023-11-24 17:14:36.751057+00:00)
[2023-11-24 11:14:36.723] [67466:10922094592] [DEBUG] [strategy_strat1_btc -> app] strategy processing quote: Quote (venue=Venue.ALPACA, symbol=BTC/USD, bid=0.27851@37814.873, ask=0.8298@37865.7, ts=2023-11-24 17:14:36.751286+00:00)
[2023-11-24 11:14:36.723] [67466:10922094592] [DEBUG] [strategy_strat1_btc -> app] strategy processing quote: Quote (venue=Venue.ALPACA, symbol=BTC/USD, bid=0.27851@37814.873, ask=0.28033@37845.8, ts=2023-11-24 17:14:36.751295+00:00)
[2023-11-24 11:15:09.245] [67466:10922094592] [DEBUG] [strategy_strat1_btc -> app] strategy processing quote: Quote (venue=Venue.ALPACA, symbol=BTC/USD, bid=0.83505@37803.44, ask=0.28033@37845.8, ts=2023-11-24 17:15:09.280947+00:00)
[2023-11-24 11:15:09.246] [67466:10922094592] [DEBUG] [strategy_strat1_btc -> app] strategy processing quote: Quote (venue=Venue.ALPACA, symbol=BTC/USD, bid=0.27905@37837.318, ask=0.28033@37845.8, ts=2023-11-24 17:15:09.281630+00:00)
[2023-11-24 11:15:09.254] [67466:10922094592] [DEBUG] [strategy_strat1_btc -> app] strategy processing quote: Quote (venue=Venue.ALPACA, symbol=BTC/USD, bid=0.27905@37837.318, ask=0.55118@37863.84, ts=2023-11-24 17:15:09.281659+00:00)
[2023-11-24 11:15:26.375] [67466:10922094592] [DEBUG] [strategy_strat1_btc -> app] strategy processing quote: Quote (venue=Venue.ALPACA, symbol=BTC/USD, bid=0.27905@37837.318, ask=0.8407@37873.189, ts=2023-11-24 17:15:26.402745+00:00)
[2023-11-24 11:15:26.376] [67466:10922094592] [DEBUG] [strategy_strat1_btc -> app] strategy processing quote: Quote (venue=Venue.ALPACA, symbol=BTC/USD, bid=0.55187@37816.184, ask=0.8407@37873.189, ts=2023-11-24 17:15:26.402753+00:00)
[2023-11-24 11:15:26.376] [67466:10922094592] [DEBUG] [strategy_strat1_btc -> app] strategy processing quote: Quote (venue=Venue.ALPACA, symbol=BTC/USD, bid=0.840117@37819.6, ask=0.8407@37873.189, ts=2023-11-24 17:15:26.402771+00:00)
[2023-11-24 11:15:26.377] [67466:10922094592] [DEBUG] [strategy_strat1_btc -> app] strategy processing quote: Quote (venue=Venue.ALPACA, symbol=BTC/USD, bid=0.840117@37819.6, ask=0.552904@37876.5, ts=2023-11-24 17:15:26.402777+00:00)
[2023-11-24 11:15:26.378] [67466:10922094592] [DEBUG] [strategy_strat1_btc -> app] strategy processing quote: Quote (venue=Venue.ALPACA, symbol=BTC/USD, bid=0.840117@37819.6, ask=0.27981@37865.644, ts=2023-11-24 17:15:26.402784+00:00)
[2023-11-24 11:15:26.378] [67466:10922094592] [DEBUG] [strategy_strat1_btc -> app] strategy processing quote: Quote (venue=Venue.ALPACA, symbol=BTC/USD, bid=0.5502@37827.55, ask=0.27981@37865.644, ts=2023-11-24 17:15:26.402965+00:00)
[2023-11-24 11:15:26.379] [67466:10922094592] [DEBUG] [strategy_strat1_btc -> app] strategy processing quote: Quote (venue=Venue.ALPACA, symbol=BTC/USD, bid=0.279894@37840.01, ask=0.27981@37865.644, ts=2023-11-24 17:15:26.403116+00:00)
[2023-11-24 11:15:33.534] [67466:10922094592] [DEBUG] [strategy_strat1_btc -> app] strategy processing quote: Quote (venue=Venue.ALPACA, symbol=BTC/USD, bid=0.557267@37829.344, ask=0.27981@37865.644, ts=2023-11-24 17:15:33.566081+00:00)
[2023-11-24 11:15:33.546] [67466:10922094592] [DEBUG] [strategy_strat1_btc -> app] strategy processing quote: Quote (venue=Venue.ALPACA, symbol=BTC/USD, bid=0.557267@37829.344, ask=0.552904@37876.5, ts=2023-11-24 17:15:33.566746+00:00)
[2023-11-24 11:15:33.546] [67466:10922094592] [DEBUG] [strategy_strat1_btc -> app] strategy processing quote: Quote (venue=Venue.ALPACA, symbol=BTC/USD, bid=0.557267@37829.344, ask=0.279975@37868.187, ts=2023-11-24 17:15:33.567177+00:00)
[2023-11-24 11:15:36.837] [67466:10922094592] [DEBUG] [strategy_strat1_btc -> app] strategy processing quote: Quote (venue=Venue.ALPACA, symbol=BTC/USD, bid=0.557267@37829.344, ask=0.55971@37862.9, ts=2023-11-24 17:15:36.861997+00:00)
[2023-11-24 11:15:36.838] [67466:10922094592] [DEBUG] [strategy_strat1_btc -> app] strategy processing quote: Quote (venue=Venue.ALPACA, symbol=BTC/USD, bid=0.557267@37829.344, ask=0.2757@37854.8, ts=2023-11-24 17:15:36.862952+00:00)
[2023-11-24 11:15:36.838] [67466:10922094592] [DEBUG] [strategy_strat1_btc -> app] strategy processing quote: Quote (venue=Venue.ALPACA, symbol=BTC/USD, bid=0.28036@37821.657, ask=0.2757@37854.8, ts=2023-11-24 17:15:36.863064+00:00)
[2023-11-24 11:15:36.842] [67466:10922094592] [DEBUG] [strategy_strat1_btc -> app] strategy processing quote: Quote (venue=Venue.ALPACA, symbol=BTC/USD, bid=0.27566@37808.2, ask=0.2757@37854.8, ts=2023-11-24 17:15:36.864317+00:00)
[2023-11-24 11:15:47.263] [67466:10922094592] [DEBUG] [strategy_strat1_btc -> app] strategy processing quote: Quote (venue=Venue.ALPACA, symbol=BTC/USD, bid=0.8412@37803.59, ask=0.2757@37854.8, ts=2023-11-24 17:15:47.297403+00:00)
[2023-11-24 11:15:47.264] [67466:10922094592] [DEBUG] [strategy_strat1_btc -> app] strategy processing quote: Quote (venue=Venue.ALPACA, symbol=BTC/USD, bid=0.8412@37803.59, ask=0.5577@37834.86, ts=2023-11-24 17:15:47.297658+00:00)
[2023-11-24 11:15:47.268] [67466:10922094592] [DEBUG] [strategy_strat1_btc -> app] strategy processing quote: Quote (venue=Venue.ALPACA, symbol=BTC/USD, bid=0.27947@37791.563, ask=0.5577@37834.86, ts=2023-11-24 17:15:47.298003+00:00)
[2023-11-24 11:15:52.173] [67466:10922094592] [DEBUG] [strategy_strat1_btc -> app] strategy processing quote: Quote (venue=Venue.ALPACA, symbol=BTC/USD, bid=0.27947@37791.563, ask=0.27932@37827.138, ts=2023-11-24 17:15:52.211282+00:00)
[2023-11-24 11:15:52.180] [67466:10922094592] [DEBUG] [strategy_strat1_btc -> app] strategy processing quote: Quote (venue=Venue.ALPACA, symbol=BTC/USD, bid=0.8365@37790.54, ask=0.27932@37827.138, ts=2023-11-24 17:15:52.214212+00:00)
[2023-11-24 11:15:52.183] [67466:10922094592] [DEBUG] [strategy_strat1_btc -> app] strategy processing quote: Quote (venue=Venue.ALPACA, symbol=BTC/USD, bid=0.2804@37796.4, ask=0.27932@37827.138, ts=2023-11-24 17:15:52.214730+00:00)
[2023-11-24 11:15:55.055] [67466:10922094592] [DEBUG] [strategy_strat1_btc -> app] strategy processing quote: Quote (venue=Venue.ALPACA, symbol=BTC/USD, bid=0.5528@37793.89, ask=0.27932@37827.138, ts=2023-11-24 17:15:55.075814+00:00)
[2023-11-24 11:15:55.057] [67466:10922094592] [DEBUG] [strategy_strat1_btc -> app] strategy processing quote: Quote (venue=Venue.ALPACA, symbol=BTC/USD, bid=0.5528@37793.89, ask=0.558834@37819.59, ts=2023-11-24 17:15:55.076485+00:00)
[2023-11-24 11:15:55.057] [67466:10922094592] [DEBUG] [strategy_strat1_btc -> app] strategy processing quote: Quote (venue=Venue.ALPACA, symbol=BTC/USD, bid=0.5512@37770.17, ask=0.558834@37819.59, ts=2023-11-24 17:15:55.076672+00:00)
[2023-11-24 11:15:55.057] [67466:10922094592] [DEBUG] [strategy_strat1_btc -> app] strategy processing quote: Quote (venue=Venue.ALPACA, symbol=BTC/USD, bid=0.27776@37777.302, ask=0.558834@37819.59, ts=2023-11-24 17:15:55.076904+00:00)
[2023-11-24 11:16:04.917] [67466:10922094592] [DEBUG] [strategy_strat1_btc -> app] strategy processing quote: Quote (venue=Venue.ALPACA, symbol=BTC/USD, bid=0.5512@37770.17, ask=0.558834@37819.59, ts=2023-11-24 17:16:04.947184+00:00)
[2023-11-24 11:16:04.921] [67466:10922094592] [DEBUG] [strategy_strat1_btc -> app] strategy processing quote: Quote (venue=Venue.ALPACA, symbol=BTC/USD, bid=0.276804@37783.95, ask=0.558834@37819.59, ts=2023-11-24 17:16:04.948005+00:00)
[2023-11-24 11:16:04.928] [67466:10922094592] [DEBUG] [strategy_strat1_btc -> app] strategy processing quote: Quote (venue=Venue.ALPACA, symbol=BTC/USD, bid=0.276804@37783.95, ask=0.27768@37813.7, ts=2023-11-24 17:16:04.948704+00:00)
[2023-11-24 11:16:07.263] [67466:10922094592] [DEBUG] [strategy_strat1_btc -> app] strategy processing quote: Quote (venue=Venue.ALPACA, symbol=BTC/USD, bid=0.276804@37783.95, ask=0.558012@37827.411, ts=2023-11-24 17:16:07.300928+00:00)
[2023-11-24 11:16:07.263] [67466:10922094592] [DEBUG] [strategy_strat1_btc -> app] strategy processing quote: Quote (venue=Venue.ALPACA, symbol=BTC/USD, bid=0.276804@37783.95, ask=0.82598@37836.5, ts=2023-11-24 17:16:07.300935+00:00)
[2023-11-24 11:16:07.269] [67466:10922094592] [DEBUG] [strategy_strat1_btc -> app] strategy processing quote: Quote (venue=Venue.ALPACA, symbol=BTC/USD, bid=0.276804@37783.95, ask=1.11997@37846.2, ts=2023-11-24 17:16:07.301983+00:00)
[2023-11-24 11:16:07.281] [67466:10922094592] [DEBUG] [strategy_strat1_btc -> app] strategy processing quote: Quote (venue=Venue.ALPACA, symbol=BTC/USD, bid=0.276804@37783.95, ask=1.11267@37846.69, ts=2023-11-24 17:16:07.302833+00:00)
[2023-11-24 11:16:07.281] [67466:10922094592] [DEBUG] [strategy_strat1_btc -> app] strategy processing quote: Quote (venue=Venue.ALPACA, symbol=BTC/USD, bid=0.551526@37778.721, ask=1.11267@37846.69, ts=2023-11-24 17:16:07.303268+00:00)
[2023-11-24 11:16:07.281] [67466:10922094592] [DEBUG] [strategy_strat1_btc -> app] strategy processing quote: Quote (venue=Venue.ALPACA, symbol=BTC/USD, bid=0.275853@37761.11, ask=1.11267@37846.69, ts=2023-11-24 17:16:07.303525+00:00)
[2023-11-24 11:16:07.281] [67466:10922094592] [DEBUG] [strategy_strat1_btc -> app] strategy processing quote: Quote (venue=Venue.ALPACA, symbol=BTC/USD, bid=0.275853@37761.11, ask=0.551@37806.45, ts=2023-11-24 17:16:07.304259+00:00)
[2023-11-24 11:16:07.282] [67466:10922094592] [DEBUG] [strategy_strat1_btc -> app] strategy processing quote: Quote (venue=Venue.ALPACA, symbol=BTC/USD, bid=0.275853@37761.11, ask=0.276481@37797.3, ts=2023-11-24 17:16:07.304356+00:00)
[2023-11-24 11:16:17.497] [67466:10922094592] [DEBUG] [strategy_strat1_btc -> app] strategy processing quote: Quote (venue=Venue.ALPACA, symbol=BTC/USD, bid=0.5576@37748.517, ask=0.276481@37797.3, ts=2023-11-24 17:16:17.516286+00:00)
[2023-11-24 11:16:17.510] [67466:10922094592] [DEBUG] [strategy_strat1_btc -> app] strategy processing quote: Quote (venue=Venue.ALPACA, symbol=BTC/USD, bid=0.838598@37732.135, ask=0.276481@37797.3, ts=2023-11-24 17:16:17.516843+00:00)
[2023-11-24 11:16:17.511] [67466:10922094592] [DEBUG] [strategy_strat1_btc -> app] strategy processing quote: Quote (venue=Venue.ALPACA, symbol=BTC/USD, bid=0.838598@37732.135, ask=0.551@37806.45, ts=2023-11-24 17:16:17.516938+00:00)
[2023-11-24 11:16:17.511] [67466:10922094592] [DEBUG] [strategy_strat1_btc -> app] strategy processing quote: Quote (venue=Venue.ALPACA, symbol=BTC/USD, bid=0.27904@37768.946, ask=0.551@37806.45, ts=2023-11-24 17:16:17.517161+00:00)
[2023-11-24 11:16:17.515] [67466:10922094592] [DEBUG] [strategy_strat1_btc -> app] strategy processing quote: Quote (venue=Venue.ALPACA, symbol=BTC/USD, bid=0.550707@37770.9, ask=0.551@37806.45, ts=2023-11-24 17:16:17.517411+00:00)
[2023-11-24 11:16:17.536] [67466:10922094592] [DEBUG] [strategy_strat1_btc -> app] strategy processing quote: Quote (venue=Venue.ALPACA, symbol=BTC/USD, bid=0.550707@37770.9, ask=0.27888@37811.6, ts=2023-11-24 17:16:17.519130+00:00)
[2023-11-24 11:16:17.538] [67466:10922094592] [DEBUG] [strategy_strat1_btc -> app] strategy processing quote: Quote (venue=Venue.ALPACA, symbol=BTC/USD, bid=0.550707@37770.9, ask=0.55904@37810.139, ts=2023-11-24 17:16:17.519763+00:00)
[2023-11-24 11:16:27.826] [67466:10922094592] [DEBUG] [strategy_strat1_btc -> app] strategy processing quote: Quote (venue=Venue.ALPACA, symbol=BTC/USD, bid=0.5569@37790.5, ask=0.55904@37810.139, ts=2023-11-24 17:16:27.860396+00:00)
[2023-11-24 11:16:27.826] [67466:10922094592] [DEBUG] [strategy_strat1_btc -> app] strategy processing quote: Quote (venue=Venue.ALPACA, symbol=BTC/USD, bid=0.27862@37795.93, ask=0.55904@37810.139, ts=2023-11-24 17:16:27.860837+00:00)
[2023-11-24 11:16:27.833] [67466:10922094592] [DEBUG] [strategy_strat1_btc -> app] strategy processing quote: Quote (venue=Venue.ALPACA, symbol=BTC/USD, bid=0.27862@37795.93, ask=0.27927@37827.006, ts=2023-11-24 17:16:27.861668+00:00)
[2023-11-24 11:16:30.161] [67466:10922094592] [DEBUG] [strategy_strat1_btc -> app] strategy processing quote: Quote (venue=Venue.ALPACA, symbol=BTC/USD, bid=0.27862@37795.93, ask=0.5539@37829.34, ts=2023-11-24 17:16:30.197735+00:00)
[2023-11-24 11:16:30.170] [67466:10922094592] [DEBUG] [strategy_strat1_btc -> app] strategy processing quote: Quote (venue=Venue.ALPACA, symbol=BTC/USD, bid=0.279664@37800.89, ask=0.5539@37829.34, ts=2023-11-24 17:16:30.198427+00:00)
[2023-11-24 11:16:30.172] [67466:10922094592] [DEBUG] [strategy_strat1_btc -> app] strategy processing quote: Quote (venue=Venue.ALPACA, symbol=BTC/USD, bid=0.279664@37800.89, ask=0.552332@37835.78, ts=2023-11-24 17:16:30.198471+00:00)
[2023-11-24 11:16:37.845] [67466:10922094592] [DEBUG] [strategy_strat1_btc -> app] strategy processing quote: Quote (venue=Venue.ALPACA, symbol=BTC/USD, bid=0.55083@37791.24, ask=0.552332@37835.78, ts=2023-11-24 17:16:37.844850+00:00)
[2023-11-24 11:16:37.847] [67466:10922094592] [DEBUG] [strategy_strat1_btc -> app] strategy processing quote: Quote (venue=Venue.ALPACA, symbol=BTC/USD, bid=0.27636@37806.15, ask=0.552332@37835.78, ts=2023-11-24 17:16:37.845167+00:00)
[2023-11-24 11:16:37.853] [67466:10922094592] [DEBUG] [strategy_strat1_btc -> app] strategy processing quote: Quote (venue=Venue.ALPACA, symbol=BTC/USD, bid=0.27636@37806.15, ask=0.841635@37857.885, ts=2023-11-24 17:16:37.845619+00:00)
[2023-11-24 11:16:37.864] [67466:10922094592] [DEBUG] [strategy_strat1_btc -> app] strategy processing quote: Quote (venue=Venue.ALPACA, symbol=BTC/USD, bid=0.27636@37806.15, ask=0.27676@37858.243, ts=2023-11-24 17:16:37.845869+00:00)
[2023-11-24 11:17:04.220] [67466:10922094592] [DEBUG] [strategy_strat1_btc -> app] strategy processing quote: Quote (venue=Venue.ALPACA, symbol=BTC/USD, bid=0.5526@37800.6, ask=0.27676@37858.243, ts=2023-11-24 17:17:04.227993+00:00)
[2023-11-24 11:17:04.233] [67466:10922094592] [DEBUG] [strategy_strat1_btc -> app] strategy processing quote: Quote (venue=Venue.ALPACA, symbol=BTC/USD, bid=0.27656@37813.8, ask=0.27676@37858.243, ts=2023-11-24 17:17:04.228058+00:00)
[2023-11-24 11:17:04.233] [67466:10922094592] [DEBUG] [strategy_strat1_btc -> app] strategy processing quote: Quote (venue=Venue.ALPACA, symbol=BTC/USD, bid=0.27656@37813.8, ask=0.560099@37859.223, ts=2023-11-24 17:17:04.228063+00:00)
[2023-11-24 11:17:04.256] [67466:10922094592] [DEBUG] [strategy_strat1_btc -> app] strategy processing quote: Quote (venue=Venue.ALPACA, symbol=BTC/USD, bid=0.556702@37819.6, ask=0.560099@37859.223, ts=2023-11-24 17:17:04.229871+00:00)
[2023-11-24 11:17:20.700] [67466:10922094592] [DEBUG] [strategy_strat1_btc -> app] strategy processing quote: Quote (venue=Venue.ALPACA, symbol=BTC/USD, bid=0.27656@37813.8, ask=0.560099@37859.223, ts=2023-11-24 17:17:20.735821+00:00)
[2023-11-24 11:17:20.702] [67466:10922094592] [DEBUG] [strategy_strat1_btc -> app] strategy processing quote: Quote (venue=Venue.ALPACA, symbol=BTC/USD, bid=0.8413@37820.06, ask=0.560099@37859.223, ts=2023-11-24 17:17:20.735943+00:00)
[2023-11-24 11:17:20.710] [67466:10922094592] [DEBUG] [strategy_strat1_btc -> app] strategy processing quote: Quote (venue=Venue.ALPACA, symbol=BTC/USD, bid=0.27707@37828.265, ask=0.560099@37859.223, ts=2023-11-24 17:17:20.736259+00:00)
[2023-11-24 11:17:20.710] [67466:10922094592] [DEBUG] [strategy_strat1_btc -> app] strategy processing quote: Quote (venue=Venue.ALPACA, symbol=BTC/USD, bid=0.27707@37828.265, ask=0.82625@37869.7, ts=2023-11-24 17:17:20.736736+00:00)
[2023-11-24 11:17:20.752] [67466:10922094592] [DEBUG] [strategy_strat1_btc -> app] strategy processing quote: Quote (venue=Venue.ALPACA, symbol=BTC/USD, bid=0.5562@37837.05, ask=0.82625@37869.7, ts=2023-11-24 17:17:20.738005+00:00)
[2023-11-24 11:17:20.754] [67466:10922094592] [DEBUG] [strategy_strat1_btc -> app] strategy processing quote: Quote (venue=Venue.ALPACA, symbol=BTC/USD, bid=0.5562@37837.05, ask=0.27697@37869.954, ts=2023-11-24 17:17:20.738390+00:00)
[2023-11-24 11:17:31.301] [67466:10922094592] [DEBUG] [strategy_strat1_btc -> app] strategy processing quote: Quote (venue=Venue.ALPACA, symbol=BTC/USD, bid=0.27707@37828.265, ask=0.27697@37869.954, ts=2023-11-24 17:17:31.333951+00:00)
[2023-11-24 11:17:31.304] [67466:10922094592] [DEBUG] [strategy_strat1_btc -> app] strategy processing quote: Quote (venue=Venue.ALPACA, symbol=BTC/USD, bid=0.279515@37854.169, ask=0.27697@37869.954, ts=2023-11-24 17:17:31.334116+00:00)
[2023-11-24 11:17:31.306] [67466:10922094592] [DEBUG] [strategy_strat1_btc -> app] strategy processing quote: Quote (venue=Venue.ALPACA, symbol=BTC/USD, bid=0.279515@37854.169, ask=0.5582@37878.6, ts=2023-11-24 17:17:31.334131+00:00)
[2023-11-24 11:17:31.325] [67466:10922094592] [DEBUG] [strategy_strat1_btc -> app] strategy processing quote: Quote (venue=Venue.ALPACA, symbol=BTC/USD, bid=0.279515@37854.169, ask=0.27998@37881.23, ts=2023-11-24 17:17:31.334309+00:00)
[2023-11-24 11:18:10.119] [67466:10922094592] [DEBUG] [strategy_strat1_btc -> app] strategy processing quote: Quote (venue=Venue.ALPACA, symbol=BTC/USD, bid=0.550831@37851.3, ask=0.27998@37881.23, ts=2023-11-24 17:18:10.132320+00:00)
[2023-11-24 11:18:10.124] [67466:10922094592] [DEBUG] [strategy_strat1_btc -> app] strategy processing quote: Quote (venue=Venue.ALPACA, symbol=BTC/USD, bid=0.550831@37851.3, ask=0.556816@37876.36, ts=2023-11-24 17:18:10.133623+00:00)
[2023-11-24 11:18:10.143] [67466:10922094592] [DEBUG] [strategy_strat1_btc -> app] strategy processing quote: Quote (venue=Venue.ALPACA, symbol=BTC/USD, bid=0.27727@37829.524, ask=0.556816@37876.36, ts=2023-11-24 17:18:10.134230+00:00)
[2023-11-24 11:18:14.215] [67466:10922094592] [DEBUG] [strategy_strat1_btc -> app] strategy processing quote: Quote (venue=Venue.ALPACA, symbol=BTC/USD, bid=0.828246@37839.3, ask=0.556816@37876.36, ts=2023-11-24 17:18:14.194502+00:00)
[2023-11-24 11:18:14.216] [67466:10922094592] [DEBUG] [strategy_strat1_btc -> app] strategy processing quote: Quote (venue=Venue.ALPACA, symbol=BTC/USD, bid=0.828246@37839.3, ask=0.82592@37880.9, ts=2023-11-24 17:18:14.194929+00:00)
[2023-11-24 11:18:14.217] [67466:10922094592] [DEBUG] [strategy_strat1_btc -> app] strategy processing quote: Quote (venue=Venue.ALPACA, symbol=BTC/USD, bid=0.828246@37839.3, ask=0.55441@37880.07, ts=2023-11-24 17:18:14.195023+00:00)
[2023-11-24 11:18:55.174] [67466:10922094592] [DEBUG] [strategy_strat1_btc -> app] strategy processing quote: Quote (venue=Venue.ALPACA, symbol=BTC/USD, bid=0.555955@37837.4, ask=0.55441@37880.07, ts=2023-11-24 17:18:55.112697+00:00)
[2023-11-24 11:18:55.174] [67466:10922094592] [DEBUG] [strategy_strat1_btc -> app] strategy processing quote: Quote (venue=Venue.ALPACA, symbol=BTC/USD, bid=0.2798@37851.957, ask=0.55441@37880.07, ts=2023-11-24 17:18:55.112716+00:00)
[2023-11-24 11:18:55.175] [67466:10922094592] [DEBUG] [strategy_strat1_btc -> app] strategy processing quote: Quote (venue=Venue.ALPACA, symbol=BTC/USD, bid=0.2798@37851.957, ask=0.2755@37884.945, ts=2023-11-24 17:18:55.112832+00:00)
[2023-11-24 11:18:55.175] [67466:10922094592] [DEBUG] [strategy_strat1_btc -> app] strategy processing quote: Quote (venue=Venue.ALPACA, symbol=BTC/USD, bid=0.554717@37861.2, ask=0.2755@37884.945, ts=2023-11-24 17:18:55.114658+00:00)
[2023-11-24 11:18:55.175] [67466:10922094592] [DEBUG] [strategy_strat1_btc -> app] strategy processing quote: Quote (venue=Venue.ALPACA, symbol=BTC/USD, bid=0.554717@37861.2, ask=0.27542@37895.44, ts=2023-11-24 17:18:55.114957+00:00)
[2023-11-24 11:19:30.538] [67466:10922094592] [DEBUG] [strategy_strat1_btc -> app] strategy processing quote: Quote (venue=Venue.ALPACA, symbol=BTC/USD, bid=0.2798@37851.957, ask=0.27542@37895.44, ts=2023-11-24 17:19:30.566506+00:00)
[2023-11-24 11:19:30.548] [67466:10922094592] [DEBUG] [strategy_strat1_btc -> app] strategy processing quote: Quote (venue=Venue.ALPACA, symbol=BTC/USD, bid=0.2798@37851.957, ask=0.557@37896.3, ts=2023-11-24 17:19:30.566847+00:00)
[2023-11-24 11:19:30.557] [67466:10922094592] [DEBUG] [strategy_strat1_btc -> app] strategy processing quote: Quote (venue=Venue.ALPACA, symbol=BTC/USD, bid=0.2798@37851.957, ask=0.27578@37884.253, ts=2023-11-24 17:19:30.567208+00:00)
[2023-11-24 11:19:30.580] [67466:10922094592] [DEBUG] [strategy_strat1_btc -> app] strategy processing quote: Quote (venue=Venue.ALPACA, symbol=BTC/USD, bid=0.56033@37847.3, ask=0.27578@37884.253, ts=2023-11-24 17:19:30.568082+00:00)
[2023-11-24 11:20:39.091] [67466:10922094592] [DEBUG] [strategy_strat1_btc -> app] strategy processing quote: Quote (venue=Venue.ALPACA, symbol=BTC/USD, bid=0.27577@37843.05, ask=0.27578@37884.253, ts=2023-11-24 17:20:39.064971+00:00)
[2023-11-24 11:20:39.092] [67466:10922094592] [DEBUG] [strategy_strat1_btc -> app] strategy processing quote: Quote (venue=Venue.ALPACA, symbol=BTC/USD, bid=0.277585@37844.77, ask=0.27578@37884.253, ts=2023-11-24 17:20:39.065117+00:00)
[2023-11-24 11:20:39.092] [67466:10922094592] [DEBUG] [strategy_strat1_btc -> app] strategy processing quote: Quote (venue=Venue.ALPACA, symbol=BTC/USD, bid=0.277585@37844.77, ask=0.55624@37871.0, ts=2023-11-24 17:20:39.065337+00:00)
[2023-11-24 11:20:41.263] [67466:10922094592] [DEBUG] [strategy_strat1_btc -> app] strategy processing quote: Quote (venue=Venue.ALPACA, symbol=BTC/USD, bid=0.8268@37818.8, ask=0.55624@37871.0, ts=2023-11-24 17:20:41.198809+00:00)
[2023-11-24 11:20:41.264] [67466:10922094592] [DEBUG] [strategy_strat1_btc -> app] strategy processing quote: Quote (venue=Venue.ALPACA, symbol=BTC/USD, bid=0.8268@37818.8, ask=0.27906@37865.373, ts=2023-11-24 17:20:41.199366+00:00)
[2023-11-24 11:20:41.264] [67466:10922094592] [DEBUG] [strategy_strat1_btc -> app] strategy processing quote: Quote (venue=Venue.ALPACA, symbol=BTC/USD, bid=0.5573@37818.7, ask=0.27906@37865.373, ts=2023-11-24 17:20:41.199492+00:00)
[2023-11-24 11:20:41.264] [67466:10922094592] [DEBUG] [strategy_strat1_btc -> app] strategy processing quote: Quote (venue=Venue.ALPACA, symbol=BTC/USD, bid=0.2785@37831.0, ask=0.27906@37865.373, ts=2023-11-24 17:20:41.199593+00:00)
[2023-11-24 11:20:56.534] [67466:10922094592] [DEBUG] [strategy_strat1_btc -> app] strategy processing quote: Quote (venue=Venue.ALPACA, symbol=BTC/USD, bid=0.2785@37831.0, ask=0.557334@37857.223, ts=2023-11-24 17:20:56.553690+00:00)
[2023-11-24 11:20:56.542] [67466:10922094592] [DEBUG] [strategy_strat1_btc -> app] strategy processing quote: Quote (venue=Venue.ALPACA, symbol=BTC/USD, bid=0.5573@37818.7, ask=0.557334@37857.223, ts=2023-11-24 17:20:56.553761+00:00)
[2023-11-24 11:20:56.559] [67466:10922094592] [DEBUG] [strategy_strat1_btc -> app] strategy processing quote: Quote (venue=Venue.ALPACA, symbol=BTC/USD, bid=0.832555@37806.9, ask=0.557334@37857.223, ts=2023-11-24 17:20:56.554180+00:00)
[2023-11-24 11:20:56.617] [67466:10922094592] [DEBUG] [strategy_strat1_btc -> app] strategy processing quote: Quote (venue=Venue.ALPACA, symbol=BTC/USD, bid=0.2798@37802.7, ask=0.557334@37857.223, ts=2023-11-24 17:20:56.556234+00:00)
[2023-11-24 11:20:56.626] [67466:10922094592] [DEBUG] [strategy_strat1_btc -> app] strategy processing quote: Quote (venue=Venue.ALPACA, symbol=BTC/USD, bid=0.2798@37802.7, ask=0.276@37854.47, ts=2023-11-24 17:20:56.556625+00:00)
[2023-11-24 11:21:05.255] [67466:10922094592] [DEBUG] [strategy_strat1_btc -> app] strategy processing quote: Quote (venue=Venue.ALPACA, symbol=BTC/USD, bid=0.55517@37823.4, ask=0.276@37854.47, ts=2023-11-24 17:21:05.297853+00:00)
[2023-11-24 11:21:05.263] [67466:10922094592] [DEBUG] [strategy_strat1_btc -> app] strategy processing quote: Quote (venue=Venue.ALPACA, symbol=BTC/USD, bid=0.55517@37823.4, ask=0.557334@37857.223, ts=2023-11-24 17:21:05.298655+00:00)
[2023-11-24 11:21:05.266] [67466:10922094592] [DEBUG] [strategy_strat1_btc -> app] strategy processing quote: Quote (venue=Venue.ALPACA, symbol=BTC/USD, bid=0.55517@37823.4, ask=0.280379@37864.6, ts=2023-11-24 17:21:05.299299+00:00)
[2023-11-24 11:21:09.288] [67466:10922094592] [DEBUG] [strategy_strat1_btc -> app] strategy processing quote: Quote (venue=Venue.ALPACA, symbol=BTC/USD, bid=0.27983@37841.51, ask=0.280379@37864.6, ts=2023-11-24 17:21:09.326830+00:00)
[2023-11-24 11:21:09.290] [67466:10922094592] [DEBUG] [strategy_strat1_btc -> app] strategy processing quote: Quote (venue=Venue.ALPACA, symbol=BTC/USD, bid=0.27983@37841.51, ask=0.55285@37878.1, ts=2023-11-24 17:21:09.327434+00:00)
[2023-11-24 11:21:09.291] [67466:10922094592] [DEBUG] [strategy_strat1_btc -> app] strategy processing quote: Quote (venue=Venue.ALPACA, symbol=BTC/USD, bid=0.27983@37841.51, ask=0.27913@37869.13, ts=2023-11-24 17:21:09.327827+00:00)
[2023-11-24 11:21:31.834] [67466:10922094592] [DEBUG] [strategy_strat1_btc -> app] strategy processing quote: Quote (venue=Venue.ALPACA, symbol=BTC/USD, bid=0.27983@37841.51, ask=0.277559@37865.56, ts=2023-11-24 17:21:31.858645+00:00)
[2023-11-24 11:21:31.835] [67466:10922094592] [DEBUG] [strategy_strat1_btc -> app] strategy processing quote: Quote (venue=Venue.ALPACA, symbol=BTC/USD, bid=0.27983@37841.51, ask=0.557764@37862.03, ts=2023-11-24 17:21:31.859727+00:00)
[2023-11-24 11:21:31.841] [67466:10922094592] [DEBUG] [strategy_strat1_btc -> app] strategy processing quote: Quote (venue=Venue.ALPACA, symbol=BTC/USD, bid=0.27841@37818.08, ask=0.557764@37862.03, ts=2023-11-24 17:21:31.859849+00:00)
[2023-11-24 11:22:11.233] [67466:10922094592] [DEBUG] [strategy_strat1_btc -> app] strategy processing quote: Quote (venue=Venue.ALPACA, symbol=BTC/USD, bid=0.27841@37818.08, ask=0.277559@37865.56, ts=2023-11-24 17:22:11.237904+00:00)
[2023-11-24 11:22:11.234] [67466:10922094592] [DEBUG] [strategy_strat1_btc -> app] strategy processing quote: Quote (venue=Venue.ALPACA, symbol=BTC/USD, bid=0.555285@37826.015, ask=0.277559@37865.56, ts=2023-11-24 17:22:11.237932+00:00)
[2023-11-24 11:22:11.234] [67466:10922094592] [DEBUG] [strategy_strat1_btc -> app] strategy processing quote: Quote (venue=Venue.ALPACA, symbol=BTC/USD, bid=0.555285@37826.015, ask=0.840824@37887.62, ts=2023-11-24 17:22:11.237954+00:00)
[2023-11-24 11:22:11.235] [67466:10922094592] [DEBUG] [strategy_strat1_btc -> app] strategy processing quote: Quote (venue=Venue.ALPACA, symbol=BTC/USD, bid=0.2768@37827.672, ask=0.840824@37887.62, ts=2023-11-24 17:22:11.238511+00:00)
[2023-11-24 11:22:11.235] [67466:10922094592] [DEBUG] [strategy_strat1_btc -> app] strategy processing quote: Quote (venue=Venue.ALPACA, symbol=BTC/USD, bid=0.2768@37827.672, ask=0.279117@37881.83, ts=2023-11-24 17:22:11.241585+00:00)
[2023-11-24 11:22:14.243] [67466:10922094592] [DEBUG] [strategy_strat1_btc -> app] strategy processing quote: Quote (venue=Venue.ALPACA, symbol=BTC/USD, bid=0.835294@37836.0, ask=0.279117@37881.83, ts=2023-11-24 17:22:14.284790+00:00)
[2023-11-24 11:22:14.249] [67466:10922094592] [DEBUG] [strategy_strat1_btc -> app] strategy processing quote: Quote (venue=Venue.ALPACA, symbol=BTC/USD, bid=0.27541@37847.5, ask=0.279117@37881.83, ts=2023-11-24 17:22:14.285637+00:00)
[2023-11-24 11:22:14.256] [67466:10922094592] [DEBUG] [strategy_strat1_btc -> app] strategy processing quote: Quote (venue=Venue.ALPACA, symbol=BTC/USD, bid=0.27541@37847.5, ask=0.27673@37888.574, ts=2023-11-24 17:22:14.286186+00:00)
[2023-11-24 11:22:14.262] [67466:10922094592] [DEBUG] [strategy_strat1_btc -> app] strategy processing quote: Quote (venue=Venue.ALPACA, symbol=BTC/USD, bid=0.5557@37849.22, ask=0.27673@37888.574, ts=2023-11-24 17:22:14.287293+00:00)
[2023-11-24 11:22:27.141] [67466:10922094592] [DEBUG] [strategy_strat1_btc -> app] strategy processing quote: Quote (venue=Venue.ALPACA, symbol=BTC/USD, bid=0.27541@37847.5, ask=0.27673@37888.574, ts=2023-11-24 17:22:27.153861+00:00)
[2023-11-24 11:22:27.142] [67466:10922094592] [DEBUG] [strategy_strat1_btc -> app] strategy processing quote: Quote (venue=Venue.ALPACA, symbol=BTC/USD, bid=0.27929@37865.23, ask=0.27673@37888.574, ts=2023-11-24 17:22:27.153868+00:00)
[2023-11-24 11:22:27.142] [67466:10922094592] [DEBUG] [strategy_strat1_btc -> app] strategy processing quote: Quote (venue=Venue.ALPACA, symbol=BTC/USD, bid=0.27929@37865.23, ask=0.8397@37897.036, ts=2023-11-24 17:22:27.153871+00:00)
[2023-11-24 11:22:27.143] [67466:10922094592] [DEBUG] [strategy_strat1_btc -> app] strategy processing quote: Quote (venue=Venue.ALPACA, symbol=BTC/USD, bid=0.27929@37865.23, ask=0.27805@37891.0, ts=2023-11-24 17:22:27.153877+00:00)
[2023-11-24 11:22:45.486] [67466:10922094592] [DEBUG] [strategy_strat1_btc -> app] strategy processing quote: Quote (venue=Venue.ALPACA, symbol=BTC/USD, bid=0.27929@37865.23, ask=0.8336@37905.723, ts=2023-11-24 17:22:45.524682+00:00)
[2023-11-24 11:22:45.487] [67466:10922094592] [DEBUG] [strategy_strat1_btc -> app] strategy processing quote: Quote (venue=Venue.ALPACA, symbol=BTC/USD, bid=0.27566@37871.1, ask=0.8336@37905.723, ts=2023-11-24 17:22:45.524786+00:00)
[2023-11-24 11:22:45.493] [67466:10922094592] [DEBUG] [strategy_strat1_btc -> app] strategy processing quote: Quote (venue=Venue.ALPACA, symbol=BTC/USD, bid=0.27566@37871.1, ask=0.280367@37912.2, ts=2023-11-24 17:22:45.526049+00:00)
[2023-11-24 11:23:45.418] [67466:10922094592] [DEBUG] [strategy_strat1_btc -> app] strategy processing quote: Quote (venue=Venue.ALPACA, symbol=BTC/USD, bid=0.558505@37858.926, ask=0.280367@37912.2, ts=2023-11-24 17:23:45.459287+00:00)
[2023-11-24 11:23:45.419] [67466:10922094592] [DEBUG] [strategy_strat1_btc -> app] strategy processing quote: Quote (venue=Venue.ALPACA, symbol=BTC/USD, bid=0.2752@37867.753, ask=0.280367@37912.2, ts=2023-11-24 17:23:45.459367+00:00)
[2023-11-24 11:23:45.419] [67466:10922094592] [DEBUG] [strategy_strat1_btc -> app] strategy processing quote: Quote (venue=Venue.ALPACA, symbol=BTC/USD, bid=0.2752@37867.753, ask=0.5566@37913.676, ts=2023-11-24 17:23:45.459619+00:00)
[2023-11-24 11:23:45.422] [67466:10922094592] [DEBUG] [strategy_strat1_btc -> app] strategy processing quote: Quote (venue=Venue.ALPACA, symbol=BTC/USD, bid=0.2752@37867.753, ask=0.2788@37890.8, ts=2023-11-24 17:23:45.459816+00:00)
[2023-11-24 11:23:51.649] [67466:10922094592] [DEBUG] [strategy_strat1_btc -> app] strategy processing quote: Quote (venue=Venue.ALPACA, symbol=BTC/USD, bid=0.2752@37867.753, ask=0.5596@37895.7, ts=2023-11-24 17:23:51.693450+00:00)
[2023-11-24 11:23:51.654] [67466:10922094592] [DEBUG] [strategy_strat1_btc -> app] strategy processing quote: Quote (venue=Venue.ALPACA, symbol=BTC/USD, bid=0.2752@37867.753, ask=1.1042@37944.663, ts=2023-11-24 17:23:51.694002+00:00)
[2023-11-24 11:23:51.655] [67466:10922094592] [DEBUG] [strategy_strat1_btc -> app] strategy processing quote: Quote (venue=Venue.ALPACA, symbol=BTC/USD, bid=0.558799@37864.09, ask=1.1042@37944.663, ts=2023-11-24 17:23:51.694240+00:00)
[2023-11-24 11:23:51.656] [67466:10922094592] [DEBUG] [strategy_strat1_btc -> app] strategy processing quote: Quote (venue=Venue.ALPACA, symbol=BTC/USD, bid=0.559292@37856.481, ask=1.1042@37944.663, ts=2023-11-24 17:23:51.694334+00:00)
[2023-11-24 11:23:51.657] [67466:10922094592] [DEBUG] [strategy_strat1_btc -> app] strategy processing quote: Quote (venue=Venue.ALPACA, symbol=BTC/USD, bid=0.559292@37856.481, ask=0.2804@37909.8, ts=2023-11-24 17:23:51.694723+00:00)
[2023-11-24 11:23:51.659] [67466:10922094592] [DEBUG] [strategy_strat1_btc -> app] strategy processing quote: Quote (venue=Venue.ALPACA, symbol=BTC/USD, bid=0.279772@37874.719, ask=0.2804@37909.8, ts=2023-11-24 17:23:51.694852+00:00)
[2023-11-24 11:23:59.363] [67466:10922094592] [DEBUG] [strategy_strat1_btc -> app] strategy processing quote: Quote (venue=Venue.ALPACA, symbol=BTC/USD, bid=0.559292@37856.481, ask=0.2804@37909.8, ts=2023-11-24 17:23:59.406268+00:00)
[2023-11-24 11:23:59.366] [67466:10922094592] [DEBUG] [strategy_strat1_btc -> app] strategy processing quote: Quote (venue=Venue.ALPACA, symbol=BTC/USD, bid=0.2775@37870.6, ask=0.2804@37909.8, ts=2023-11-24 17:23:59.406366+00:00)
[2023-11-24 11:23:59.369] [67466:10922094592] [DEBUG] [strategy_strat1_btc -> app] strategy processing quote: Quote (venue=Venue.ALPACA, symbol=BTC/USD, bid=0.2775@37870.6, ask=0.55308@37912.668, ts=2023-11-24 17:23:59.406662+00:00)
[2023-11-24 11:23:59.372] [67466:10922094592] [DEBUG] [strategy_strat1_btc -> app] strategy processing quote: Quote (venue=Venue.ALPACA, symbol=BTC/USD, bid=0.2775@37870.6, ask=0.27856@37906.4, ts=2023-11-24 17:23:59.406933+00:00)
[2023-11-24 11:24:01.947] [67466:10922094592] [DEBUG] [strategy_strat1_btc -> app] strategy processing quote: Quote (venue=Venue.ALPACA, symbol=BTC/USD, bid=0.2775@37870.6, ask=0.5511@37905.64, ts=2023-11-24 17:24:01.972079+00:00)
[2023-11-24 11:24:01.948] [67466:10922094592] [DEBUG] [strategy_strat1_btc -> app] strategy processing quote: Quote (venue=Venue.ALPACA, symbol=BTC/USD, bid=0.55084@37866.256, ask=0.5511@37905.64, ts=2023-11-24 17:24:01.973114+00:00)
[2023-11-24 11:24:01.948] [67466:10922094592] [DEBUG] [strategy_strat1_btc -> app] strategy processing quote: Quote (venue=Venue.ALPACA, symbol=BTC/USD, bid=0.278232@37869.801, ask=0.5511@37905.64, ts=2023-11-24 17:24:01.973254+00:00)
[2023-11-24 11:24:27.148] [67466:10922094592] [DEBUG] [strategy_strat1_btc -> app] strategy processing quote: Quote (venue=Venue.ALPACA, symbol=BTC/USD, bid=1.3825@37774.7, ask=0.5511@37905.64, ts=2023-11-24 17:24:27.190463+00:00)
[2023-11-24 11:24:27.150] [67466:10922094592] [DEBUG] [strategy_strat1_btc -> app] strategy processing quote: Quote (venue=Venue.ALPACA, symbol=BTC/USD, bid=0.275865@37857.6, ask=0.5511@37905.64, ts=2023-11-24 17:24:27.190474+00:00)
[2023-11-24 11:24:27.150] [67466:10922094592] [DEBUG] [strategy_strat1_btc -> app] strategy processing quote: Quote (venue=Venue.ALPACA, symbol=BTC/USD, bid=0.275865@37857.6, ask=0.2761@37918.04, ts=2023-11-24 17:24:27.190490+00:00)
[2023-11-24 11:24:27.150] [67466:10922094592] [DEBUG] [strategy_strat1_btc -> app] strategy processing quote: Quote (venue=Venue.ALPACA, symbol=BTC/USD, bid=0.275865@37857.6, ask=0.278724@37890.4, ts=2023-11-24 17:24:27.190663+00:00)
[2023-11-24 11:24:27.168] [67466:10922094592] [DEBUG] [strategy_strat1_btc -> app] strategy processing quote: Quote (venue=Venue.ALPACA, symbol=BTC/USD, bid=0.550977@37860.11, ask=0.278724@37890.4, ts=2023-11-24 17:24:27.192827+00:00)
[2023-11-24 11:24:54.494] [67466:10922094592] [DEBUG] [strategy_strat1_btc -> app] strategy processing quote: Quote (venue=Venue.ALPACA, symbol=BTC/USD, bid=0.550977@37860.11, ask=0.56003@37908.35, ts=2023-11-24 17:24:54.527177+00:00)
[2023-11-24 11:24:54.495] [67466:10922094592] [DEBUG] [strategy_strat1_btc -> app] strategy processing quote: Quote (venue=Venue.ALPACA, symbol=BTC/USD, bid=0.275865@37857.6, ask=0.56003@37908.35, ts=2023-11-24 17:24:54.527189+00:00)
[2023-11-24 11:24:54.496] [67466:10922094592] [DEBUG] [strategy_strat1_btc -> app] strategy processing quote: Quote (venue=Venue.ALPACA, symbol=BTC/USD, bid=0.2777@37868.68, ask=0.56003@37908.35, ts=2023-11-24 17:24:54.527714+00:00)
[2023-11-24 11:24:54.497] [67466:10922094592] [DEBUG] [strategy_strat1_btc -> app] strategy processing quote: Quote (venue=Venue.ALPACA, symbol=BTC/USD, bid=0.2777@37868.68, ask=0.276947@37904.95, ts=2023-11-24 17:24:54.528203+00:00)
[2023-11-24 11:24:54.497] [67466:10922094592] [DEBUG] [strategy_strat1_btc -> app] strategy processing quote: Quote (venue=Venue.ALPACA, symbol=BTC/USD, bid=0.55532@37874.1, ask=0.276947@37904.95, ts=2023-11-24 17:24:54.528396+00:00)
[2023-11-24 11:25:17.719] [67466:10922094592] [DEBUG] [strategy_strat1_btc -> app] strategy processing quote: Quote (venue=Venue.ALPACA, symbol=BTC/USD, bid=0.2777@37868.68, ask=0.276947@37904.95, ts=2023-11-24 17:25:17.762645+00:00)
[2023-11-24 11:25:17.720] [67466:10922094592] [DEBUG] [strategy_strat1_btc -> app] strategy processing quote: Quote (venue=Venue.ALPACA, symbol=BTC/USD, bid=0.2777@37868.68, ask=0.56003@37908.35, ts=2023-11-24 17:25:17.762973+00:00)
[2023-11-24 11:25:17.724] [67466:10922094592] [DEBUG] [strategy_strat1_btc -> app] strategy processing quote: Quote (venue=Venue.ALPACA, symbol=BTC/USD, bid=0.8401@37855.52, ask=0.56003@37908.35, ts=2023-11-24 17:25:17.763567+00:00)
[2023-11-24 11:25:17.726] [67466:10922094592] [DEBUG] [strategy_strat1_btc -> app] strategy processing quote: Quote (venue=Venue.ALPACA, symbol=BTC/USD, bid=0.55959@37873.77, ask=0.56003@37908.35, ts=2023-11-24 17:25:17.763672+00:00)
[2023-11-24 11:25:17.737] [67466:10922094592] [DEBUG] [strategy_strat1_btc -> app] strategy processing quote: Quote (venue=Venue.ALPACA, symbol=BTC/USD, bid=0.55959@37873.77, ask=0.278417@37910.2, ts=2023-11-24 17:25:17.764022+00:00)
[2023-11-24 11:25:17.738] [67466:10922094592] [DEBUG] [strategy_strat1_btc -> app] strategy processing quote: Quote (venue=Venue.ALPACA, symbol=BTC/USD, bid=0.2787@37888.3, ask=0.278417@37910.2, ts=2023-11-24 17:25:17.764111+00:00)
[2023-11-24 11:25:43.932] [67466:10922094592] [DEBUG] [strategy_strat1_btc -> app] strategy processing quote: Quote (venue=Venue.ALPACA, symbol=BTC/USD, bid=0.5584@37890.6, ask=0.278417@37910.2, ts=2023-11-24 17:25:43.975881+00:00)
[2023-11-24 11:25:43.933] [67466:10922094592] [DEBUG] [strategy_strat1_btc -> app] strategy processing quote: Quote (venue=Venue.ALPACA, symbol=BTC/USD, bid=0.5584@37890.6, ask=0.5538@37922.8, ts=2023-11-24 17:25:43.975885+00:00)
[2023-11-24 11:25:43.938] [67466:10922094592] [DEBUG] [strategy_strat1_btc -> app] strategy processing quote: Quote (venue=Venue.ALPACA, symbol=BTC/USD, bid=0.275514@37897.6, ask=0.5538@37922.8, ts=2023-11-24 17:25:43.976255+00:00)
[2023-11-24 11:25:43.939] [67466:10922094592] [DEBUG] [strategy_strat1_btc -> app] strategy processing quote: Quote (venue=Venue.ALPACA, symbol=BTC/USD, bid=0.275514@37897.6, ask=0.5582@37947.4, ts=2023-11-24 17:25:43.976396+00:00)
[2023-11-24 11:25:43.941] [67466:10922094592] [DEBUG] [strategy_strat1_btc -> app] strategy processing quote: Quote (venue=Venue.ALPACA, symbol=BTC/USD, bid=0.275514@37897.6, ask=0.2804@37936.9, ts=2023-11-24 17:25:43.976584+00:00)
[2023-11-24 11:26:27.460] [67466:10922094592] [DEBUG] [strategy_strat1_btc -> app] strategy processing quote: Quote (venue=Venue.ALPACA, symbol=BTC/USD, bid=0.5584@37890.6, ask=0.2804@37936.9, ts=2023-11-24 17:26:27.505534+00:00)
[2023-11-24 11:26:27.462] [67466:10922094592] [DEBUG] [strategy_strat1_btc -> app] strategy processing quote: Quote (venue=Venue.ALPACA, symbol=BTC/USD, bid=0.560431@37892.3, ask=0.2804@37936.9, ts=2023-11-24 17:26:27.505568+00:00)
[2023-11-24 11:26:27.471] [67466:10922094592] [DEBUG] [strategy_strat1_btc -> app] strategy processing quote: Quote (venue=Venue.ALPACA, symbol=BTC/USD, bid=0.276@37905.456, ask=0.2804@37936.9, ts=2023-11-24 17:26:27.506115+00:00)
[2023-11-24 11:26:27.471] [67466:10922094592] [DEBUG] [strategy_strat1_btc -> app] strategy processing quote: Quote (venue=Venue.ALPACA, symbol=BTC/USD, bid=0.276@37905.456, ask=0.557016@37939.7, ts=2023-11-24 17:26:27.506624+00:00)
[2023-11-24 11:26:27.483] [67466:10922094592] [DEBUG] [strategy_strat1_btc -> app] strategy processing quote: Quote (venue=Venue.ALPACA, symbol=BTC/USD, bid=0.276@37905.456, ask=0.278766@37934.777, ts=2023-11-24 17:26:27.507287+00:00)
[2023-11-24 11:26:29.832] [67466:10922094592] [DEBUG] [strategy_strat1_btc -> app] strategy processing quote: Quote (venue=Venue.ALPACA, symbol=BTC/USD, bid=0.82937@37908.12, ask=0.278766@37934.777, ts=2023-11-24 17:26:29.875952+00:00)
[2023-11-24 11:26:29.835] [67466:10922094592] [DEBUG] [strategy_strat1_btc -> app] strategy processing quote: Quote (venue=Venue.ALPACA, symbol=BTC/USD, bid=0.55554@37922.1, ask=0.278766@37934.777, ts=2023-11-24 17:26:29.876031+00:00)
[2023-11-24 11:26:29.844] [67466:10922094592] [DEBUG] [strategy_strat1_btc -> app] strategy processing quote: Quote (venue=Venue.ALPACA, symbol=BTC/USD, bid=0.55554@37922.1, ask=0.276@37957.25, ts=2023-11-24 17:26:29.877084+00:00)
[2023-11-24 11:26:29.852] [67466:10922094592] [DEBUG] [strategy_strat1_btc -> app] strategy processing quote: Quote (venue=Venue.ALPACA, symbol=BTC/USD, bid=0.276@37927.924, ask=0.276@37957.25, ts=2023-11-24 17:26:29.877850+00:00)
[2023-11-24 11:26:34.444] [67466:10922094592] [DEBUG] [strategy_strat1_btc -> app] strategy processing quote: Quote (venue=Venue.ALPACA, symbol=BTC/USD, bid=0.55554@37922.1, ask=0.276@37957.25, ts=2023-11-24 17:26:34.474531+00:00)
[2023-11-24 11:26:34.444] [67466:10922094592] [DEBUG] [strategy_strat1_btc -> app] strategy processing quote: Quote (venue=Venue.ALPACA, symbol=BTC/USD, bid=0.277766@37938.4, ask=0.276@37957.25, ts=2023-11-24 17:26:34.474562+00:00)
[2023-11-24 11:26:34.445] [67466:10922094592] [DEBUG] [strategy_strat1_btc -> app] strategy processing quote: Quote (venue=Venue.ALPACA, symbol=BTC/USD, bid=0.277766@37938.4, ask=0.27989@37960.1, ts=2023-11-24 17:26:34.474582+00:00)
[2023-11-24 11:26:58.887] [67466:10922094592] [DEBUG] [strategy_strat1_btc -> app] strategy processing quote: Quote (venue=Venue.ALPACA, symbol=BTC/USD, bid=0.277766@37938.4, ask=0.5566@37949.16, ts=2023-11-24 17:26:58.916507+00:00)
[2023-11-24 11:26:58.889] [67466:10922094592] [DEBUG] [strategy_strat1_btc -> app] strategy processing quote: Quote (venue=Venue.ALPACA, symbol=BTC/USD, bid=0.555@37933.77, ask=0.5566@37949.16, ts=2023-11-24 17:26:58.917417+00:00)
[2023-11-24 11:26:58.889] [67466:10922094592] [DEBUG] [strategy_strat1_btc -> app] strategy processing quote: Quote (venue=Venue.ALPACA, symbol=BTC/USD, bid=0.82765@37908.361, ask=0.5566@37949.16, ts=2023-11-24 17:26:58.918007+00:00)
[2023-11-24 11:26:58.890] [67466:10922094592] [DEBUG] [strategy_strat1_btc -> app] strategy processing quote: Quote (venue=Venue.ALPACA, symbol=BTC/USD, bid=0.275827@37917.21, ask=0.5566@37949.16, ts=2023-11-24 17:26:58.918202+00:00)
[2023-11-24 11:26:59.938] [67466:10922094592] [DEBUG] [strategy_strat1_btc -> app] strategy processing quote: Quote (venue=Venue.ALPACA, symbol=BTC/USD, bid=0.5541@37904.49, ask=0.5566@37949.16, ts=2023-11-24 17:26:59.983212+00:00)
[2023-11-24 11:26:59.950] [67466:10922094592] [DEBUG] [strategy_strat1_btc -> app] strategy processing quote: Quote (venue=Venue.ALPACA, symbol=BTC/USD, bid=0.5541@37904.49, ask=0.8344@37974.5, ts=2023-11-24 17:26:59.984345+00:00)
[2023-11-24 11:26:59.957] [67466:10922094592] [DEBUG] [strategy_strat1_btc -> app] strategy processing quote: Quote (venue=Venue.ALPACA, symbol=BTC/USD, bid=0.5541@37904.49, ask=0.27662@37926.4, ts=2023-11-24 17:26:59.984476+00:00)
[2023-11-24 11:26:59.961] [67466:10922094592] [DEBUG] [strategy_strat1_btc -> app] strategy processing quote: Quote (venue=Venue.ALPACA, symbol=BTC/USD, bid=0.277@37892.84, ask=0.27662@37926.4, ts=2023-11-24 17:26:59.984842+00:00)
[2023-11-24 11:26:59.962] [67466:10922094592] [DEBUG] [strategy_strat1_btc -> app] strategy processing quote: Quote (venue=Venue.ALPACA, symbol=BTC/USD, bid=0.5551@37895.19, ask=0.27662@37926.4, ts=2023-11-24 17:26:59.985088+00:00)
[2023-11-24 11:27:29.244] [67466:10922094592] [DEBUG] [strategy_strat1_btc -> app] strategy processing quote: Quote (venue=Venue.ALPACA, symbol=BTC/USD, bid=0.5551@37895.19, ask=0.55767@37937.88, ts=2023-11-24 17:27:29.291709+00:00)
[2023-11-24 11:27:29.249] [67466:10922094592] [DEBUG] [strategy_strat1_btc -> app] strategy processing quote: Quote (venue=Venue.ALPACA, symbol=BTC/USD, bid=0.8364@37869.99, ask=0.55767@37937.88, ts=2023-11-24 17:27:29.292782+00:00)
[2023-11-24 11:27:29.249] [67466:10922094592] [DEBUG] [strategy_strat1_btc -> app] strategy processing quote: Quote (venue=Venue.ALPACA, symbol=BTC/USD, bid=0.55205@37903.144, ask=0.55767@37937.88, ts=2023-11-24 17:27:29.292805+00:00)
[2023-11-24 11:27:29.250] [67466:10922094592] [DEBUG] [strategy_strat1_btc -> app] strategy processing quote: Quote (venue=Venue.ALPACA, symbol=BTC/USD, bid=0.55205@37903.144, ask=0.275035@37935.8, ts=2023-11-24 17:27:29.292823+00:00)
[2023-11-24 11:27:29.252] [67466:10922094592] [DEBUG] [strategy_strat1_btc -> app] strategy processing quote: Quote (venue=Venue.ALPACA, symbol=BTC/USD, bid=0.2753@37905.5, ask=0.275035@37935.8, ts=2023-11-24 17:27:29.292860+00:00)
[2023-11-24 11:27:29.993] [67466:10922094592] [DEBUG] [strategy_strat1_btc -> app] strategy processing quote: Quote (venue=Venue.ALPACA, symbol=BTC/USD, bid=0.5599@37930.48, ask=0.275035@37935.8, ts=2023-11-24 17:27:30.037981+00:00)
[2023-11-24 11:27:30.007] [67466:10922094592] [DEBUG] [strategy_strat1_btc -> app] strategy processing quote: Quote (venue=Venue.ALPACA, symbol=BTC/USD, bid=0.275845@37933.981, ask=0.275035@37935.8, ts=2023-11-24 17:27:30.039639+00:00)
[2023-11-24 11:27:30.008] [67466:10922094592] [DEBUG] [strategy_strat1_btc -> app] strategy processing quote: Quote (venue=Venue.ALPACA, symbol=BTC/USD, bid=0.275845@37933.981, ask=0.2802@37954.8, ts=2023-11-24 17:27:30.040062+00:00)
[2023-11-24 11:27:32.987] [67466:10922094592] [DEBUG] [strategy_strat1_btc -> app] strategy processing quote: Quote (venue=Venue.ALPACA, symbol=BTC/USD, bid=0.275845@37933.981, ask=0.551@37975.341, ts=2023-11-24 17:27:33.029770+00:00)
[2023-11-24 11:27:32.988] [67466:10922094592] [DEBUG] [strategy_strat1_btc -> app] strategy processing quote: Quote (venue=Venue.ALPACA, symbol=BTC/USD, bid=0.275845@37933.981, ask=0.27767@37961.36, ts=2023-11-24 17:27:33.029985+00:00)
[2023-11-24 11:27:32.989] [67466:10922094592] [DEBUG] [strategy_strat1_btc -> app] strategy processing quote: Quote (venue=Venue.ALPACA, symbol=BTC/USD, bid=0.556036@37917.5, ask=0.27767@37961.36, ts=2023-11-24 17:27:33.030406+00:00)
[2023-11-24 11:27:45.091] [67466:10922094592] [DEBUG] [strategy_strat1_btc -> app] strategy processing quote: Quote (venue=Venue.ALPACA, symbol=BTC/USD, bid=0.2798@37914.691, ask=0.27767@37961.36, ts=2023-11-24 17:27:45.132927+00:00)
[2023-11-24 11:27:45.096] [67466:10922094592] [DEBUG] [strategy_strat1_btc -> app] strategy processing quote: Quote (venue=Venue.ALPACA, symbol=BTC/USD, bid=0.2798@37914.691, ask=0.8255@37950.237, ts=2023-11-24 17:27:45.133990+00:00)
[2023-11-24 11:27:45.105] [67466:10922094592] [DEBUG] [strategy_strat1_btc -> app] strategy processing quote: Quote (venue=Venue.ALPACA, symbol=BTC/USD, bid=0.28023@37907.5, ask=0.8255@37950.237, ts=2023-11-24 17:27:45.135637+00:00)
[2023-11-24 11:27:45.107] [67466:10922094592] [DEBUG] [strategy_strat1_btc -> app] strategy processing quote: Quote (venue=Venue.ALPACA, symbol=BTC/USD, bid=0.28023@37907.5, ask=0.5537@37940.92, ts=2023-11-24 17:27:45.135906+00:00)
[2023-11-24 11:27:49.476] [67466:10922094592] [DEBUG] [strategy_strat1_btc -> app] strategy processing quote: Quote (venue=Venue.ALPACA, symbol=BTC/USD, bid=0.28023@37907.5, ask=0.551602@37932.7, ts=2023-11-24 17:27:49.523946+00:00)
[2023-11-24 11:27:49.477] [67466:10922094592] [DEBUG] [strategy_strat1_btc -> app] strategy processing quote: Quote (venue=Venue.ALPACA, symbol=BTC/USD, bid=0.556912@37906.42, ask=0.551602@37932.7, ts=2023-11-24 17:27:49.524181+00:00)
[2023-11-24 11:27:49.501] [67466:10922094592] [DEBUG] [strategy_strat1_btc -> app] strategy processing quote: Quote (venue=Venue.ALPACA, symbol=BTC/USD, bid=0.2768@37899.0, ask=0.551602@37932.7, ts=2023-11-24 17:27:49.528162+00:00)
[2023-11-24 11:27:55.332] [67466:10922094592] [DEBUG] [strategy_strat1_btc -> app] strategy processing quote: Quote (venue=Venue.ALPACA, symbol=BTC/USD, bid=0.2768@37899.0, ask=0.5578@37921.734, ts=2023-11-24 17:27:55.380779+00:00)
[2023-11-24 11:27:55.333] [67466:10922094592] [DEBUG] [strategy_strat1_btc -> app] strategy processing quote: Quote (venue=Venue.ALPACA, symbol=BTC/USD, bid=0.5504@37879.509, ask=0.5578@37921.734, ts=2023-11-24 17:27:55.380812+00:00)
[2023-11-24 11:27:55.340] [67466:10922094592] [DEBUG] [strategy_strat1_btc -> app] strategy processing quote: Quote (venue=Venue.ALPACA, symbol=BTC/USD, bid=0.2764@37888.38, ask=0.5578@37921.734, ts=2023-11-24 17:27:55.381855+00:00)
[2023-11-24 11:27:55.341] [67466:10922094592] [DEBUG] [strategy_strat1_btc -> app] strategy processing quote: Quote (venue=Venue.ALPACA, symbol=BTC/USD, bid=0.2764@37888.38, ask=0.277249@37914.73, ts=2023-11-24 17:27:55.383007+00:00)
[2023-11-24 11:27:58.307] [67466:10922094592] [DEBUG] [strategy_strat1_btc -> app] strategy processing quote: Quote (venue=Venue.ALPACA, symbol=BTC/USD, bid=0.5589@37880.184, ask=0.277249@37914.73, ts=2023-11-24 17:27:58.352593+00:00)
[2023-11-24 11:27:58.308] [67466:10922094592] [DEBUG] [strategy_strat1_btc -> app] strategy processing quote: Quote (venue=Venue.ALPACA, symbol=BTC/USD, bid=0.8255@37858.23, ask=0.277249@37914.73, ts=2023-11-24 17:27:58.352625+00:00)
[2023-11-24 11:27:58.308] [67466:10922094592] [DEBUG] [strategy_strat1_btc -> app] strategy processing quote: Quote (venue=Venue.ALPACA, symbol=BTC/USD, bid=1.10291@37836.45, ask=0.277249@37914.73, ts=2023-11-24 17:27:58.352977+00:00)
[2023-11-24 11:27:58.309] [67466:10922094592] [DEBUG] [strategy_strat1_btc -> app] strategy processing quote: Quote (venue=Venue.ALPACA, symbol=BTC/USD, bid=1.1102@37815.039, ask=0.277249@37914.73, ts=2023-11-24 17:27:58.352983+00:00)
[2023-11-24 11:27:58.310] [67466:10922094592] [DEBUG] [strategy_strat1_btc -> app] strategy processing quote: Quote (venue=Venue.ALPACA, symbol=BTC/USD, bid=0.2799@37864.73, ask=0.277249@37914.73, ts=2023-11-24 17:27:58.352988+00:00)
[2023-11-24 11:27:58.314] [67466:10922094592] [DEBUG] [strategy_strat1_btc -> app] strategy processing quote: Quote (venue=Venue.ALPACA, symbol=BTC/USD, bid=0.2799@37864.73, ask=0.559993@37922.593, ts=2023-11-24 17:27:58.353068+00:00)
[2023-11-24 11:27:58.314] [67466:10922094592] [DEBUG] [strategy_strat1_btc -> app] strategy processing quote: Quote (venue=Venue.ALPACA, symbol=BTC/USD, bid=0.2799@37864.73, ask=0.279785@37912.5, ts=2023-11-24 17:27:58.353365+00:00)
[2023-11-24 11:27:58.327] [67466:10922094592] [DEBUG] [strategy_strat1_btc -> app] strategy processing quote: Quote (venue=Venue.ALPACA, symbol=BTC/USD, bid=0.5566@37865.161, ask=0.279785@37912.5, ts=2023-11-24 17:27:58.354931+00:00)
[2023-11-24 11:28:09.076] [67466:10922094592] [DEBUG] [strategy_strat1_btc -> app] strategy processing quote: Quote (venue=Venue.ALPACA, symbol=BTC/USD, bid=0.5566@37865.161, ask=0.556953@37907.8, ts=2023-11-24 17:28:09.121186+00:00)
[2023-11-24 11:28:09.081] [67466:10922094592] [DEBUG] [strategy_strat1_btc -> app] strategy processing quote: Quote (venue=Venue.ALPACA, symbol=BTC/USD, bid=0.2799@37864.73, ask=0.556953@37907.8, ts=2023-11-24 17:28:09.121461+00:00)
[2023-11-24 11:28:09.083] [67466:10922094592] [DEBUG] [strategy_strat1_btc -> app] strategy processing quote: Quote (venue=Venue.ALPACA, symbol=BTC/USD, bid=0.2799@37864.73, ask=0.279@37903.0, ts=2023-11-24 17:28:09.121730+00:00)
[2023-11-24 11:28:09.086] [67466:10922094592] [DEBUG] [strategy_strat1_btc -> app] strategy processing quote: Quote (venue=Venue.ALPACA, symbol=BTC/USD, bid=0.2803@37859.672, ask=0.279@37903.0, ts=2023-11-24 17:28:09.122227+00:00)
[2023-11-24 11:28:17.428] [67466:10922094592] [DEBUG] [strategy_strat1_btc -> app] strategy processing quote: Quote (venue=Venue.ALPACA, symbol=BTC/USD, bid=0.2803@37859.672, ask=0.556962@37892.65, ts=2023-11-24 17:28:17.469694+00:00)
[2023-11-24 11:28:17.432] [67466:10922094592] [DEBUG] [strategy_strat1_btc -> app] strategy processing quote: Quote (venue=Venue.ALPACA, symbol=BTC/USD, bid=0.2803@37859.672, ask=0.2791@37873.64, ts=2023-11-24 17:28:17.470328+00:00)
[2023-11-24 11:28:17.433] [67466:10922094592] [DEBUG] [strategy_strat1_btc -> app] strategy processing quote: Quote (venue=Venue.ALPACA, symbol=BTC/USD, bid=0.559072@37853.854, ask=0.2791@37873.64, ts=2023-11-24 17:28:17.470337+00:00)
[2023-11-24 11:28:17.433] [67466:10922094592] [DEBUG] [strategy_strat1_btc -> app] strategy processing quote: Quote (venue=Venue.ALPACA, symbol=BTC/USD, bid=0.5526@37832.923, ask=0.2791@37873.64, ts=2023-11-24 17:28:17.470393+00:00)
[2023-11-24 11:28:17.434] [67466:10922094592] [DEBUG] [strategy_strat1_btc -> app] strategy processing quote: Quote (venue=Venue.ALPACA, symbol=BTC/USD, bid=0.27975@37850.6, ask=0.2791@37873.64, ts=2023-11-24 17:28:17.470665+00:00)
[2023-11-24 11:28:21.656] [67466:10922094592] [DEBUG] [strategy_strat1_btc -> app] strategy processing quote: Quote (venue=Venue.ALPACA, symbol=BTC/USD, bid=0.5526@37832.923, ask=0.2791@37873.64, ts=2023-11-24 17:28:21.698405+00:00)
[2023-11-24 11:28:21.657] [67466:10922094592] [DEBUG] [strategy_strat1_btc -> app] strategy processing quote: Quote (venue=Venue.ALPACA, symbol=BTC/USD, bid=0.275072@37838.886, ask=0.2791@37873.64, ts=2023-11-24 17:28:21.698429+00:00)
[2023-11-24 11:28:21.657] [67466:10922094592] [DEBUG] [strategy_strat1_btc -> app] strategy processing quote: Quote (venue=Venue.ALPACA, symbol=BTC/USD, bid=0.275072@37838.886, ask=0.556962@37892.65, ts=2023-11-24 17:28:21.698650+00:00)
[2023-11-24 11:28:21.658] [67466:10922094592] [DEBUG] [strategy_strat1_btc -> app] strategy processing quote: Quote (venue=Venue.ALPACA, symbol=BTC/USD, bid=0.275072@37838.886, ask=0.278963@37880.699, ts=2023-11-24 17:28:21.698793+00:00)
[2023-11-24 11:28:24.794] [67466:10922094592] [DEBUG] [strategy_strat1_btc -> app] strategy processing quote: Quote (venue=Venue.ALPACA, symbol=BTC/USD, bid=0.275557@37840.8, ask=0.278963@37880.699, ts=2023-11-24 17:28:24.836296+00:00)
[2023-11-24 11:28:24.796] [67466:10922094592] [DEBUG] [strategy_strat1_btc -> app] strategy processing quote: Quote (venue=Venue.ALPACA, symbol=BTC/USD, bid=0.275557@37840.8, ask=0.55446@37882.84, ts=2023-11-24 17:28:24.836924+00:00)
[2023-11-24 11:28:24.798] [67466:10922094592] [DEBUG] [strategy_strat1_btc -> app] strategy processing quote: Quote (venue=Venue.ALPACA, symbol=BTC/USD, bid=0.275557@37840.8, ask=0.840215@37893.6, ts=2023-11-24 17:28:24.837304+00:00)
[2023-11-24 11:28:24.800] [67466:10922094592] [DEBUG] [strategy_strat1_btc -> app] strategy processing quote: Quote (venue=Venue.ALPACA, symbol=BTC/USD, bid=0.275557@37840.8, ask=0.2755@37886.09, ts=2023-11-24 17:28:24.837485+00:00)
[2023-11-24 11:28:24.808] [67466:10922094592] [DEBUG] [strategy_strat1_btc -> app] strategy processing quote: Quote (venue=Venue.ALPACA, symbol=BTC/USD, bid=0.275557@37840.8, ask=0.550503@37879.4, ts=2023-11-24 17:28:24.838735+00:00)
[2023-11-24 11:28:44.259] [67466:10922094592] [DEBUG] [strategy_strat1_btc -> app] strategy processing quote: Quote (venue=Venue.ALPACA, symbol=BTC/USD, bid=0.5571@37836.631, ask=0.550503@37879.4, ts=2023-11-24 17:28:44.296833+00:00)
[2023-11-24 11:28:44.262] [67466:10922094592] [DEBUG] [strategy_strat1_btc -> app] strategy processing quote: Quote (venue=Venue.ALPACA, symbol=BTC/USD, bid=0.27955@37850.811, ask=0.550503@37879.4, ts=2023-11-24 17:28:44.297268+00:00)
[2023-11-24 11:28:44.268] [67466:10922094592] [DEBUG] [strategy_strat1_btc -> app] strategy processing quote: Quote (venue=Venue.ALPACA, symbol=BTC/USD, bid=0.27955@37850.811, ask=0.5526@37906.08, ts=2023-11-24 17:28:44.298024+00:00)
[2023-11-24 11:28:44.272] [67466:10922094592] [DEBUG] [strategy_strat1_btc -> app] strategy processing quote: Quote (venue=Venue.ALPACA, symbol=BTC/USD, bid=0.27955@37850.811, ask=0.277278@37895.37, ts=2023-11-24 17:28:44.298271+00:00)
[2023-11-24 11:28:54.946] [67466:10922094592] [DEBUG] [strategy_strat1_btc -> app] strategy processing quote: Quote (venue=Venue.ALPACA, symbol=BTC/USD, bid=0.27955@37850.811, ask=0.8382@37912.5, ts=2023-11-24 17:28:54.994601+00:00)
[2023-11-24 11:28:54.950] [67466:10922094592] [DEBUG] [strategy_strat1_btc -> app] strategy processing quote: Quote (venue=Venue.ALPACA, symbol=BTC/USD, bid=0.2789@37867.71, ask=0.8382@37912.5, ts=2023-11-24 17:28:54.994888+00:00)
[2023-11-24 11:28:54.951] [67466:10922094592] [DEBUG] [strategy_strat1_btc -> app] strategy processing quote: Quote (venue=Venue.ALPACA, symbol=BTC/USD, bid=0.2789@37867.71, ask=0.55297@37901.04, ts=2023-11-24 17:28:54.995070+00:00)
[2023-11-24 11:29:12.628] [67466:10922094592] [DEBUG] [strategy_strat1_btc -> app] strategy processing quote: Quote (venue=Venue.ALPACA, symbol=BTC/USD, bid=0.2789@37867.71, ask=0.2766@37892.7, ts=2023-11-24 17:29:12.673170+00:00)
[2023-11-24 11:29:12.639] [67466:10922094592] [DEBUG] [strategy_strat1_btc -> app] strategy processing quote: Quote (venue=Venue.ALPACA, symbol=BTC/USD, bid=0.278435@37859.2, ask=0.2766@37892.7, ts=2023-11-24 17:29:12.674018+00:00)
[2023-11-24 11:29:15.595] [67466:10922094592] [DEBUG] [strategy_strat1_btc -> app] strategy processing quote: Quote (venue=Venue.ALPACA, symbol=BTC/USD, bid=0.278435@37859.2, ask=0.84071@37900.3, ts=2023-11-24 17:29:15.639396+00:00)
[2023-11-24 11:29:15.595] [67466:10922094592] [DEBUG] [strategy_strat1_btc -> app] strategy processing quote: Quote (venue=Venue.ALPACA, symbol=BTC/USD, bid=0.278435@37859.2, ask=0.278837@37877.85, ts=2023-11-24 17:29:15.639402+00:00)
[2023-11-24 11:29:15.597] [67466:10922094592] [DEBUG] [strategy_strat1_btc -> app] strategy processing quote: Quote (venue=Venue.ALPACA, symbol=BTC/USD, bid=0.5578@37842.3, ask=0.278837@37877.85, ts=2023-11-24 17:29:15.639576+00:00)
[2023-11-24 11:29:24.007] [67466:10922094592] [DEBUG] [strategy_strat1_btc -> app] strategy processing quote: Quote (venue=Venue.ALPACA, symbol=BTC/USD, bid=0.5578@37842.3, ask=0.552127@37872.562, ts=2023-11-24 17:29:24.005172+00:00)
[2023-11-24 11:29:24.008] [67466:10922094592] [DEBUG] [strategy_strat1_btc -> app] strategy processing quote: Quote (venue=Venue.ALPACA, symbol=BTC/USD, bid=0.5578@37842.3, ask=0.27765@37863.08, ts=2023-11-24 17:29:24.005932+00:00)
[2023-11-24 11:29:24.008] [67466:10922094592] [DEBUG] [strategy_strat1_btc -> app] strategy processing quote: Quote (venue=Venue.ALPACA, symbol=BTC/USD, bid=0.8297@37831.6, ask=0.27765@37863.08, ts=2023-11-24 17:29:24.006938+00:00)
[2023-11-24 11:29:24.008] [67466:10922094592] [DEBUG] [strategy_strat1_btc -> app] strategy processing quote: Quote (venue=Venue.ALPACA, symbol=BTC/USD, bid=0.278@37823.951, ask=0.27765@37863.08, ts=2023-11-24 17:29:24.008616+00:00)
[2023-11-24 11:29:41.116] [67466:8189006592] [INFO] [MainThread -> app] Received signal: 2. Initiating shutdown.
[2023-11-24 11:29:41.125] [67466:10888441856] [INFO] [engine -> app] engine stopping
[2023-11-24 11:29:41.126] [67466:10888441856] [INFO] [engine -> app] gateway_alpaca stopping
[2023-11-24 11:29:42.061] [67466:10922094592] [INFO] [strategy_strat1_btc -> app] strategy_strat1_btc stopped
[2023-11-24 11:29:44.052] [67466:10888441856] [INFO] [engine -> app] engine stopped
[2023-11-24 11:29:44.052] [67466:8189006592] [INFO] [MainThread -> app] SHUTDOWN
