[2023-11-26 14:38:16.189] [7763:6170996736] [INFO] [gateway_alpaca -> data] Quote (venue=Venue.ALPACA, symbol=ETH/USD, bid=4.34044@2062.512, ask=8.7672@2064.7, ts=2023-11-26 20:38:16.255890+00:00)
[2023-11-26 14:38:16.196] [7763:6170996736] [INFO] [gateway_alpaca -> data] Quote (venue=Venue.ALPACA, symbol=ETH/USD, bid=4.338@2063.1, ask=8.7672@2064.7, ts=2023-11-26 20:38:16.256833+00:00)
[2023-11-26 14:38:16.200] [7763:6170996736] [INFO] [gateway_alpaca -> data] Quote (venue=Venue.ALPACA, symbol=ETH/USD, bid=4.338@2063.1, ask=8.7499@2065.65, ts=2023-11-26 20:38:16.258372+00:00)
[2023-11-26 14:38:16.203] [7763:6170996736] [INFO] [gateway_alpaca -> data] Quote (venue=Venue.ALPACA, symbol=ETH/USD, bid=4.338@2063.1, ask=4.40293@2064.48, ts=2023-11-26 20:38:16.258652+00:00)
[2023-11-26 14:38:18.058] [7763:6170996736] [INFO] [gateway_alpaca -> data] Quote (venue=Venue.ALPACA, symbol=BTC/USD, bid=0.55626@37424.282, ask=0.27866@37466.733, ts=2023-11-26 20:38:18.069183+00:00)
[2023-11-26 14:38:18.064] [7763:6170996736] [INFO] [gateway_alpaca -> data] Quote (venue=Venue.ALPACA, symbol=BTC/USD, bid=0.55626@37424.282, ask=0.2778@37467.4, ts=2023-11-26 20:38:18.069271+00:00)
[2023-11-26 14:38:18.068] [7763:6170996736] [INFO] [gateway_alpaca -> data] Quote (venue=Venue.ALPACA, symbol=BTC/USD, bid=0.8317@37427.07, ask=0.2778@37467.4, ts=2023-11-26 20:38:18.069283+00:00)
[2023-11-26 14:38:18.070] [7763:6170996736] [INFO] [gateway_alpaca -> data] Quote (venue=Venue.ALPACA, symbol=BTC/USD, bid=0.27639@37431.06, ask=0.2778@37467.4, ts=2023-11-26 20:38:18.069627+00:00)
[2023-11-26 14:38:25.812] [7763:6170996736] [INFO] [gateway_alpaca -> data] Quote (venue=Venue.ALPACA, symbol=BTC/USD, bid=0.27639@37431.06, ask=0.559304@37484.3, ts=2023-11-26 20:38:25.879164+00:00)
[2023-11-26 14:38:25.818] [7763:6170996736] [INFO] [gateway_alpaca -> data] Quote (venue=Venue.ALPACA, symbol=BTC/USD, bid=0.8317@37427.07, ask=0.559304@37484.3, ts=2023-11-26 20:38:25.879230+00:00)
[2023-11-26 14:38:25.821] [7763:6170996736] [INFO] [gateway_alpaca -> data] Quote (venue=Venue.ALPACA, symbol=BTC/USD, bid=0.2794@37449.88, ask=0.559304@37484.3, ts=2023-11-26 20:38:25.879283+00:00)
[2023-11-26 14:38:25.829] [7763:6170996736] [INFO] [gateway_alpaca -> data] Quote (venue=Venue.ALPACA, symbol=BTC/USD, bid=0.2794@37449.88, ask=0.55716@37486.08, ts=2023-11-26 20:38:25.880699+00:00)
[2023-11-26 14:38:28.809] [7763:6170996736] [INFO] [gateway_alpaca -> data] Quote (venue=Venue.ALPACA, symbol=ETH/USD, bid=4.338@2063.1, ask=8.7499@2065.65, ts=2023-11-26 20:38:28.881320+00:00)
[2023-11-26 14:38:28.816] [7763:6170996736] [INFO] [gateway_alpaca -> data] Quote (venue=Venue.ALPACA, symbol=ETH/USD, bid=8.67604@2063.014, ask=8.7499@2065.65, ts=2023-11-26 20:38:28.881434+00:00)
[2023-11-26 14:38:28.826] [7763:6170996736] [INFO] [gateway_alpaca -> data] Quote (venue=Venue.ALPACA, symbol=ETH/USD, bid=4.337@2063.42, ask=8.7499@2065.65, ts=2023-11-26 20:38:28.881442+00:00)
[2023-11-26 14:38:28.832] [7763:6170996736] [INFO] [gateway_alpaca -> data] Quote (venue=Venue.ALPACA, symbol=ETH/USD, bid=4.337@2063.42, ask=13.111@2065.8, ts=2023-11-26 20:38:28.881516+00:00)
[2023-11-26 14:38:28.834] [7763:6170996736] [INFO] [gateway_alpaca -> data] Quote (venue=Venue.ALPACA, symbol=ETH/USD, bid=8.7702@2063.8, ask=13.111@2065.8, ts=2023-11-26 20:38:28.882319+00:00)
[2023-11-26 14:38:28.838] [7763:6170996736] [INFO] [gateway_alpaca -> data] Quote (venue=Venue.ALPACA, symbol=ETH/USD, bid=8.7702@2063.8, ask=4.36347@2065.867, ts=2023-11-26 20:38:28.882600+00:00)
[2023-11-26 14:38:40.656] [7763:6170996736] [INFO] [gateway_alpaca -> data] Quote (venue=Venue.ALPACA, symbol=BTC/USD, bid=1.11506@37410.879, ask=0.55716@37486.08, ts=2023-11-26 20:38:40.721285+00:00)
[2023-11-26 14:38:40.664] [7763:6170996736] [INFO] [gateway_alpaca -> data] Quote (venue=Venue.ALPACA, symbol=BTC/USD, bid=0.83154@37440.803, ask=0.55716@37486.08, ts=2023-11-26 20:38:40.721384+00:00)
[2023-11-26 14:38:40.667] [7763:6170996736] [INFO] [gateway_alpaca -> data] Quote (venue=Venue.ALPACA, symbol=BTC/USD, bid=0.278854@37451.9, ask=0.55716@37486.08, ts=2023-11-26 20:38:40.721750+00:00)
[2023-11-26 14:38:40.669] [7763:6170996736] [INFO] [gateway_alpaca -> data] Quote (venue=Venue.ALPACA, symbol=BTC/USD, bid=0.278854@37451.9, ask=0.27518@37488.83, ts=2023-11-26 20:38:40.722397+00:00)
[2023-11-26 14:38:40.672] [7763:6170996736] [INFO] [gateway_alpaca -> data] Quote (venue=Venue.ALPACA, symbol=BTC/USD, bid=0.278854@37451.9, ask=0.83976@37493.2, ts=2023-11-26 20:38:40.722803+00:00)
[2023-11-26 14:38:40.673] [7763:6170996736] [INFO] [gateway_alpaca -> data] Quote (venue=Venue.ALPACA, symbol=BTC/USD, bid=0.278854@37451.9, ask=0.2787@37482.7, ts=2023-11-26 20:38:40.722893+00:00)
[2023-11-26 14:39:00.043] [7763:6170996736] [INFO] [gateway_alpaca -> data] Bar (venue=Venue.ALPACA, symbol=BTC/USD, open=37444.241, high=37467.98, low=37444.241, close=37467.3, volume=0.0, ts=2023-11-26 20:38:00+00:00)
[2023-11-26 14:39:00.293] [7763:6170996736] [INFO] [gateway_alpaca -> data] Bar (venue=Venue.ALPACA, symbol=ETH/USD, open=2063.79, high=2064.8335, low=2063.79, close=2064.8335, volume=0.0, ts=2023-11-26 20:38:00+00:00)
[2023-11-26 14:39:33.674] [7763:6170996736] [INFO] [gateway_alpaca -> data] Quote (venue=Venue.ALPACA, symbol=BTC/USD, bid=0.27823@37441.37, ask=0.2787@37482.7, ts=2023-11-26 20:39:33.657256+00:00)
[2023-11-26 14:39:33.681] [7763:6170996736] [INFO] [gateway_alpaca -> data] Quote (venue=Venue.ALPACA, symbol=BTC/USD, bid=0.27823@37441.37, ask=0.27555@37477.3, ts=2023-11-26 20:39:33.657267+00:00)
[2023-11-26 14:39:37.787] [7763:6170996736] [INFO] [gateway_alpaca -> data] Quote (venue=Venue.ALPACA, symbol=ETH/USD, bid=8.813@2064.5, ask=4.36347@2065.867, ts=2023-11-26 20:39:37.862899+00:00)
[2023-11-26 14:39:37.794] [7763:6170996736] [INFO] [gateway_alpaca -> data] Quote (venue=Venue.ALPACA, symbol=ETH/USD, bid=8.813@2064.5, ask=13.1243@2066.829, ts=2023-11-26 20:39:37.863377+00:00)
[2023-11-26 14:39:37.798] [7763:6170996736] [INFO] [gateway_alpaca -> data] Quote (venue=Venue.ALPACA, symbol=ETH/USD, bid=8.813@2064.5, ask=4.349@2066.573, ts=2023-11-26 20:39:37.863793+00:00)
[2023-11-26 14:39:58.195] [7763:6170996736] [INFO] [gateway_alpaca -> data] Quote (venue=Venue.ALPACA, symbol=BTC/USD, bid=0.27823@37441.37, ask=0.55477@37485.593, ts=2023-11-26 20:39:58.271077+00:00)
[2023-11-26 14:39:58.200] [7763:6170996736] [INFO] [gateway_alpaca -> data] Quote (venue=Venue.ALPACA, symbol=BTC/USD, bid=0.27823@37441.37, ask=0.82993@37509.88, ts=2023-11-26 20:39:58.271447+00:00)
[2023-11-26 14:39:58.202] [7763:6170996736] [INFO] [gateway_alpaca -> data] Quote (venue=Venue.ALPACA, symbol=BTC/USD, bid=0.27823@37441.37, ask=0.55021@37489.2, ts=2023-11-26 20:39:58.271474+00:00)
[2023-11-26 14:39:58.204] [7763:6170996736] [INFO] [gateway_alpaca -> data] Quote (venue=Venue.ALPACA, symbol=BTC/USD, bid=0.560155@37439.329, ask=0.55021@37489.2, ts=2023-11-26 20:39:58.271482+00:00)
[2023-11-26 14:39:58.206] [7763:6170996736] [INFO] [gateway_alpaca -> data] Quote (venue=Venue.ALPACA, symbol=BTC/USD, bid=0.2767@37447.9, ask=0.55021@37489.2, ts=2023-11-26 20:39:58.271667+00:00)
[2023-11-26 14:39:58.207] [7763:6170996736] [INFO] [gateway_alpaca -> data] Quote (venue=Venue.ALPACA, symbol=BTC/USD, bid=0.2767@37447.9, ask=0.2802@37473.975, ts=2023-11-26 20:39:58.271909+00:00)
[2023-11-26 14:39:59.995] [7763:6170996736] [INFO] [gateway_alpaca -> data] Bar (venue=Venue.ALPACA, symbol=ETH/USD, open=2065.5365, high=2065.5365, low=2065.5365, close=2065.5365, volume=0.0, ts=2023-11-26 20:39:00+00:00)
[2023-11-26 14:40:00.275] [7763:6170996736] [INFO] [gateway_alpaca -> data] Bar (venue=Venue.ALPACA, symbol=BTC/USD, open=37459.335, high=37460.9375, low=37459.335, close=37460.9375, volume=0.0, ts=2023-11-26 20:39:00+00:00)
[2023-11-26 14:40:22.940] [7763:6170996736] [INFO] [gateway_alpaca -> data] Quote (venue=Venue.ALPACA, symbol=ETH/USD, bid=13.09@2063.09, ask=4.349@2066.573, ts=2023-11-26 20:40:23.009381+00:00)
[2023-11-26 14:40:22.947] [7763:6170996736] [INFO] [gateway_alpaca -> data] Quote (venue=Venue.ALPACA, symbol=ETH/USD, bid=4.3303@2064.5, ask=4.349@2066.573, ts=2023-11-26 20:40:23.009387+00:00)
[2023-11-26 14:40:22.949] [7763:6170996736] [INFO] [gateway_alpaca -> data] Quote (venue=Venue.ALPACA, symbol=ETH/USD, bid=4.3303@2064.5, ask=17.40289@2066.8, ts=2023-11-26 20:40:23.009413+00:00)
[2023-11-26 14:40:22.950] [7763:6170996736] [INFO] [gateway_alpaca -> data] Quote (venue=Venue.ALPACA, symbol=ETH/USD, bid=4.3303@2064.5, ask=8.673@2066.8, ts=2023-11-26 20:40:23.009472+00:00)
[2023-11-26 14:40:22.951] [7763:6170996736] [INFO] [gateway_alpaca -> data] Quote (venue=Venue.ALPACA, symbol=ETH/USD, bid=8.6563@2064.903, ask=8.673@2066.8, ts=2023-11-26 20:40:23.009692+00:00)
[2023-11-26 14:40:42.828] [7763:6170996736] [INFO] [gateway_alpaca -> data] Quote (venue=Venue.ALPACA, symbol=BTC/USD, bid=0.2767@37447.9, ask=0.55021@37489.2, ts=2023-11-26 20:40:42.895076+00:00)
[2023-11-26 14:40:42.836] [7763:6170996736] [INFO] [gateway_alpaca -> data] Quote (venue=Venue.ALPACA, symbol=BTC/USD, bid=0.560155@37439.329, ask=0.55021@37489.2, ts=2023-11-26 20:40:42.895304+00:00)
[2023-11-26 14:40:42.839] [7763:6170996736] [INFO] [gateway_alpaca -> data] Quote (venue=Venue.ALPACA, symbol=BTC/USD, bid=0.2787@37447.9, ask=0.55021@37489.2, ts=2023-11-26 20:40:42.895999+00:00)
[2023-11-26 14:40:42.843] [7763:6170996736] [INFO] [gateway_alpaca -> data] Quote (venue=Venue.ALPACA, symbol=BTC/USD, bid=0.2787@37447.9, ask=0.833914@37501.865, ts=2023-11-26 20:40:42.896389+00:00)
[2023-11-26 14:40:42.844] [7763:6170996736] [INFO] [gateway_alpaca -> data] Quote (venue=Venue.ALPACA, symbol=BTC/USD, bid=0.2787@37447.9, ask=0.2785@37494.4, ts=2023-11-26 20:40:42.896527+00:00)
[2023-11-26 14:40:42.846] [7763:6170996736] [INFO] [gateway_alpaca -> data] Quote (venue=Venue.ALPACA, symbol=BTC/USD, bid=0.5599@37449.1, ask=0.2785@37494.4, ts=2023-11-26 20:40:42.897569+00:00)
[2023-11-26 14:40:42.847] [7763:6170996736] [INFO] [gateway_alpaca -> data] Quote (venue=Venue.ALPACA, symbol=BTC/USD, bid=0.5599@37449.1, ask=0.55611@37490.26, ts=2023-11-26 20:40:42.897740+00:00)
[2023-11-26 14:40:55.985] [7763:6170996736] [INFO] [gateway_alpaca -> data] Quote (venue=Venue.ALPACA, symbol=ETH/USD, bid=4.3679@2065.5, ask=8.673@2066.8, ts=2023-11-26 20:40:56.037369+00:00)
[2023-11-26 14:40:56.015] [7763:6170996736] [INFO] [gateway_alpaca -> data] Quote (venue=Venue.ALPACA, symbol=ETH/USD, bid=4.3679@2065.5, ask=8.7603@2067.48, ts=2023-11-26 20:40:56.037648+00:00)
[2023-11-26 14:40:56.035] [7763:6170996736] [INFO] [gateway_alpaca -> data] Quote (venue=Venue.ALPACA, symbol=ETH/USD, bid=4.3679@2065.5, ask=4.3618@2067.48, ts=2023-11-26 20:40:56.038929+00:00)
[2023-11-26 14:40:59.926] [7763:6170996736] [INFO] [gateway_alpaca -> data] Bar (venue=Venue.ALPACA, symbol=BTC/USD, open=37469.68, high=37469.68, low=37469.68, close=37469.68, volume=0.0, ts=2023-11-26 20:40:00+00:00)
[2023-11-26 14:41:00.175] [7763:6170996736] [INFO] [gateway_alpaca -> data] Bar (venue=Venue.ALPACA, symbol=ETH/USD, open=2065.8515, high=2066.49, low=2065.8515, close=2066.49, volume=0.0, ts=2023-11-26 20:40:00+00:00)
[2023-11-26 14:41:01.201] [7763:6170996736] [INFO] [gateway_alpaca -> data] Quote (venue=Venue.ALPACA, symbol=ETH/USD, bid=13.0769@2065.5, ask=4.3618@2067.48, ts=2023-11-26 20:41:01.214414+00:00)
[2023-11-26 14:41:01.207] [7763:6170996736] [INFO] [gateway_alpaca -> data] Quote (venue=Venue.ALPACA, symbol=ETH/USD, bid=8.709@2065.5, ask=4.3618@2067.48, ts=2023-11-26 20:41:01.214758+00:00)
[2023-11-26 14:41:01.210] [7763:6170996736] [INFO] [gateway_alpaca -> data] Quote (venue=Venue.ALPACA, symbol=ETH/USD, bid=13.09@2065.8, ask=4.3618@2067.48, ts=2023-11-26 20:41:01.214768+00:00)
[2023-11-26 14:41:01.212] [7763:6170996736] [INFO] [gateway_alpaca -> data] Quote (venue=Venue.ALPACA, symbol=ETH/USD, bid=4.399@2066.06, ask=4.3618@2067.48, ts=2023-11-26 20:41:01.215983+00:00)
[2023-11-26 14:41:01.213] [7763:6170996736] [INFO] [gateway_alpaca -> data] Quote (venue=Venue.ALPACA, symbol=ETH/USD, bid=4.399@2066.06, ask=8.655@2068.11, ts=2023-11-26 20:41:01.216349+00:00)
[2023-11-26 14:42:01.090] [7763:6170996736] [INFO] [gateway_alpaca -> data] Quote (venue=Venue.ALPACA, symbol=ETH/USD, bid=13.0247@2065.86, ask=8.655@2068.11, ts=2023-11-26 20:42:01.158850+00:00)
[2023-11-26 14:42:01.105] [7763:6170996736] [INFO] [gateway_alpaca -> data] Quote (venue=Venue.ALPACA, symbol=ETH/USD, bid=8.7328@2066.195, ask=8.655@2068.11, ts=2023-11-26 20:42:01.160868+00:00)
[2023-11-26 14:42:01.109] [7763:6170996736] [INFO] [gateway_alpaca -> data] Quote (venue=Venue.ALPACA, symbol=ETH/USD, bid=4.3526@2066.79, ask=8.655@2068.11, ts=2023-11-26 20:42:01.160943+00:00)
[2023-11-26 14:42:01.114] [7763:6170996736] [INFO] [gateway_alpaca -> data] Quote (venue=Venue.ALPACA, symbol=ETH/USD, bid=4.3526@2066.79, ask=8.729@2069.0, ts=2023-11-26 20:42:01.161045+00:00)
[2023-11-26 14:42:08.335] [7763:6170996736] [INFO] [gateway_alpaca -> data] Quote (venue=Venue.ALPACA, symbol=BTC/USD, bid=0.2787@37447.9, ask=0.55611@37490.26, ts=2023-11-26 20:42:08.412239+00:00)
[2023-11-26 14:42:08.342] [7763:6170996736] [INFO] [gateway_alpaca -> data] Quote (venue=Venue.ALPACA, symbol=BTC/USD, bid=0.2757@37473.4, ask=0.55611@37490.26, ts=2023-11-26 20:42:08.412247+00:00)
[2023-11-26 14:42:08.346] [7763:6170996736] [INFO] [gateway_alpaca -> data] Quote (venue=Venue.ALPACA, symbol=BTC/USD, bid=0.2757@37473.4, ask=0.2785@37494.4, ts=2023-11-26 20:42:08.412259+00:00)
[2023-11-26 14:42:08.351] [7763:6170996736] [INFO] [gateway_alpaca -> data] Quote (venue=Venue.ALPACA, symbol=BTC/USD, bid=0.2757@37473.4, ask=0.554432@37501.415, ts=2023-11-26 20:42:08.413306+00:00)
[2023-11-26 14:42:21.422] [7763:6170996736] [INFO] [gateway_alpaca -> data] Quote (venue=Venue.ALPACA, symbol=ETH/USD, bid=4.3526@2066.79, ask=8.663@2068.7, ts=2023-11-26 20:42:21.494043+00:00)
[2023-11-26 14:42:21.431] [7763:6170996736] [INFO] [gateway_alpaca -> data] Quote (venue=Venue.ALPACA, symbol=ETH/USD, bid=8.7328@2066.195, ask=8.663@2068.7, ts=2023-11-26 20:42:21.494360+00:00)
[2023-11-26 14:42:21.434] [7763:6170996736] [INFO] [gateway_alpaca -> data] Quote (venue=Venue.ALPACA, symbol=ETH/USD, bid=4.35459@2066.8, ask=8.663@2068.7, ts=2023-11-26 20:42:21.494646+00:00)
[2023-11-26 14:42:21.436] [7763:6170996736] [INFO] [gateway_alpaca -> data] Quote (venue=Venue.ALPACA, symbol=ETH/USD, bid=4.35459@2066.8, ask=4.3311@2068.106, ts=2023-11-26 20:42:21.495209+00:00)
[2023-11-26 14:42:23.269] [7763:6170996736] [INFO] [gateway_alpaca -> data] Quote (venue=Venue.ALPACA, symbol=ETH/USD, bid=4.35459@2066.8, ask=8.663@2068.7, ts=2023-11-26 20:42:23.295358+00:00)
[2023-11-26 14:42:23.271] [7763:6170996736] [INFO] [gateway_alpaca -> data] Quote (venue=Venue.ALPACA, symbol=ETH/USD, bid=4.35459@2066.8, ask=4.33936@2067.4, ts=2023-11-26 20:42:23.295576+00:00)
[2023-11-26 14:42:23.271] [7763:6170996736] [INFO] [gateway_alpaca -> data] Quote (venue=Venue.ALPACA, symbol=ETH/USD, bid=8.725@2065.762, ask=4.33936@2067.4, ts=2023-11-26 20:42:23.295582+00:00)
[2023-11-26 14:42:28.561] [7763:6170996736] [INFO] [gateway_alpaca -> data] Quote (venue=Venue.ALPACA, symbol=ETH/USD, bid=4.326@2066.6, ask=4.33936@2067.4, ts=2023-11-26 20:42:28.639048+00:00)
[2023-11-26 14:42:28.565] [7763:6170996736] [INFO] [gateway_alpaca -> data] Quote (venue=Venue.ALPACA, symbol=ETH/USD, bid=4.326@2066.6, ask=13.119@2068.098, ts=2023-11-26 20:42:28.639383+00:00)
[2023-11-26 14:42:28.569] [7763:6170996736] [INFO] [gateway_alpaca -> data] Quote (venue=Venue.ALPACA, symbol=ETH/USD, bid=4.326@2066.6, ask=8.697@2068.332, ts=2023-11-26 20:42:28.640532+00:00)
[2023-11-26 14:42:28.570] [7763:6170996736] [INFO] [gateway_alpaca -> data] Quote (venue=Venue.ALPACA, symbol=ETH/USD, bid=4.326@2066.6, ask=4.411@2068.5, ts=2023-11-26 20:42:28.640621+00:00)
[2023-11-26 14:42:34.182] [7763:6170996736] [INFO] [gateway_alpaca -> data] Quote (venue=Venue.ALPACA, symbol=ETH/USD, bid=8.7775@2066.607, ask=4.411@2068.5, ts=2023-11-26 20:42:34.258603+00:00)
[2023-11-26 14:42:34.185] [7763:6170996736] [INFO] [gateway_alpaca -> data] Quote (venue=Venue.ALPACA, symbol=ETH/USD, bid=8.7775@2066.607, ask=8.7761@2069.0, ts=2023-11-26 20:42:34.258937+00:00)
[2023-11-26 14:42:34.193] [7763:6170996736] [INFO] [gateway_alpaca -> data] Quote (venue=Venue.ALPACA, symbol=ETH/USD, bid=8.7775@2066.607, ask=8.689@2069.105, ts=2023-11-26 20:42:34.260018+00:00)
[2023-11-26 14:42:34.198] [7763:6170996736] [INFO] [gateway_alpaca -> data] Quote (venue=Venue.ALPACA, symbol=ETH/USD, bid=4.39542@2067.133, ask=8.689@2069.105, ts=2023-11-26 20:42:34.260972+00:00)
[2023-11-26 14:42:55.820] [7763:6170996736] [INFO] [gateway_alpaca -> data] Quote (venue=Venue.ALPACA, symbol=BTC/USD, bid=0.2757@37473.4, ask=0.27794@37509.572, ts=2023-11-26 20:42:55.890579+00:00)
[2023-11-26 14:42:55.825] [7763:6170996736] [INFO] [gateway_alpaca -> data] Quote (venue=Venue.ALPACA, symbol=BTC/USD, bid=0.2757@37473.4, ask=0.2795@37513.38, ts=2023-11-26 20:42:55.890623+00:00)
[2023-11-26 14:42:55.826] [7763:6170996736] [INFO] [gateway_alpaca -> data] Quote (venue=Venue.ALPACA, symbol=BTC/USD, bid=0.56006@37468.233, ask=0.2795@37513.38, ts=2023-11-26 20:42:55.891291+00:00)
[2023-11-26 14:42:59.914] [7763:6170996736] [INFO] [gateway_alpaca -> data] Bar (venue=Venue.ALPACA, symbol=ETH/USD, open=2067.895, high=2067.895, low=2067.895, close=2067.895, volume=0.0, ts=2023-11-26 20:42:00+00:00)
[2023-11-26 14:43:00.235] [7763:6170996736] [INFO] [gateway_alpaca -> data] Bar (venue=Venue.ALPACA, symbol=BTC/USD, open=37487.4075, high=37490.8065, low=37487.4075, close=37490.8065, volume=0.0, ts=2023-11-26 20:42:00+00:00)
[2023-11-26 14:43:03.402] [7763:6170996736] [INFO] [gateway_alpaca -> data] Quote (venue=Venue.ALPACA, symbol=ETH/USD, bid=4.39542@2067.133, ask=4.39049@2069.14, ts=2023-11-26 20:43:03.387906+00:00)
[2023-11-26 14:43:03.408] [7763:6170996736] [INFO] [gateway_alpaca -> data] Quote (venue=Venue.ALPACA, symbol=ETH/USD, bid=4.362@2068.01, ask=4.39049@2069.14, ts=2023-11-26 20:43:03.387998+00:00)
[2023-11-26 14:43:03.411] [7763:6170996736] [INFO] [gateway_alpaca -> data] Quote (venue=Venue.ALPACA, symbol=ETH/USD, bid=4.362@2068.01, ask=13.21@2069.685, ts=2023-11-26 20:43:03.388062+00:00)
[2023-11-26 14:43:03.413] [7763:6170996736] [INFO] [gateway_alpaca -> data] Quote (venue=Venue.ALPACA, symbol=ETH/USD, bid=4.362@2068.01, ask=4.3429@2069.795, ts=2023-11-26 20:43:03.388649+00:00)
[2023-11-26 14:43:03.854] [7763:6170996736] [INFO] [gateway_alpaca -> data] Quote (venue=Venue.ALPACA, symbol=ETH/USD, bid=8.823@2066.96, ask=4.3429@2069.795, ts=2023-11-26 20:43:03.930569+00:00)
[2023-11-26 14:43:03.861] [7763:6170996736] [INFO] [gateway_alpaca -> data] Quote (venue=Venue.ALPACA, symbol=ETH/USD, bid=8.7006@2067.411, ask=4.3429@2069.795, ts=2023-11-26 20:43:03.930576+00:00)
[2023-11-26 14:43:03.864] [7763:6170996736] [INFO] [gateway_alpaca -> data] Quote (venue=Venue.ALPACA, symbol=ETH/USD, bid=4.32625@2068.536, ask=4.3429@2069.795, ts=2023-11-26 20:43:03.931308+00:00)
[2023-11-26 14:43:03.866] [7763:6170996736] [INFO] [gateway_alpaca -> data] Quote (venue=Venue.ALPACA, symbol=ETH/USD, bid=4.32625@2068.536, ask=8.82138@2070.4, ts=2023-11-26 20:43:03.931517+00:00)
[2023-11-26 14:43:04.550] [7763:6170996736] [INFO] [gateway_alpaca -> data] Quote (venue=Venue.ALPACA, symbol=ETH/USD, bid=8.7641@2068.931, ask=8.82138@2070.4, ts=2023-11-26 20:43:04.628940+00:00)
[2023-11-26 14:43:04.570] [7763:6170996736] [INFO] [gateway_alpaca -> data] Quote (venue=Venue.ALPACA, symbol=ETH/USD, bid=4.3607@2069.517, ask=8.82138@2070.4, ts=2023-11-26 20:43:04.633842+00:00)
[2023-11-26 14:43:04.572] [7763:6170996736] [INFO] [gateway_alpaca -> data] Quote (venue=Venue.ALPACA, symbol=ETH/USD, bid=4.3607@2069.517, ask=4.345@2071.265, ts=2023-11-26 20:43:04.634110+00:00)
[2023-11-26 14:43:05.335] [7763:6170996736] [INFO] [gateway_alpaca -> data] Quote (venue=Venue.ALPACA, symbol=BTC/USD, bid=0.27648@37463.7, ask=0.2795@37513.38, ts=2023-11-26 20:43:05.411457+00:00)
[2023-11-26 14:43:05.342] [7763:6170996736] [INFO] [gateway_alpaca -> data] Quote (venue=Venue.ALPACA, symbol=BTC/USD, bid=0.2785@37488.6, ask=0.2795@37513.38, ts=2023-11-26 20:43:05.412077+00:00)
[2023-11-26 14:43:05.345] [7763:6170996736] [INFO] [gateway_alpaca -> data] Quote (venue=Venue.ALPACA, symbol=BTC/USD, bid=0.2785@37488.6, ask=0.553663@37520.2, ts=2023-11-26 20:43:05.412340+00:00)
[2023-11-26 14:43:05.347] [7763:6170996736] [INFO] [gateway_alpaca -> data] Quote (venue=Venue.ALPACA, symbol=BTC/USD, bid=0.2785@37488.6, ask=1.1086@37563.714, ts=2023-11-26 20:43:05.413392+00:00)
[2023-11-26 14:43:05.349] [7763:6170996736] [INFO] [gateway_alpaca -> data] Quote (venue=Venue.ALPACA, symbol=BTC/USD, bid=0.2785@37488.6, ask=0.2755@37504.3, ts=2023-11-26 20:43:05.413400+00:00)
[2023-11-26 14:43:05.383] [7763:6170996736] [INFO] [gateway_alpaca -> data] Quote (venue=Venue.ALPACA, symbol=ETH/USD, bid=8.7641@2068.931, ask=4.345@2071.265, ts=2023-11-26 20:43:05.460317+00:00)
[2023-11-26 14:43:05.386] [7763:6170996736] [INFO] [gateway_alpaca -> data] Quote (venue=Venue.ALPACA, symbol=ETH/USD, bid=13.21@2068.369, ask=4.345@2071.265, ts=2023-11-26 20:43:05.460647+00:00)
[2023-11-26 14:43:05.388] [7763:6170996736] [INFO] [gateway_alpaca -> data] Quote (venue=Venue.ALPACA, symbol=ETH/USD, bid=17.59@2067.563, ask=4.345@2071.265, ts=2023-11-26 20:43:05.460761+00:00)
[2023-11-26 14:43:05.390] [7763:6170996736] [INFO] [gateway_alpaca -> data] Quote (venue=Venue.ALPACA, symbol=ETH/USD, bid=13.128@2068.8, ask=4.345@2071.265, ts=2023-11-26 20:43:05.460836+00:00)
[2023-11-26 14:43:05.391] [7763:6170996736] [INFO] [gateway_alpaca -> data] Quote (venue=Venue.ALPACA, symbol=ETH/USD, bid=8.747@2069.85, ask=4.345@2071.265, ts=2023-11-26 20:43:05.460983+00:00)
[2023-11-26 14:43:05.393] [7763:6170996736] [INFO] [gateway_alpaca -> data] Quote (venue=Venue.ALPACA, symbol=ETH/USD, bid=4.36034@2069.9, ask=4.345@2071.265, ts=2023-11-26 20:43:05.461623+00:00)
[2023-11-26 14:43:05.394] [7763:6170996736] [INFO] [gateway_alpaca -> data] Quote (venue=Venue.ALPACA, symbol=ETH/USD, bid=4.36034@2069.9, ask=8.7709@2071.99, ts=2023-11-26 20:43:05.461947+00:00)
[2023-11-26 14:43:07.267] [7763:6170996736] [INFO] [gateway_alpaca -> data] Quote (venue=Venue.ALPACA, symbol=ETH/USD, bid=8.747@2069.85, ask=8.7709@2071.99, ts=2023-11-26 20:43:07.329285+00:00)
[2023-11-26 14:43:07.273] [7763:6170996736] [INFO] [gateway_alpaca -> data] Quote (venue=Venue.ALPACA, symbol=ETH/USD, bid=4.3315@2070.31, ask=8.7709@2071.99, ts=2023-11-26 20:43:07.329475+00:00)
[2023-11-26 14:43:07.276] [7763:6170996736] [INFO] [gateway_alpaca -> data] Quote (venue=Venue.ALPACA, symbol=ETH/USD, bid=4.3315@2070.31, ask=4.3811@2072.427, ts=2023-11-26 20:43:07.329508+00:00)
[2023-11-26 14:43:07.279] [7763:6170996736] [INFO] [gateway_alpaca -> data] Quote (venue=Venue.ALPACA, symbol=ETH/USD, bid=4.3315@2070.31, ask=4.3565@2072.36, ts=2023-11-26 20:43:07.329679+00:00)
[2023-11-26 14:43:07.281] [7763:6170996736] [INFO] [gateway_alpaca -> data] Quote (venue=Venue.ALPACA, symbol=ETH/USD, bid=4.3315@2070.31, ask=8.805@2072.294, ts=2023-11-26 20:43:07.330758+00:00)
[2023-11-26 14:43:12.038] [7763:6170996736] [INFO] [gateway_alpaca -> data] Quote (venue=Venue.ALPACA, symbol=ETH/USD, bid=4.3315@2070.31, ask=4.37589@2072.079, ts=2023-11-26 20:43:12.118471+00:00)
[2023-11-26 14:43:12.045] [7763:6170996736] [INFO] [gateway_alpaca -> data] Quote (venue=Venue.ALPACA, symbol=ETH/USD, bid=13.12@2069.18, ask=4.37589@2072.079, ts=2023-11-26 20:43:12.118722+00:00)
[2023-11-26 14:43:12.048] [7763:6170996736] [INFO] [gateway_alpaca -> data] Quote (venue=Venue.ALPACA, symbol=ETH/USD, bid=4.396@2069.3, ask=4.37589@2072.079, ts=2023-11-26 20:43:12.119086+00:00)
[2023-11-26 14:43:12.090] [7763:6170996736] [INFO] [gateway_alpaca -> data] Quote (venue=Venue.ALPACA, symbol=ETH/USD, bid=4.396@2069.3, ask=8.746@2071.63, ts=2023-11-26 20:43:12.121633+00:00)
[2023-11-26 14:43:23.113] [7763:6170996736] [INFO] [gateway_alpaca -> data] Quote (venue=Venue.ALPACA, symbol=ETH/USD, bid=8.78@2070.26, ask=8.746@2071.63, ts=2023-11-26 20:43:23.142349+00:00)
[2023-11-26 14:43:23.145] [7763:6170996736] [INFO] [gateway_alpaca -> data] Quote (venue=Venue.ALPACA, symbol=ETH/USD, bid=4.3959@2070.87, ask=8.746@2071.63, ts=2023-11-26 20:43:23.143088+00:00)
[2023-11-26 14:43:23.168] [7763:6170996736] [INFO] [gateway_alpaca -> data] Quote (venue=Venue.ALPACA, symbol=ETH/USD, bid=4.3959@2070.87, ask=4.39898@2072.037, ts=2023-11-26 20:43:23.143559+00:00)
[2023-11-26 14:43:25.187] [7763:6170996736] [INFO] [gateway_alpaca -> data] Quote (venue=Venue.ALPACA, symbol=ETH/USD, bid=8.78@2070.26, ask=4.39898@2072.037, ts=2023-11-26 20:43:25.239689+00:00)
[2023-11-26 14:43:25.194] [7763:6170996736] [INFO] [gateway_alpaca -> data] Quote (venue=Venue.ALPACA, symbol=ETH/USD, bid=8.78@2070.26, ask=8.7598@2073.16, ts=2023-11-26 20:43:25.240155+00:00)
[2023-11-26 14:43:25.197] [7763:6170996736] [INFO] [gateway_alpaca -> data] Quote (venue=Venue.ALPACA, symbol=ETH/USD, bid=8.78@2070.26, ask=4.373@2072.45, ts=2023-11-26 20:43:25.240186+00:00)
[2023-11-26 14:43:25.199] [7763:6170996736] [INFO] [gateway_alpaca -> data] Quote (venue=Venue.ALPACA, symbol=ETH/USD, bid=4.3828@2070.22, ask=4.373@2072.45, ts=2023-11-26 20:43:25.240332+00:00)
[2023-11-26 14:43:26.507] [7763:6170996736] [INFO] [gateway_alpaca -> data] Quote (venue=Venue.ALPACA, symbol=ETH/USD, bid=8.7098@2069.679, ask=4.373@2072.45, ts=2023-11-26 20:43:26.578220+00:00)
[2023-11-26 14:43:26.514] [7763:6170996736] [INFO] [gateway_alpaca -> data] Quote (venue=Venue.ALPACA, symbol=ETH/USD, bid=8.7098@2069.679, ask=8.82136@2071.705, ts=2023-11-26 20:43:26.578434+00:00)
[2023-11-26 14:43:26.516] [7763:6170996736] [INFO] [gateway_alpaca -> data] Quote (venue=Venue.ALPACA, symbol=ETH/USD, bid=8.7098@2069.679, ask=4.341@2071.635, ts=2023-11-26 20:43:26.578769+00:00)
[2023-11-26 14:43:26.518] [7763:6170996736] [INFO] [gateway_alpaca -> data] Quote (venue=Venue.ALPACA, symbol=ETH/USD, bid=4.3981@2069.51, ask=4.341@2071.635, ts=2023-11-26 20:43:26.579008+00:00)
[2023-11-26 14:43:26.520] [7763:6170996736] [INFO] [gateway_alpaca -> data] Quote (venue=Venue.ALPACA, symbol=ETH/USD, bid=8.66341@2069.55, ask=4.341@2071.635, ts=2023-11-26 20:43:26.579384+00:00)
[2023-11-26 14:43:41.877] [7763:6170996736] [INFO] [gateway_alpaca -> data] Quote (venue=Venue.ALPACA, symbol=ETH/USD, bid=8.66341@2069.55, ask=8.7954@2071.1, ts=2023-11-26 20:43:41.953735+00:00)
[2023-11-26 14:43:41.890] [7763:6170996736] [INFO] [gateway_alpaca -> data] Quote (venue=Venue.ALPACA, symbol=ETH/USD, bid=4.3981@2069.51, ask=8.7954@2071.1, ts=2023-11-26 20:43:41.954096+00:00)
[2023-11-26 14:43:41.897] [7763:6170996736] [INFO] [gateway_alpaca -> data] Quote (venue=Venue.ALPACA, symbol=ETH/USD, bid=13.09@2067.65, ask=8.7954@2071.1, ts=2023-11-26 20:43:41.954445+00:00)
[2023-11-26 14:43:41.899] [7763:6170996736] [INFO] [gateway_alpaca -> data] Quote (venue=Venue.ALPACA, symbol=ETH/USD, bid=8.7876@2068.6, ask=8.7954@2071.1, ts=2023-11-26 20:43:41.954704+00:00)
[2023-11-26 14:43:41.901] [7763:6170996736] [INFO] [gateway_alpaca -> data] Quote (venue=Venue.ALPACA, symbol=ETH/USD, bid=8.7876@2068.6, ask=4.3932@2070.844, ts=2023-11-26 20:43:41.954780+00:00)
[2023-11-26 14:43:54.254] [7763:6170996736] [INFO] [gateway_alpaca -> data] Quote (venue=Venue.ALPACA, symbol=ETH/USD, bid=8.7449@2069.287, ask=4.3932@2070.844, ts=2023-11-26 20:43:54.331706+00:00)
[2023-11-26 14:43:54.260] [7763:6170996736] [INFO] [gateway_alpaca -> data] Quote (venue=Venue.ALPACA, symbol=ETH/USD, bid=4.36791@2069.33, ask=4.3932@2070.844, ts=2023-11-26 20:43:54.331919+00:00)
[2023-11-26 14:43:54.264] [7763:6170996736] [INFO] [gateway_alpaca -> data] Quote (venue=Venue.ALPACA, symbol=ETH/USD, bid=4.36791@2069.33, ask=8.7954@2071.1, ts=2023-11-26 20:43:54.331928+00:00)
[2023-11-26 14:43:54.267] [7763:6170996736] [INFO] [gateway_alpaca -> data] Quote (venue=Venue.ALPACA, symbol=ETH/USD, bid=4.36791@2069.33, ask=4.3375@2070.775, ts=2023-11-26 20:43:54.332001+00:00)
[2023-11-26 14:43:59.916] [7763:6170996736] [INFO] [gateway_alpaca -> data] Bar (venue=Venue.ALPACA, symbol=ETH/USD, open=2068.9025, high=2071.4535, low=2068.9025, close=2070.0525, volume=0.0, ts=2023-11-26 20:43:00+00:00)
[2023-11-26 14:44:31.465] [7763:6170996736] [INFO] [gateway_alpaca -> data] Quote (venue=Venue.ALPACA, symbol=BTC/USD, bid=0.55229@37473.402, ask=0.2755@37504.3, ts=2023-11-26 20:44:31.547731+00:00)
[2023-11-26 14:44:31.472] [7763:6170996736] [INFO] [gateway_alpaca -> data] Quote (venue=Venue.ALPACA, symbol=BTC/USD, bid=0.55229@37473.402, ask=0.554315@37513.1, ts=2023-11-26 20:44:31.548250+00:00)
[2023-11-26 14:44:31.476] [7763:6170996736] [INFO] [gateway_alpaca -> data] Quote (venue=Venue.ALPACA, symbol=BTC/USD, bid=0.28041@37480.85, ask=0.554315@37513.1, ts=2023-11-26 20:44:31.549757+00:00)
[2023-11-26 14:45:00.256] [7763:6170996736] [INFO] [gateway_alpaca -> data] Quote (venue=Venue.ALPACA, symbol=ETH/USD, bid=4.36791@2069.33, ask=13.03@2072.88, ts=2023-11-26 20:45:00.093349+00:00)
[2023-11-26 14:45:00.269] [7763:6170996736] [INFO] [gateway_alpaca -> data] Quote (venue=Venue.ALPACA, symbol=ETH/USD, bid=8.7449@2069.287, ask=13.03@2072.88, ts=2023-11-26 20:45:00.093641+00:00)
[2023-11-26 14:45:00.392] [7763:6170996736] [INFO] [gateway_alpaca -> data] Quote (venue=Venue.ALPACA, symbol=ETH/USD, bid=8.7449@2069.287, ask=4.34195@2071.169, ts=2023-11-26 20:45:00.093709+00:00)
[2023-11-26 14:45:00.398] [7763:6170996736] [INFO] [gateway_alpaca -> data] Quote (venue=Venue.ALPACA, symbol=ETH/USD, bid=8.692@2068.608, ask=4.34195@2071.169, ts=2023-11-26 20:45:00.095914+00:00)
[2023-11-26 14:45:09.317] [7763:6170996736] [INFO] [gateway_alpaca -> data] Quote (venue=Venue.ALPACA, symbol=ETH/USD, bid=4.343@2068.6, ask=4.34195@2071.169, ts=2023-11-26 20:45:09.406284+00:00)
[2023-11-26 14:45:09.324] [7763:6170996736] [INFO] [gateway_alpaca -> data] Quote (venue=Venue.ALPACA, symbol=ETH/USD, bid=4.332@2069.8, ask=4.34195@2071.169, ts=2023-11-26 20:45:09.406482+00:00)
[2023-11-26 14:45:09.327] [7763:6170996736] [INFO] [gateway_alpaca -> data] Quote (venue=Venue.ALPACA, symbol=ETH/USD, bid=4.332@2069.8, ask=17.48296@2071.2, ts=2023-11-26 20:45:09.406487+00:00)
[2023-11-26 14:45:09.329] [7763:6170996736] [INFO] [gateway_alpaca -> data] Quote (venue=Venue.ALPACA, symbol=ETH/USD, bid=4.332@2069.8, ask=21.85696@2071.2, ts=2023-11-26 20:45:09.406679+00:00)
[2023-11-26 14:45:09.331] [7763:6170996736] [INFO] [gateway_alpaca -> data] Quote (venue=Venue.ALPACA, symbol=ETH/USD, bid=4.332@2069.8, ask=13.19796@2071.2, ts=2023-11-26 20:45:09.407235+00:00)
[2023-11-26 14:45:26.477] [7763:6170996736] [INFO] [gateway_alpaca -> data] Quote (venue=Venue.ALPACA, symbol=BTC/USD, bid=0.28041@37480.85, ask=0.834832@37525.0, ts=2023-11-26 20:45:26.564606+00:00)
[2023-11-26 14:45:26.481] [7763:6170996736] [INFO] [gateway_alpaca -> data] Quote (venue=Venue.ALPACA, symbol=BTC/USD, bid=0.55043@37478.2, ask=0.834832@37525.0, ts=2023-11-26 20:45:26.564725+00:00)
[2023-11-26 14:45:26.486] [7763:6170996736] [INFO] [gateway_alpaca -> data] Quote (venue=Venue.ALPACA, symbol=BTC/USD, bid=0.55043@37478.2, ask=0.2762@37531.16, ts=2023-11-26 20:45:26.566044+00:00)
[2023-11-26 14:45:42.041] [7763:6170996736] [INFO] [gateway_alpaca -> data] Quote (venue=Venue.ALPACA, symbol=BTC/USD, bid=0.2763@37478.0, ask=0.2762@37531.16, ts=2023-11-26 20:45:42.083211+00:00)
[2023-11-26 14:45:42.048] [7763:6170996736] [INFO] [gateway_alpaca -> data] Quote (venue=Venue.ALPACA, symbol=BTC/USD, bid=0.2763@37478.0, ask=0.2786@37523.82, ts=2023-11-26 20:45:42.083522+00:00)
[2023-11-26 14:45:42.051] [7763:6170996736] [INFO] [gateway_alpaca -> data] Quote (venue=Venue.ALPACA, symbol=BTC/USD, bid=0.83109@37471.33, ask=0.2786@37523.82, ts=2023-11-26 20:45:42.083770+00:00)
[2023-11-26 14:45:42.053] [7763:6170996736] [INFO] [gateway_alpaca -> data] Quote (venue=Venue.ALPACA, symbol=BTC/USD, bid=0.278199@37474.514, ask=0.2786@37523.82, ts=2023-11-26 20:45:42.084467+00:00)
[2023-11-26 14:45:42.055] [7763:6170996736] [INFO] [gateway_alpaca -> data] Quote (venue=Venue.ALPACA, symbol=BTC/USD, bid=0.278199@37474.514, ask=0.5526@37517.3, ts=2023-11-26 20:45:42.084929+00:00)
[2023-11-26 14:45:42.455] [7763:6170996736] [INFO] [gateway_alpaca -> data] Quote (venue=Venue.ALPACA, symbol=ETH/USD, bid=8.734@2068.391, ask=13.19796@2071.2, ts=2023-11-26 20:45:42.534145+00:00)
[2023-11-26 14:45:42.461] [7763:6170996736] [INFO] [gateway_alpaca -> data] Quote (venue=Venue.ALPACA, symbol=ETH/USD, bid=12.99@2067.97, ask=13.19796@2071.2, ts=2023-11-26 20:45:42.534464+00:00)
[2023-11-26 14:45:42.464] [7763:6170996736] [INFO] [gateway_alpaca -> data] Quote (venue=Venue.ALPACA, symbol=ETH/USD, bid=4.39221@2068.3, ask=13.19796@2071.2, ts=2023-11-26 20:45:42.534478+00:00)
[2023-11-26 14:45:42.466] [7763:6170996736] [INFO] [gateway_alpaca -> data] Quote (venue=Venue.ALPACA, symbol=ETH/USD, bid=4.39221@2068.3, ask=4.374@2071.2, ts=2023-11-26 20:45:42.534639+00:00)
[2023-11-26 14:45:42.468] [7763:6170996736] [INFO] [gateway_alpaca -> data] Quote (venue=Venue.ALPACA, symbol=ETH/USD, bid=4.39221@2068.3, ask=4.349@2070.785, ts=2023-11-26 20:45:42.535589+00:00)
[2023-11-26 14:45:42.470] [7763:6170996736] [INFO] [gateway_alpaca -> data] Quote (venue=Venue.ALPACA, symbol=ETH/USD, bid=8.71@2068.55, ask=4.349@2070.785, ts=2023-11-26 20:45:42.536606+00:00)
[2023-11-26 14:45:48.934] [7763:6170996736] [INFO] [gateway_alpaca -> data] Quote (venue=Venue.ALPACA, symbol=ETH/USD, bid=8.683@2069.6, ask=4.349@2070.785, ts=2023-11-26 20:45:49.021877+00:00)
[2023-11-26 14:45:48.940] [7763:6170996736] [INFO] [gateway_alpaca -> data] Quote (venue=Venue.ALPACA, symbol=ETH/USD, bid=8.683@2069.6, ask=4.34581@2070.871, ts=2023-11-26 20:45:49.022291+00:00)
[2023-11-26 14:45:59.919] [7763:6170996736] [INFO] [gateway_alpaca -> data] Bar (venue=Venue.ALPACA, symbol=BTC/USD, open=37504.68, high=37504.68, low=37495.907, close=37495.907, volume=0.0, ts=2023-11-26 20:45:00+00:00)
[2023-11-26 14:46:00.526] [7763:6170996736] [INFO] [gateway_alpaca -> data] Bar (venue=Venue.ALPACA, symbol=ETH/USD, open=2069.8885, high=2070.5, low=2069.6675, close=2070.2355, volume=0.0, ts=2023-11-26 20:45:00+00:00)
[2023-11-26 14:46:07.450] [7763:6170996736] [INFO] [gateway_alpaca -> data] Quote (venue=Venue.ALPACA, symbol=ETH/USD, bid=8.683@2069.6, ask=4.345328351@2070.871, ts=2023-11-26 20:46:07.532264+00:00)
[2023-11-26 14:46:07.457] [7763:6170996736] [INFO] [gateway_alpaca -> data] Trade (venue=Venue.ALPACA, symbol=ETH/USD, price=2070.871, volume=0.000481649, ts=2023-11-26 20:46:07.532264+00:00)
[2023-11-26 14:46:07.498] [7763:6170996736] [INFO] [gateway_alpaca -> data] Quote (venue=Venue.ALPACA, symbol=ETH/USD, bid=8.683@2069.6, ask=8.75@2071.17, ts=2023-11-26 20:46:07.571577+00:00)
[2023-11-26 14:46:07.510] [7763:6170996736] [INFO] [gateway_alpaca -> data] Quote (venue=Venue.ALPACA, symbol=ETH/USD, bid=4.3536@2068.856, ask=8.75@2071.17, ts=2023-11-26 20:46:07.571665+00:00)
[2023-11-26 14:46:07.512] [7763:6170996736] [INFO] [gateway_alpaca -> data] Quote (venue=Venue.ALPACA, symbol=ETH/USD, bid=8.767@2069.0, ask=8.75@2071.17, ts=2023-11-26 20:46:07.571671+00:00)
[2023-11-26 14:46:07.539] [7763:6170996736] [INFO] [gateway_alpaca -> data] Quote (venue=Venue.ALPACA, symbol=ETH/USD, bid=4.4029@2070.2, ask=8.75@2071.17, ts=2023-11-26 20:46:07.571818+00:00)
[2023-11-26 14:46:07.541] [7763:6170996736] [INFO] [gateway_alpaca -> data] Quote (venue=Venue.ALPACA, symbol=ETH/USD, bid=4.4029@2070.2, ask=4.36756@2071.4, ts=2023-11-26 20:46:07.573932+00:00)
[2023-11-26 14:46:07.727] [7763:6170996736] [INFO] [gateway_alpaca -> data] Quote (venue=Venue.ALPACA, symbol=BTC/USD, bid=0.278199@37474.514, ask=0.552573521@37517.3, ts=2023-11-26 20:46:07.830604+00:00)
[2023-11-26 14:46:07.733] [7763:6170996736] [INFO] [gateway_alpaca -> data] Trade (venue=Venue.ALPACA, symbol=BTC/USD, price=37517.3, volume=2.6479e-05, ts=2023-11-26 20:46:07.830604+00:00)
[2023-11-26 14:46:07.780] [7763:6170996736] [INFO] [gateway_alpaca -> data] Quote (venue=Venue.ALPACA, symbol=BTC/USD, bid=0.278199@37474.514, ask=0.2786@37518.87, ts=2023-11-26 20:46:07.876866+00:00)
[2023-11-26 14:46:07.785] [7763:6170996736] [INFO] [gateway_alpaca -> data] Quote (venue=Venue.ALPACA, symbol=BTC/USD, bid=0.5554@37482.4, ask=0.2786@37518.87, ts=2023-11-26 20:46:07.877277+00:00)
[2023-11-26 14:46:07.788] [7763:6170996736] [INFO] [gateway_alpaca -> data] Quote (venue=Venue.ALPACA, symbol=BTC/USD, bid=0.2772@37488.63, ask=0.2786@37518.87, ts=2023-11-26 20:46:07.877624+00:00)
[2023-11-26 14:46:28.345] [7763:6170996736] [INFO] [gateway_alpaca -> data] Quote (venue=Venue.ALPACA, symbol=BTC/USD, bid=0.82646@37469.892, ask=0.2786@37518.87, ts=2023-11-26 20:46:28.429502+00:00)
[2023-11-26 14:46:28.352] [7763:6170996736] [INFO] [gateway_alpaca -> data] Quote (venue=Venue.ALPACA, symbol=BTC/USD, bid=0.552@37482.2, ask=0.2786@37518.87, ts=2023-11-26 20:46:28.429613+00:00)
[2023-11-26 14:46:28.356] [7763:6170996736] [INFO] [gateway_alpaca -> data] Quote (venue=Venue.ALPACA, symbol=BTC/USD, bid=0.8409@37483.06, ask=0.2786@37518.87, ts=2023-11-26 20:46:28.430429+00:00)
[2023-11-26 14:46:28.358] [7763:6170996736] [INFO] [gateway_alpaca -> data] Quote (venue=Venue.ALPACA, symbol=BTC/USD, bid=0.2803@37485.7, ask=0.2786@37518.87, ts=2023-11-26 20:46:28.430634+00:00)
[2023-11-26 14:46:28.360] [7763:6170996736] [INFO] [gateway_alpaca -> data] Quote (venue=Venue.ALPACA, symbol=BTC/USD, bid=0.2803@37485.7, ask=0.5522@37526.9, ts=2023-11-26 20:46:28.431260+00:00)
[2023-11-26 14:46:28.383] [7763:6170996736] [INFO] [gateway_alpaca -> data] Quote (venue=Venue.ALPACA, symbol=ETH/USD, bid=4.372@2070.78, ask=4.36756@2071.4, ts=2023-11-26 20:46:28.486416+00:00)
[2023-11-26 14:46:28.389] [7763:6170996736] [INFO] [gateway_alpaca -> data] Quote (venue=Venue.ALPACA, symbol=ETH/USD, bid=4.372@2070.78, ask=8.821@2071.8, ts=2023-11-26 20:46:28.486688+00:00)
[2023-11-26 14:46:28.395] [7763:6170996736] [INFO] [gateway_alpaca -> data] Quote (venue=Venue.ALPACA, symbol=ETH/USD, bid=4.372@2070.78, ask=4.3692@2072.384, ts=2023-11-26 20:46:28.487438+00:00)
[2023-11-26 14:46:28.723] [7763:6170996736] [INFO] [gateway_alpaca -> data] Quote (venue=Venue.ALPACA, symbol=ETH/USD, bid=4.372@2070.78, ask=8.676@2072.77, ts=2023-11-26 20:46:28.760186+00:00)
[2023-11-26 14:46:28.726] [7763:6170996736] [INFO] [gateway_alpaca -> data] Quote (venue=Venue.ALPACA, symbol=ETH/USD, bid=4.372@2070.78, ask=12.9928@2073.929, ts=2023-11-26 20:46:28.760209+00:00)
[2023-11-26 14:46:28.729] [7763:6170996736] [INFO] [gateway_alpaca -> data] Quote (venue=Venue.ALPACA, symbol=ETH/USD, bid=8.8253@2070.7, ask=12.9928@2073.929, ts=2023-11-26 20:46:28.760336+00:00)
[2023-11-26 14:46:28.731] [7763:6170996736] [INFO] [gateway_alpaca -> data] Quote (venue=Venue.ALPACA, symbol=ETH/USD, bid=8.8253@2070.7, ask=8.66243@2073.47, ts=2023-11-26 20:46:28.760363+00:00)
[2023-11-26 14:46:28.733] [7763:6170996736] [INFO] [gateway_alpaca -> data] Quote (venue=Venue.ALPACA, symbol=BTC/USD, bid=0.84045@37494.7, ask=0.5522@37526.9, ts=2023-11-26 20:46:28.789431+00:00)
[2023-11-26 14:46:28.735] [7763:6170996736] [INFO] [gateway_alpaca -> data] Quote (venue=Venue.ALPACA, symbol=BTC/USD, bid=0.55705@37497.5, ask=0.5522@37526.9, ts=2023-11-26 20:46:28.789634+00:00)
[2023-11-26 14:46:28.736] [7763:6170996736] [INFO] [gateway_alpaca -> data] Quote (venue=Venue.ALPACA, symbol=BTC/USD, bid=0.55705@37497.5, ask=0.27527@37536.2, ts=2023-11-26 20:46:28.789897+00:00)
[2023-11-26 14:46:28.738] [7763:6170996736] [INFO] [gateway_alpaca -> data] Quote (venue=Venue.ALPACA, symbol=BTC/USD, bid=0.27919@37506.709, ask=0.27527@37536.2, ts=2023-11-26 20:46:28.789962+00:00)
[2023-11-26 14:46:28.740] [7763:6170996736] [INFO] [gateway_alpaca -> data] Quote (venue=Venue.ALPACA, symbol=BTC/USD, bid=0.27919@37506.709, ask=0.2756@37541.4, ts=2023-11-26 20:46:28.790420+00:00)
[2023-11-26 14:46:28.861] [7763:6170996736] [INFO] [gateway_alpaca -> data] Quote (venue=Venue.ALPACA, symbol=ETH/USD, bid=4.376@2071.832, ask=8.66243@2073.47, ts=2023-11-26 20:46:28.964164+00:00)
[2023-11-26 14:46:28.866] [7763:6170996736] [INFO] [gateway_alpaca -> data] Quote (venue=Venue.ALPACA, symbol=ETH/USD, bid=4.376@2071.832, ask=17.35061@2073.6, ts=2023-11-26 20:46:28.964174+00:00)
[2023-11-26 14:46:28.869] [7763:6170996736] [INFO] [gateway_alpaca -> data] Quote (venue=Venue.ALPACA, symbol=ETH/USD, bid=4.376@2071.832, ask=13.0171@2073.6, ts=2023-11-26 20:46:28.965307+00:00)
[2023-11-26 14:46:28.881] [7763:6170996736] [INFO] [gateway_alpaca -> data] Quote (venue=Venue.ALPACA, symbol=ETH/USD, bid=4.376@2071.832, ask=8.7025@2073.853, ts=2023-11-26 20:46:28.967054+00:00)
[2023-11-26 14:46:28.966] [7763:6170996736] [INFO] [gateway_alpaca -> data] Quote (venue=Venue.ALPACA, symbol=BTC/USD, bid=0.55705@37497.5, ask=0.2756@37541.4, ts=2023-11-26 20:46:29.068644+00:00)
[2023-11-26 14:46:28.970] [7763:6170996736] [INFO] [gateway_alpaca -> data] Quote (venue=Venue.ALPACA, symbol=BTC/USD, bid=0.278394@37519.826, ask=0.2756@37541.4, ts=2023-11-26 20:46:29.068665+00:00)
[2023-11-26 14:46:28.972] [7763:6170996736] [INFO] [gateway_alpaca -> data] Quote (venue=Venue.ALPACA, symbol=BTC/USD, bid=0.278394@37519.826, ask=0.83758@37552.95, ts=2023-11-26 20:46:29.068687+00:00)
[2023-11-26 14:46:28.977] [7763:6170996736] [INFO] [gateway_alpaca -> data] Quote (venue=Venue.ALPACA, symbol=BTC/USD, bid=0.278394@37519.826, ask=0.276666@37555.71, ts=2023-11-26 20:46:29.069741+00:00)
[2023-11-26 14:46:29.120] [7763:6170996736] [INFO] [gateway_alpaca -> data] Quote (venue=Venue.ALPACA, symbol=ETH/USD, bid=8.7277@2071.5, ask=8.7025@2073.853, ts=2023-11-26 20:46:29.219243+00:00)
[2023-11-26 14:46:29.124] [7763:6170996736] [INFO] [gateway_alpaca -> data] Quote (venue=Venue.ALPACA, symbol=ETH/USD, bid=13.12@2071.72, ask=8.7025@2073.853, ts=2023-11-26 20:46:29.219648+00:00)
[2023-11-26 14:46:29.127] [7763:6170996736] [INFO] [gateway_alpaca -> data] Quote (venue=Venue.ALPACA, symbol=ETH/USD, bid=4.37052@2072.0, ask=8.7025@2073.853, ts=2023-11-26 20:46:29.220086+00:00)
[2023-11-26 14:46:29.129] [7763:6170996736] [INFO] [gateway_alpaca -> data] Quote (venue=Venue.ALPACA, symbol=ETH/USD, bid=4.37052@2072.0, ask=4.379@2073.896, ts=2023-11-26 20:46:29.220429+00:00)
[2023-11-26 14:46:29.133] [7763:6170996736] [INFO] [gateway_alpaca -> data] Quote (venue=Venue.ALPACA, symbol=ETH/USD, bid=8.65431@2072.353, ask=4.379@2073.896, ts=2023-11-26 20:46:29.221090+00:00)
[2023-11-26 14:46:29.135] [7763:6170996736] [INFO] [gateway_alpaca -> data] Quote (venue=Venue.ALPACA, symbol=ETH/USD, bid=8.65431@2072.353, ask=8.7846@2074.5, ts=2023-11-26 20:46:29.221182+00:00)
[2023-11-26 14:46:29.545] [7763:6170996736] [INFO] [gateway_alpaca -> data] Quote (venue=Venue.ALPACA, symbol=BTC/USD, bid=0.278394@37519.826, ask=0.55779@37571.34, ts=2023-11-26 20:46:29.627173+00:00)
[2023-11-26 14:46:29.552] [7763:6170996736] [INFO] [gateway_alpaca -> data] Quote (venue=Venue.ALPACA, symbol=BTC/USD, bid=0.55447@37519.44, ask=0.55779@37571.34, ts=2023-11-26 20:46:29.627327+00:00)
[2023-11-26 14:46:29.555] [7763:6170996736] [INFO] [gateway_alpaca -> data] Quote (venue=Venue.ALPACA, symbol=BTC/USD, bid=0.837156@37514.02, ask=0.55779@37571.34, ts=2023-11-26 20:46:29.627409+00:00)
[2023-11-26 14:46:29.557] [7763:6170996736] [INFO] [gateway_alpaca -> data] Quote (venue=Venue.ALPACA, symbol=BTC/USD, bid=0.560789@37536.41, ask=0.55779@37571.34, ts=2023-11-26 20:46:29.627438+00:00)
[2023-11-26 14:46:29.559] [7763:6170996736] [INFO] [gateway_alpaca -> data] Quote (venue=Venue.ALPACA, symbol=BTC/USD, bid=0.560789@37536.41, ask=0.27624@37574.3, ts=2023-11-26 20:46:29.627597+00:00)
[2023-11-26 14:46:29.872] [7763:6170996736] [INFO] [gateway_alpaca -> data] Quote (venue=Venue.ALPACA, symbol=ETH/USD, bid=8.65431@2072.353, ask=4.394@2074.831, ts=2023-11-26 20:46:29.871202+00:00)
[2023-11-26 14:46:29.878] [7763:6170996736] [INFO] [gateway_alpaca -> data] Quote (venue=Venue.ALPACA, symbol=ETH/USD, bid=8.70977@2073.3, ask=4.394@2074.831, ts=2023-11-26 20:46:29.872339+00:00)
[2023-11-26 14:46:29.880] [7763:6170996736] [INFO] [gateway_alpaca -> data] Quote (venue=Venue.ALPACA, symbol=ETH/USD, bid=8.70977@2073.3, ask=12.994@2076.55, ts=2023-11-26 20:46:29.872717+00:00)
[2023-11-26 14:46:29.882] [7763:6170996736] [INFO] [gateway_alpaca -> data] Quote (venue=Venue.ALPACA, symbol=ETH/USD, bid=8.70977@2073.3, ask=8.81533@2075.84, ts=2023-11-26 20:46:29.872722+00:00)
[2023-11-26 14:46:29.884] [7763:6170996736] [INFO] [gateway_alpaca -> data] Quote (venue=Venue.ALPACA, symbol=ETH/USD, bid=8.70977@2073.3, ask=4.4089@2074.885, ts=2023-11-26 20:46:29.872776+00:00)
[2023-11-26 14:46:30.185] [7763:6170996736] [INFO] [gateway_alpaca -> data] Quote (venue=Venue.ALPACA, symbol=BTC/USD, bid=0.56059@37539.74, ask=0.27624@37574.3, ts=2023-11-26 20:46:30.214050+00:00)
[2023-11-26 14:46:30.192] [7763:6170996736] [INFO] [gateway_alpaca -> data] Quote (venue=Venue.ALPACA, symbol=BTC/USD, bid=0.2776@37549.1, ask=0.27624@37574.3, ts=2023-11-26 20:46:30.214230+00:00)
[2023-11-26 14:46:30.195] [7763:6170996736] [INFO] [gateway_alpaca -> data] Quote (venue=Venue.ALPACA, symbol=BTC/USD, bid=0.2776@37549.1, ask=0.554814@37581.15, ts=2023-11-26 20:46:30.215698+00:00)
[2023-11-26 14:46:30.198] [7763:6170996736] [INFO] [gateway_alpaca -> data] Quote (venue=Venue.ALPACA, symbol=BTC/USD, bid=0.2776@37549.1, ask=0.556438@37584.3, ts=2023-11-26 20:46:30.215860+00:00)
[2023-11-26 14:46:30.498] [7763:6170996736] [INFO] [gateway_alpaca -> data] Quote (venue=Venue.ALPACA, symbol=ETH/USD, bid=4.37811@2074.021, ask=4.4089@2074.885, ts=2023-11-26 20:46:30.575063+00:00)
[2023-11-26 14:46:30.504] [7763:6170996736] [INFO] [gateway_alpaca -> data] Quote (venue=Venue.ALPACA, symbol=ETH/USD, bid=4.37811@2074.021, ask=8.81533@2075.84, ts=2023-11-26 20:46:30.576537+00:00)
[2023-11-26 14:46:30.508] [7763:6170996736] [INFO] [gateway_alpaca -> data] Quote (venue=Venue.ALPACA, symbol=ETH/USD, bid=4.37811@2074.021, ask=13.047@2077.01, ts=2023-11-26 20:46:30.579135+00:00)
[2023-11-26 14:46:30.510] [7763:6170996736] [INFO] [gateway_alpaca -> data] Quote (venue=Venue.ALPACA, symbol=ETH/USD, bid=4.37811@2074.021, ask=4.404@2076.38, ts=2023-11-26 20:46:30.579184+00:00)
[2023-11-26 14:46:30.512] [7763:6170996736] [INFO] [gateway_alpaca -> data] Quote (venue=Venue.ALPACA, symbol=ETH/USD, bid=4.37811@2074.021, ask=8.692@2076.2, ts=2023-11-26 20:46:30.580297+00:00)
[2023-11-26 14:46:30.623] [7763:6170996736] [INFO] [gateway_alpaca -> data] Quote (venue=Venue.ALPACA, symbol=BTC/USD, bid=0.278798@37555.21, ask=0.556438@37584.3, ts=2023-11-26 20:46:30.724750+00:00)
[2023-11-26 14:46:30.642] [7763:6170996736] [INFO] [gateway_alpaca -> data] Quote (venue=Venue.ALPACA, symbol=BTC/USD, bid=0.278798@37555.21, ask=0.2785@37603.325, ts=2023-11-26 20:46:30.728639+00:00)
[2023-11-26 14:46:30.744] [7763:6170996736] [INFO] [gateway_alpaca -> data] Quote (venue=Venue.ALPACA, symbol=ETH/USD, bid=13.1201@2074.98, ask=8.692@2076.2, ts=2023-11-26 20:46:30.848195+00:00)
[2023-11-26 14:46:30.758] [7763:6170996736] [INFO] [gateway_alpaca -> data] Quote (venue=Venue.ALPACA, symbol=ETH/USD, bid=13.1201@2074.98, ask=4.394@2077.3, ts=2023-11-26 20:46:30.851519+00:00)
[2023-11-26 14:46:30.761] [7763:6170996736] [INFO] [gateway_alpaca -> data] Quote (venue=Venue.ALPACA, symbol=ETH/USD, bid=8.7336@2075.4, ask=4.394@2077.3, ts=2023-11-26 20:46:30.852073+00:00)
[2023-11-26 14:46:30.764] [7763:6170996736] [INFO] [gateway_alpaca -> data] Quote (venue=Venue.ALPACA, symbol=ETH/USD, bid=4.39619@2075.6, ask=4.394@2077.3, ts=2023-11-26 20:46:30.852494+00:00)
[2023-11-26 14:46:31.010] [7763:6170996736] [INFO] [gateway_alpaca -> data] Quote (venue=Venue.ALPACA, symbol=BTC/USD, bid=0.278798@37555.21, ask=0.83016@37624.1, ts=2023-11-26 20:46:31.111407+00:00)
[2023-11-26 14:46:31.015] [7763:6170996736] [INFO] [gateway_alpaca -> data] Quote (venue=Venue.ALPACA, symbol=BTC/USD, bid=0.55839@37553.62, ask=0.83016@37624.1, ts=2023-11-26 20:46:31.111567+00:00)
[2023-11-26 14:46:31.018] [7763:6170996736] [INFO] [gateway_alpaca -> data] Quote (venue=Venue.ALPACA, symbol=BTC/USD, bid=0.276034@37584.381, ask=0.83016@37624.1, ts=2023-11-26 20:46:31.111645+00:00)
[2023-11-26 14:46:31.021] [7763:6170996736] [INFO] [gateway_alpaca -> data] Quote (venue=Venue.ALPACA, symbol=BTC/USD, bid=0.5504@37592.811, ask=0.83016@37624.1, ts=2023-11-26 20:46:31.111936+00:00)
[2023-11-26 14:46:31.023] [7763:6170996736] [INFO] [gateway_alpaca -> data] Quote (venue=Venue.ALPACA, symbol=BTC/USD, bid=0.5504@37592.811, ask=0.27826@37635.87, ts=2023-11-26 20:46:31.112090+00:00)
[2023-11-26 14:46:31.400] [7763:6170996736] [INFO] [gateway_alpaca -> data] Quote (venue=Venue.ALPACA, symbol=BTC/USD, bid=0.5504@37592.811, ask=0.5565@37637.7, ts=2023-11-26 20:46:31.498100+00:00)
[2023-11-26 14:46:31.406] [7763:6170996736] [INFO] [gateway_alpaca -> data] Quote (venue=Venue.ALPACA, symbol=BTC/USD, bid=0.276034@37584.381, ask=0.5565@37637.7, ts=2023-11-26 20:46:31.498266+00:00)
[2023-11-26 14:46:31.408] [7763:6170996736] [INFO] [gateway_alpaca -> data] Quote (venue=Venue.ALPACA, symbol=BTC/USD, bid=0.276034@37584.381, ask=0.839457@37650.5, ts=2023-11-26 20:46:31.498269+00:00)
[2023-11-26 14:46:31.409] [7763:6170996736] [INFO] [gateway_alpaca -> data] Quote (venue=Venue.ALPACA, symbol=BTC/USD, bid=0.826812@37581.91, ask=0.839457@37650.5, ts=2023-11-26 20:46:31.498272+00:00)
[2023-11-26 14:46:31.411] [7763:6170996736] [INFO] [gateway_alpaca -> data] Quote (venue=Venue.ALPACA, symbol=BTC/USD, bid=1.93792@37207.834, ask=0.839457@37650.5, ts=2023-11-26 20:46:31.498326+00:00)
[2023-11-26 14:46:31.413] [7763:6170996736] [INFO] [gateway_alpaca -> data] Quote (venue=Venue.ALPACA, symbol=BTC/USD, bid=0.53333248@37125.06, ask=0.839457@37650.5, ts=2023-11-26 20:46:31.498581+00:00)
[2023-11-26 14:46:31.414] [7763:6170996736] [INFO] [gateway_alpaca -> data] Quote (venue=Venue.ALPACA, symbol=BTC/USD, bid=0.53333248@37125.06, ask=1.39836@37713.1, ts=2023-11-26 20:46:31.498667+00:00)
[2023-11-26 14:46:31.416] [7763:6170996736] [INFO] [gateway_alpaca -> data] Quote (venue=Venue.ALPACA, symbol=BTC/USD, bid=0.53333248@37125.06, ask=2.232@38401.1, ts=2023-11-26 20:46:31.499003+00:00)
[2023-11-26 14:46:31.417] [7763:6170996736] [INFO] [gateway_alpaca -> data] Quote (venue=Venue.ALPACA, symbol=BTC/USD, bid=0.53333248@37125.06, ask=0.868086@38450.0, ts=2023-11-26 20:46:31.499009+00:00)
[2023-11-26 14:46:32.083] [7763:6170996736] [INFO] [gateway_alpaca -> data] Quote (venue=Venue.ALPACA, symbol=ETH/USD, bid=13.1746@2075.7, ask=4.394@2077.3, ts=2023-11-26 20:46:32.065669+00:00)
[2023-11-26 14:46:32.090] [7763:6170996736] [INFO] [gateway_alpaca -> data] Quote (venue=Venue.ALPACA, symbol=ETH/USD, bid=13.1746@2075.7, ask=8.7805@2077.624, ts=2023-11-26 20:46:32.066254+00:00)
[2023-11-26 14:46:32.093] [7763:6170996736] [INFO] [gateway_alpaca -> data] Quote (venue=Venue.ALPACA, symbol=ETH/USD, bid=8.6581@2076.509, ask=8.7805@2077.624, ts=2023-11-26 20:46:32.067889+00:00)
[2023-11-26 14:46:32.095] [7763:6170996736] [INFO] [gateway_alpaca -> data] Quote (venue=Venue.ALPACA, symbol=ETH/USD, bid=8.6581@2076.509, ask=4.3625@2078.47, ts=2023-11-26 20:46:32.068316+00:00)
[2023-11-26 14:46:32.269] [7763:6170996736] [INFO] [gateway_alpaca -> data] Quote (venue=Venue.ALPACA, symbol=BTC/USD, bid=0.53333248@37125.06, ask=2.2016@38404.736, ts=2023-11-26 20:46:32.371110+00:00)
[2023-11-26 14:46:32.273] [7763:6170996736] [INFO] [gateway_alpaca -> data] Quote (venue=Venue.ALPACA, symbol=BTC/USD, bid=0.53333248@37125.06, ask=1.1182@37693.08, ts=2023-11-26 20:46:32.371123+00:00)
[2023-11-26 14:46:32.275] [7763:6170996736] [INFO] [gateway_alpaca -> data] Quote (venue=Venue.ALPACA, symbol=BTC/USD, bid=0.27815@37607.84, ask=1.1182@37693.08, ts=2023-11-26 20:46:32.371126+00:00)
[2023-11-26 14:46:32.292] [7763:6170996736] [INFO] [gateway_alpaca -> data] Quote (venue=Venue.ALPACA, symbol=BTC/USD, bid=0.27815@37607.84, ask=0.55622@37655.89, ts=2023-11-26 20:46:32.371661+00:00)
[2023-11-26 14:46:32.296] [7763:6170996736] [INFO] [gateway_alpaca -> data] Quote (venue=Venue.ALPACA, symbol=BTC/USD, bid=0.56068@37609.52, ask=0.55622@37655.89, ts=2023-11-26 20:46:32.371911+00:00)
[2023-11-26 14:46:32.298] [7763:6170996736] [INFO] [gateway_alpaca -> data] Quote (venue=Venue.ALPACA, symbol=BTC/USD, bid=0.56068@37609.52, ask=0.279507@37644.07, ts=2023-11-26 20:46:32.372046+00:00)
[2023-11-26 14:46:32.987] [7763:6170996736] [INFO] [gateway_alpaca -> data] Quote (venue=Venue.ALPACA, symbol=BTC/USD, bid=0.56068@37609.52, ask=0.5536@37630.9, ts=2023-11-26 20:46:33.088696+00:00)
[2023-11-26 14:46:32.996] [7763:6170996736] [INFO] [gateway_alpaca -> data] Quote (venue=Venue.ALPACA, symbol=BTC/USD, bid=0.27815@37607.84, ask=0.5536@37630.9, ts=2023-11-26 20:46:33.088963+00:00)
[2023-11-26 14:46:33.007] [7763:6170996736] [INFO] [gateway_alpaca -> data] Quote (venue=Venue.ALPACA, symbol=BTC/USD, bid=0.27815@37607.84, ask=0.276519@37626.752, ts=2023-11-26 20:46:33.088975+00:00)
[2023-11-26 14:46:33.021] [7763:6170996736] [INFO] [gateway_alpaca -> data] Quote (venue=Venue.ALPACA, symbol=BTC/USD, bid=0.55708@37585.6, ask=0.276519@37626.752, ts=2023-11-26 20:46:33.090236+00:00)
[2023-11-26 14:46:33.024] [7763:6170996736] [INFO] [gateway_alpaca -> data] Quote (venue=Venue.ALPACA, symbol=BTC/USD, bid=0.2763@37587.1, ask=0.276519@37626.752, ts=2023-11-26 20:46:33.090819+00:00)
[2023-11-26 14:46:33.443] [7763:6170996736] [INFO] [gateway_alpaca -> data] Quote (venue=Venue.ALPACA, symbol=ETH/USD, bid=8.6581@2076.509, ask=8.81497@2077.877, ts=2023-11-26 20:46:33.539120+00:00)
[2023-11-26 14:46:33.449] [7763:6170996736] [INFO] [gateway_alpaca -> data] Quote (venue=Venue.ALPACA, symbol=ETH/USD, bid=8.6581@2076.509, ask=4.35@2077.7, ts=2023-11-26 20:46:33.539339+00:00)
[2023-11-26 14:46:33.452] [7763:6170996736] [INFO] [gateway_alpaca -> data] Quote (venue=Venue.ALPACA, symbol=ETH/USD, bid=4.3917@2075.623, ask=4.35@2077.7, ts=2023-11-26 20:46:33.539416+00:00)
[2023-11-26 14:46:34.474] [7763:6170996736] [INFO] [gateway_alpaca -> data] Quote (venue=Venue.ALPACA, symbol=BTC/USD, bid=0.2763@37587.1, ask=0.550208@37627.1, ts=2023-11-26 20:46:34.514048+00:00)
[2023-11-26 14:46:34.481] [7763:6170996736] [INFO] [gateway_alpaca -> data] Quote (venue=Venue.ALPACA, symbol=BTC/USD, bid=0.2763@37587.1, ask=0.278187@37623.35, ts=2023-11-26 20:46:34.514056+00:00)
[2023-11-26 14:46:34.485] [7763:6170996736] [INFO] [gateway_alpaca -> data] Quote (venue=Venue.ALPACA, symbol=BTC/USD, bid=0.275642@37572.49, ask=0.278187@37623.35, ts=2023-11-26 20:46:34.514672+00:00)
[2023-11-26 14:46:40.213] [7763:6170996736] [INFO] [gateway_alpaca -> data] Quote (venue=Venue.ALPACA, symbol=ETH/USD, bid=8.69577@2075.267, ask=4.35@2077.7, ts=2023-11-26 20:46:40.178522+00:00)
[2023-11-26 14:46:40.222] [7763:6170996736] [INFO] [gateway_alpaca -> data] Quote (venue=Venue.ALPACA, symbol=ETH/USD, bid=4.368@2076.16, ask=4.35@2077.7, ts=2023-11-26 20:46:40.178902+00:00)
[2023-11-26 14:46:40.225] [7763:6170996736] [INFO] [gateway_alpaca -> data] Quote (venue=Venue.ALPACA, symbol=ETH/USD, bid=4.368@2076.16, ask=8.81497@2077.877, ts=2023-11-26 20:46:40.179229+00:00)
[2023-11-26 14:46:40.228] [7763:6170996736] [INFO] [gateway_alpaca -> data] Quote (venue=Venue.ALPACA, symbol=ETH/USD, bid=4.368@2076.16, ask=4.404@2078.122, ts=2023-11-26 20:46:40.181013+00:00)
[2023-11-26 14:46:40.230] [7763:6170996736] [INFO] [gateway_alpaca -> data] Quote (venue=Venue.ALPACA, symbol=ETH/USD, bid=8.67672@2076.2, ask=4.404@2078.122, ts=2023-11-26 20:46:40.181315+00:00)
[2023-11-26 14:46:40.407] [7763:6170996736] [INFO] [gateway_alpaca -> data] Quote (venue=Venue.ALPACA, symbol=ETH/USD, bid=4.368@2076.16, ask=4.404@2078.122, ts=2023-11-26 20:46:40.503162+00:00)
[2023-11-26 14:46:40.413] [7763:6170996736] [INFO] [gateway_alpaca -> data] Quote (venue=Venue.ALPACA, symbol=ETH/USD, bid=8.81562@2076.48, ask=4.404@2078.122, ts=2023-11-26 20:46:40.503580+00:00)
[2023-11-26 14:46:40.416] [7763:6170996736] [INFO] [gateway_alpaca -> data] Quote (venue=Venue.ALPACA, symbol=ETH/USD, bid=4.4@2076.96, ask=4.404@2078.122, ts=2023-11-26 20:46:40.503905+00:00)
[2023-11-26 14:46:40.418] [7763:6170996736] [INFO] [gateway_alpaca -> data] Quote (venue=Venue.ALPACA, symbol=ETH/USD, bid=4.4@2076.96, ask=4.39018@2078.6, ts=2023-11-26 20:46:40.504050+00:00)
[2023-11-26 14:46:43.287] [7763:6170996736] [INFO] [gateway_alpaca -> data] Quote (venue=Venue.ALPACA, symbol=ETH/USD, bid=4.4@2076.96, ask=8.6701@2078.2, ts=2023-11-26 20:46:43.383638+00:00)
[2023-11-26 14:46:43.294] [7763:6170996736] [INFO] [gateway_alpaca -> data] Quote (venue=Venue.ALPACA, symbol=ETH/USD, bid=8.81562@2076.48, ask=8.6701@2078.2, ts=2023-11-26 20:46:43.384377+00:00)
[2023-11-26 14:46:43.297] [7763:6170996736] [INFO] [gateway_alpaca -> data] Quote (venue=Venue.ALPACA, symbol=ETH/USD, bid=8.6757@2075.8, ask=8.6701@2078.2, ts=2023-11-26 20:46:43.385274+00:00)
[2023-11-26 14:46:43.494] [7763:6170996736] [INFO] [gateway_alpaca -> data] Quote (venue=Venue.ALPACA, symbol=BTC/USD, bid=0.275642@37572.49, ask=0.5577@37611.2, ts=2023-11-26 20:46:43.587774+00:00)
[2023-11-26 14:46:43.501] [7763:6170996736] [INFO] [gateway_alpaca -> data] Quote (venue=Venue.ALPACA, symbol=BTC/USD, bid=0.55599@37572.05, ask=0.5577@37611.2, ts=2023-11-26 20:46:43.589218+00:00)
[2023-11-26 14:46:44.097] [7763:6170996736] [INFO] [gateway_alpaca -> data] Quote (venue=Venue.ALPACA, symbol=ETH/USD, bid=13.22@2076.52, ask=8.6701@2078.2, ts=2023-11-26 20:46:44.197235+00:00)
[2023-11-26 14:46:44.104] [7763:6170996736] [INFO] [gateway_alpaca -> data] Quote (venue=Venue.ALPACA, symbol=ETH/USD, bid=8.75194@2076.556, ask=8.6701@2078.2, ts=2023-11-26 20:46:44.198465+00:00)
[2023-11-26 14:46:44.109] [7763:6170996736] [INFO] [gateway_alpaca -> data] Quote (venue=Venue.ALPACA, symbol=ETH/USD, bid=4.37778@2077.15, ask=8.6701@2078.2, ts=2023-11-26 20:46:44.198922+00:00)
[2023-11-26 14:46:44.111] [7763:6170996736] [INFO] [gateway_alpaca -> data] Quote (venue=Venue.ALPACA, symbol=ETH/USD, bid=4.37778@2077.15, ask=4.35404@2078.49, ts=2023-11-26 20:46:44.199724+00:00)
[2023-11-26 14:46:44.546] [7763:6170996736] [INFO] [gateway_alpaca -> data] Quote (venue=Venue.ALPACA, symbol=ETH/USD, bid=4.37778@2077.15, ask=8.82317@2078.833, ts=2023-11-26 20:46:44.639793+00:00)
[2023-11-26 14:46:44.552] [7763:6170996736] [INFO] [gateway_alpaca -> data] Quote (venue=Venue.ALPACA, symbol=ETH/USD, bid=13.002@2076.7, ask=8.82317@2078.833, ts=2023-11-26 20:46:44.640079+00:00)
[2023-11-26 14:46:44.555] [7763:6170996736] [INFO] [gateway_alpaca -> data] Quote (venue=Venue.ALPACA, symbol=ETH/USD, bid=8.748@2077.7, ask=8.82317@2078.833, ts=2023-11-26 20:46:44.640148+00:00)
[2023-11-26 14:46:44.562] [7763:6170996736] [INFO] [gateway_alpaca -> data] Quote (venue=Venue.ALPACA, symbol=ETH/USD, bid=8.748@2077.7, ask=8.68938@2079.58, ts=2023-11-26 20:46:44.640687+00:00)
[2023-11-26 14:46:46.095] [7763:6170996736] [INFO] [gateway_alpaca -> data] Quote (venue=Venue.ALPACA, symbol=BTC/USD, bid=0.2787@37571.16, ask=0.5577@37611.2, ts=2023-11-26 20:46:46.071193+00:00)
[2023-11-26 14:46:46.102] [7763:6170996736] [INFO] [gateway_alpaca -> data] Quote (venue=Venue.ALPACA, symbol=BTC/USD, bid=0.275589@37579.3, ask=0.5577@37611.2, ts=2023-11-26 20:46:46.071441+00:00)
[2023-11-26 14:46:46.104] [7763:6170996736] [INFO] [gateway_alpaca -> data] Quote (venue=Venue.ALPACA, symbol=BTC/USD, bid=0.275589@37579.3, ask=0.2758@37613.179, ts=2023-11-26 20:46:46.071691+00:00)
[2023-11-26 14:46:46.106] [7763:6170996736] [INFO] [gateway_alpaca -> data] Quote (venue=Venue.ALPACA, symbol=BTC/USD, bid=0.275589@37579.3, ask=0.27781@37617.1, ts=2023-11-26 20:46:46.073119+00:00)
[2023-11-26 14:46:50.051] [7763:6170996736] [INFO] [gateway_alpaca -> data] Quote (venue=Venue.ALPACA, symbol=ETH/USD, bid=8.748@2077.7, ask=4.412@2080.48, ts=2023-11-26 20:46:50.155475+00:00)
[2023-11-26 14:46:50.057] [7763:6170996736] [INFO] [gateway_alpaca -> data] Quote (venue=Venue.ALPACA, symbol=ETH/USD, bid=8.748@2077.7, ask=13.2@2080.81, ts=2023-11-26 20:46:50.155889+00:00)
[2023-11-26 14:46:50.060] [7763:6170996736] [INFO] [gateway_alpaca -> data] Quote (venue=Venue.ALPACA, symbol=ETH/USD, bid=8.748@2077.7, ask=8.7483@2078.98, ts=2023-11-26 20:46:50.156059+00:00)
[2023-11-26 14:46:50.063] [7763:6170996736] [INFO] [gateway_alpaca -> data] Quote (venue=Venue.ALPACA, symbol=ETH/USD, bid=4.34842@2077.57, ask=8.7483@2078.98, ts=2023-11-26 20:46:50.156068+00:00)
[2023-11-26 14:46:50.074] [7763:6170996736] [INFO] [gateway_alpaca -> data] Quote (venue=Venue.ALPACA, symbol=ETH/USD, bid=4.33304@2077.169, ask=8.7483@2078.98, ts=2023-11-26 20:46:50.158925+00:00)
[2023-11-26 14:46:50.346] [7763:6170996736] [INFO] [gateway_alpaca -> data] Quote (venue=Venue.ALPACA, symbol=BTC/USD, bid=0.275589@37579.3, ask=0.27557@37612.702, ts=2023-11-26 20:46:50.436135+00:00)
[2023-11-26 14:46:50.352] [7763:6170996736] [INFO] [gateway_alpaca -> data] Quote (venue=Venue.ALPACA, symbol=BTC/USD, bid=0.278595@37565.05, ask=0.27557@37612.702, ts=2023-11-26 20:46:50.436991+00:00)
[2023-11-26 14:46:50.355] [7763:6170996736] [INFO] [gateway_alpaca -> data] Quote (venue=Venue.ALPACA, symbol=BTC/USD, bid=0.5529@37573.563, ask=0.27557@37612.702, ts=2023-11-26 20:46:50.437330+00:00)
[2023-11-26 14:46:54.319] [7763:6170996736] [INFO] [gateway_alpaca -> data] Quote (venue=Venue.ALPACA, symbol=ETH/USD, bid=8.6561@2077.15, ask=8.7483@2078.98, ts=2023-11-26 20:46:54.372911+00:00)
[2023-11-26 14:46:54.327] [7763:6170996736] [INFO] [gateway_alpaca -> data] Quote (venue=Venue.ALPACA, symbol=ETH/USD, bid=8.6561@2077.15, ask=4.40471@2079.192, ts=2023-11-26 20:46:54.373367+00:00)
[2023-11-26 14:46:54.330] [7763:6170996736] [INFO] [gateway_alpaca -> data] Quote (venue=Venue.ALPACA, symbol=ETH/USD, bid=8.6561@2077.15, ask=4.383@2078.3, ts=2023-11-26 20:46:54.373490+00:00)
[2023-11-26 14:46:54.333] [7763:6170996736] [INFO] [gateway_alpaca -> data] Quote (venue=Venue.ALPACA, symbol=ETH/USD, bid=4.4047@2076.9, ask=4.383@2078.3, ts=2023-11-26 20:46:54.373668+00:00)
[2023-11-26 14:46:58.072] [7763:6170996736] [INFO] [gateway_alpaca -> data] Quote (venue=Venue.ALPACA, symbol=ETH/USD, bid=4.4047@2076.9, ask=8.76212@2078.244, ts=2023-11-26 20:46:58.146770+00:00)
[2023-11-26 14:46:58.078] [7763:6170996736] [INFO] [gateway_alpaca -> data] Quote (venue=Venue.ALPACA, symbol=ETH/USD, bid=13.068@2075.15, ask=8.76212@2078.244, ts=2023-11-26 20:46:58.147383+00:00)
[2023-11-26 14:46:58.082] [7763:6170996736] [INFO] [gateway_alpaca -> data] Quote (venue=Venue.ALPACA, symbol=ETH/USD, bid=4.351@2075.4, ask=8.76212@2078.244, ts=2023-11-26 20:46:58.148117+00:00)
[2023-11-26 14:46:58.084] [7763:6170996736] [INFO] [gateway_alpaca -> data] Quote (venue=Venue.ALPACA, symbol=ETH/USD, bid=8.791@2075.72, ask=8.76212@2078.244, ts=2023-11-26 20:46:58.149261+00:00)
[2023-11-26 14:46:58.085] [7763:6170996736] [INFO] [gateway_alpaca -> data] Quote (venue=Venue.ALPACA, symbol=ETH/USD, bid=8.791@2075.72, ask=4.36611@2077.7, ts=2023-11-26 20:46:58.149388+00:00)
[2023-11-26 14:46:59.899] [7763:6170996736] [INFO] [gateway_alpaca -> data] Bar (venue=Venue.ALPACA, symbol=ETH/USD, open=2070.871, high=2078.64, low=2070.8, close=2076.71, volume=0.000481649, ts=2023-11-26 20:46:00+00:00)
[2023-11-26 14:47:00.262] [7763:6170996736] [INFO] [gateway_alpaca -> data] Bar (venue=Venue.ALPACA, symbol=BTC/USD, open=37517.3, high=37626.795, low=37503.75, close=37598.2, volume=2.6479e-05, ts=2023-11-26 20:46:00+00:00)
[2023-11-26 14:47:01.003] [7763:6170996736] [INFO] [gateway_alpaca -> data] Quote (venue=Venue.ALPACA, symbol=ETH/USD, bid=8.791@2075.72, ask=4.35@2078.43, ts=2023-11-26 20:47:01.012418+00:00)
[2023-11-26 14:47:01.012] [7763:6170996736] [INFO] [gateway_alpaca -> data] Quote (venue=Venue.ALPACA, symbol=ETH/USD, bid=13.13@2075.751, ask=4.35@2078.43, ts=2023-11-26 20:47:01.012435+00:00)
[2023-11-26 14:47:01.036] [7763:6170996736] [INFO] [gateway_alpaca -> data] Quote (venue=Venue.ALPACA, symbol=ETH/USD, bid=4.409@2076.4, ask=4.35@2078.43, ts=2023-11-26 20:47:01.012492+00:00)
[2023-11-26 14:47:03.770] [7763:6170996736] [INFO] [gateway_alpaca -> data] Quote (venue=Venue.ALPACA, symbol=BTC/USD, bid=0.278595@37565.05, ask=0.27557@37612.702, ts=2023-11-26 20:47:03.864759+00:00)
[2023-11-26 14:47:03.785] [7763:6170996736] [INFO] [gateway_alpaca -> data] Quote (venue=Venue.ALPACA, symbol=BTC/USD, bid=0.278595@37565.05, ask=0.5508@37621.1, ts=2023-11-26 20:47:03.864916+00:00)
[2023-11-26 14:47:03.788] [7763:6170996736] [INFO] [gateway_alpaca -> data] Quote (venue=Venue.ALPACA, symbol=BTC/USD, bid=0.278595@37565.05, ask=0.8402@37629.2, ts=2023-11-26 20:47:03.864925+00:00)
[2023-11-26 14:47:03.791] [7763:6170996736] [INFO] [gateway_alpaca -> data] Quote (venue=Venue.ALPACA, symbol=BTC/USD, bid=0.278595@37565.05, ask=0.2767@37593.48, ts=2023-11-26 20:47:03.864934+00:00)
[2023-11-26 14:47:03.797] [7763:6170996736] [INFO] [gateway_alpaca -> data] Quote (venue=Venue.ALPACA, symbol=BTC/USD, bid=0.558939@37559.462, ask=0.2767@37593.48, ts=2023-11-26 20:47:03.865088+00:00)
[2023-11-26 14:47:03.799] [7763:6170996736] [INFO] [gateway_alpaca -> data] Quote (venue=Venue.ALPACA, symbol=BTC/USD, bid=0.558939@37559.462, ask=0.55474@37590.86, ts=2023-11-26 20:47:03.865876+00:00)
[2023-11-26 14:47:03.801] [7763:6170996736] [INFO] [gateway_alpaca -> data] Quote (venue=Venue.ALPACA, symbol=ETH/USD, bid=4.409@2076.4, ask=8.66611@2077.97, ts=2023-11-26 20:47:03.885868+00:00)
[2023-11-26 14:47:03.803] [7763:6170996736] [INFO] [gateway_alpaca -> data] Quote (venue=Venue.ALPACA, symbol=ETH/USD, bid=8.80722@2076.3, ask=8.66611@2077.97, ts=2023-11-26 20:47:03.885881+00:00)
[2023-11-26 14:47:03.808] [7763:6170996736] [INFO] [gateway_alpaca -> data] Quote (venue=Venue.ALPACA, symbol=ETH/USD, bid=4.3278@2075.63, ask=8.66611@2077.97, ts=2023-11-26 20:47:03.887709+00:00)
[2023-11-26 14:47:03.815] [7763:6170996736] [INFO] [gateway_alpaca -> data] Quote (venue=Venue.ALPACA, symbol=ETH/USD, bid=4.3278@2075.63, ask=4.37328@2077.3, ts=2023-11-26 20:47:03.888139+00:00)
[2023-11-26 14:47:08.622] [7763:6170996736] [INFO] [gateway_alpaca -> data] Quote (venue=Venue.ALPACA, symbol=ETH/USD, bid=13.0@2073.87, ask=4.37328@2077.3, ts=2023-11-26 20:47:08.709069+00:00)
[2023-11-26 14:47:08.628] [7763:6170996736] [INFO] [gateway_alpaca -> data] Quote (venue=Venue.ALPACA, symbol=ETH/USD, bid=4.38708@2075.457, ask=4.37328@2077.3, ts=2023-11-26 20:47:08.709077+00:00)
[2023-11-26 14:47:08.631] [7763:6170996736] [INFO] [gateway_alpaca -> data] Quote (venue=Venue.ALPACA, symbol=ETH/USD, bid=4.38708@2075.457, ask=4.4071@2077.1, ts=2023-11-26 20:47:08.709265+00:00)
[2023-11-26 14:47:17.129] [7763:6170996736] [INFO] [gateway_alpaca -> data] Quote (venue=Venue.ALPACA, symbol=BTC/USD, bid=0.275559@37559.35, ask=0.55474@37590.86, ts=2023-11-26 20:47:17.211989+00:00)
[2023-11-26 14:47:17.136] [7763:6170996736] [INFO] [gateway_alpaca -> data] Quote (venue=Venue.ALPACA, symbol=BTC/USD, bid=0.2792@37578.962, ask=0.55474@37590.86, ts=2023-11-26 20:47:17.211995+00:00)
[2023-11-26 14:47:17.146] [7763:6170996736] [INFO] [gateway_alpaca -> data] Quote (venue=Venue.ALPACA, symbol=BTC/USD, bid=0.2792@37578.962, ask=0.2767@37593.48, ts=2023-11-26 20:47:17.212156+00:00)
[2023-11-26 14:47:17.185] [7763:6170996736] [INFO] [gateway_alpaca -> data] Quote (venue=Venue.ALPACA, symbol=BTC/USD, bid=0.2792@37578.962, ask=0.550886@37603.41, ts=2023-11-26 20:47:17.212370+00:00)
[2023-11-26 14:47:25.122] [7763:6170996736] [INFO] [gateway_alpaca -> data] Quote (venue=Venue.ALPACA, symbol=ETH/USD, bid=4.38708@2075.457, ask=8.6804@2076.67, ts=2023-11-26 20:47:25.192756+00:00)
[2023-11-26 14:47:25.129] [7763:6170996736] [INFO] [gateway_alpaca -> data] Quote (venue=Venue.ALPACA, symbol=ETH/USD, bid=4.38708@2075.457, ask=4.353@2075.9, ts=2023-11-26 20:47:25.194518+00:00)
[2023-11-26 14:47:25.131] [7763:6170996736] [INFO] [gateway_alpaca -> data] Quote (venue=Venue.ALPACA, symbol=ETH/USD, bid=8.7401@2074.4, ask=4.353@2075.9, ts=2023-11-26 20:47:25.195286+00:00)
[2023-11-26 14:47:32.214] [7763:6170996736] [INFO] [gateway_alpaca -> data] Quote (venue=Venue.ALPACA, symbol=ETH/USD, bid=8.7401@2074.4, ask=8.6804@2076.67, ts=2023-11-26 20:47:32.284695+00:00)
[2023-11-26 14:47:32.221] [7763:6170996736] [INFO] [gateway_alpaca -> data] Quote (venue=Venue.ALPACA, symbol=ETH/USD, bid=4.3433@2073.97, ask=8.6804@2076.67, ts=2023-11-26 20:47:32.285432+00:00)
[2023-11-26 14:47:32.224] [7763:6170996736] [INFO] [gateway_alpaca -> data] Quote (venue=Venue.ALPACA, symbol=ETH/USD, bid=4.3459@2075.0, ask=8.6804@2076.67, ts=2023-11-26 20:47:32.285693+00:00)
[2023-11-26 14:47:32.226] [7763:6170996736] [INFO] [gateway_alpaca -> data] Quote (venue=Venue.ALPACA, symbol=ETH/USD, bid=4.3459@2075.0, ask=4.3338@2077.291, ts=2023-11-26 20:47:32.287019+00:00)
[2023-11-26 14:47:32.928] [7763:6170996736] [INFO] [gateway_alpaca -> data] Quote (venue=Venue.ALPACA, symbol=BTC/USD, bid=0.557491@37565.209, ask=0.550886@37603.41, ts=2023-11-26 20:47:33.033584+00:00)
[2023-11-26 14:47:32.934] [7763:6170996736] [INFO] [gateway_alpaca -> data] Quote (venue=Venue.ALPACA, symbol=BTC/USD, bid=0.278727@37576.7, ask=0.550886@37603.41, ts=2023-11-26 20:47:33.033726+00:00)
[2023-11-26 14:47:32.937] [7763:6170996736] [INFO] [gateway_alpaca -> data] Quote (venue=Venue.ALPACA, symbol=BTC/USD, bid=0.278727@37576.7, ask=0.2765@37608.429, ts=2023-11-26 20:47:33.033876+00:00)
[2023-11-26 14:47:32.940] [7763:6170996736] [INFO] [gateway_alpaca -> data] Quote (venue=Venue.ALPACA, symbol=BTC/USD, bid=0.5546@37578.52, ask=0.2765@37608.429, ts=2023-11-26 20:47:33.034145+00:00)
[2023-11-26 14:47:32.944] [7763:6170996736] [INFO] [gateway_alpaca -> data] Quote (venue=Venue.ALPACA, symbol=BTC/USD, bid=0.5546@37578.52, ask=0.553384@37621.1, ts=2023-11-26 20:47:33.035879+00:00)
[2023-11-26 14:47:33.095] [7763:6170996736] [INFO] [gateway_alpaca -> data] Quote (venue=Venue.ALPACA, symbol=ETH/USD, bid=13.03@2074.8, ask=4.3338@2077.291, ts=2023-11-26 20:47:33.196349+00:00)
[2023-11-26 14:47:33.101] [7763:6170996736] [INFO] [gateway_alpaca -> data] Quote (venue=Venue.ALPACA, symbol=ETH/USD, bid=4.399@2075.431, ask=4.3338@2077.291, ts=2023-11-26 20:47:33.196663+00:00)
[2023-11-26 14:47:33.105] [7763:6170996736] [INFO] [gateway_alpaca -> data] Quote (venue=Venue.ALPACA, symbol=ETH/USD, bid=4.399@2075.431, ask=8.719@2077.661, ts=2023-11-26 20:47:33.196808+00:00)
[2023-11-26 14:47:33.107] [7763:6170996736] [INFO] [gateway_alpaca -> data] Quote (venue=Venue.ALPACA, symbol=ETH/USD, bid=4.399@2075.431, ask=4.3993@2077.638, ts=2023-11-26 20:47:33.197309+00:00)
[2023-11-26 14:47:33.110] [7763:6170996736] [INFO] [gateway_alpaca -> data] Quote (venue=Venue.ALPACA, symbol=ETH/USD, bid=8.6926@2075.8, ask=4.3993@2077.638, ts=2023-11-26 20:47:33.198167+00:00)
[2023-11-26 14:47:37.068] [7763:6170996736] [INFO] [gateway_alpaca -> data] Quote (venue=Venue.ALPACA, symbol=BTC/USD, bid=0.5582@37579.1, ask=0.553384@37621.1, ts=2023-11-26 20:47:37.161169+00:00)
[2023-11-26 14:47:37.082] [7763:6170996736] [INFO] [gateway_alpaca -> data] Quote (venue=Venue.ALPACA, symbol=BTC/USD, bid=0.275504@37589.9, ask=0.553384@37621.1, ts=2023-11-26 20:47:37.164555+00:00)
[2023-11-26 14:47:37.084] [7763:6170996736] [INFO] [gateway_alpaca -> data] Quote (venue=Venue.ALPACA, symbol=BTC/USD, bid=0.275504@37589.9, ask=0.2796@37639.0, ts=2023-11-26 20:47:37.164561+00:00)
[2023-11-26 14:47:42.793] [7763:6170996736] [INFO] [gateway_alpaca -> data] Quote (venue=Venue.ALPACA, symbol=ETH/USD, bid=4.399@2075.431, ask=4.3993@2077.638, ts=2023-11-26 20:47:42.891049+00:00)
[2023-11-26 14:47:42.803] [7763:6170996736] [INFO] [gateway_alpaca -> data] Quote (venue=Venue.ALPACA, symbol=ETH/USD, bid=4.399@2075.431, ask=8.75495@2078.2, ts=2023-11-26 20:47:42.891277+00:00)
[2023-11-26 14:47:42.805] [7763:6170996736] [INFO] [gateway_alpaca -> data] Quote (venue=Venue.ALPACA, symbol=ETH/USD, bid=4.399@2075.431, ask=4.3884@2078.3, ts=2023-11-26 20:47:42.891732+00:00)
[2023-11-26 14:47:42.807] [7763:6170996736] [INFO] [gateway_alpaca -> data] Quote (venue=Venue.ALPACA, symbol=ETH/USD, bid=13.1554@2075.2, ask=4.3884@2078.3, ts=2023-11-26 20:47:42.892380+00:00)
[2023-11-26 14:47:42.809] [7763:6170996736] [INFO] [gateway_alpaca -> data] Quote (venue=Venue.ALPACA, symbol=ETH/USD, bid=4.386@2076.81, ask=4.3884@2078.3, ts=2023-11-26 20:47:42.892409+00:00)
[2023-11-26 14:47:42.812] [7763:6170996736] [INFO] [gateway_alpaca -> data] Quote (venue=Venue.ALPACA, symbol=ETH/USD, bid=4.386@2076.81, ask=8.774@2078.1, ts=2023-11-26 20:47:42.893420+00:00)
[2023-11-26 14:47:56.598] [7763:6170996736] [INFO] [gateway_alpaca -> data] Quote (venue=Venue.ALPACA, symbol=ETH/USD, bid=13.15@2076.4, ask=8.774@2078.1, ts=2023-11-26 20:47:56.555820+00:00)
[2023-11-26 14:47:56.608] [7763:6170996736] [INFO] [gateway_alpaca -> data] Quote (venue=Venue.ALPACA, symbol=ETH/USD, bid=13.15@2076.4, ask=4.3884@2078.3, ts=2023-11-26 20:47:56.556825+00:00)
[2023-11-26 14:47:56.615] [7763:6170996736] [INFO] [gateway_alpaca -> data] Quote (venue=Venue.ALPACA, symbol=ETH/USD, bid=8.7373@2077.1, ask=4.3884@2078.3, ts=2023-11-26 20:47:56.557786+00:00)
[2023-11-26 14:47:56.617] [7763:6170996736] [INFO] [gateway_alpaca -> data] Quote (venue=Venue.ALPACA, symbol=ETH/USD, bid=8.7373@2077.1, ask=4.371@2078.457, ts=2023-11-26 20:47:56.557919+00:00)
[2023-11-26 14:47:59.977] [7763:6170996736] [INFO] [gateway_alpaca -> data] Bar (venue=Venue.ALPACA, symbol=ETH/USD, open=2077.415, high=2077.7785, low=2075.15, close=2077.7785, volume=0.0, ts=2023-11-26 20:47:00+00:00)
[2023-11-26 14:48:00.411] [7763:6170996736] [INFO] [gateway_alpaca -> data] Bar (venue=Venue.ALPACA, symbol=BTC/USD, open=37614.45, high=37614.45, low=37614.45, close=37614.45, volume=0.0, ts=2023-11-26 20:47:00+00:00)
[2023-11-26 14:48:03.886] [7763:6170996736] [INFO] [gateway_alpaca -> data] Quote (venue=Venue.ALPACA, symbol=BTC/USD, bid=0.5582@37579.1, ask=0.2796@37639.0, ts=2023-11-26 20:48:03.833833+00:00)
[2023-11-26 14:48:03.903] [7763:6170996736] [INFO] [gateway_alpaca -> data] Quote (venue=Venue.ALPACA, symbol=BTC/USD, bid=0.280476@37610.657, ask=0.2796@37639.0, ts=2023-11-26 20:48:03.834050+00:00)
[2023-11-26 14:48:03.905] [7763:6170996736] [INFO] [gateway_alpaca -> data] Quote (venue=Venue.ALPACA, symbol=BTC/USD, bid=0.280476@37610.657, ask=0.560698@37640.83, ts=2023-11-26 20:48:03.834056+00:00)
[2023-11-26 14:48:03.907] [7763:6170996736] [INFO] [gateway_alpaca -> data] Quote (venue=Venue.ALPACA, symbol=BTC/USD, bid=0.280476@37610.657, ask=0.27677@37635.1, ts=2023-11-26 20:48:03.834110+00:00)
[2023-11-26 14:48:13.227] [7763:6170996736] [INFO] [gateway_alpaca -> data] Quote (venue=Venue.ALPACA, symbol=BTC/USD, bid=0.280476@37610.657, ask=0.278594@37621.4, ts=2023-11-26 20:48:13.311198+00:00)
[2023-11-26 14:48:13.252] [7763:6170996736] [INFO] [gateway_alpaca -> data] Quote (venue=Venue.ALPACA, symbol=BTC/USD, bid=0.833659@37578.1, ask=0.278594@37621.4, ts=2023-11-26 20:48:13.311946+00:00)
[2023-11-26 14:48:13.257] [7763:6170996736] [INFO] [gateway_alpaca -> data] Quote (venue=Venue.ALPACA, symbol=BTC/USD, bid=0.2805@37594.1, ask=0.278594@37621.4, ts=2023-11-26 20:48:13.312699+00:00)
[2023-11-26 14:48:20.510] [7763:6170996736] [INFO] [gateway_alpaca -> data] Quote (venue=Venue.ALPACA, symbol=ETH/USD, bid=8.7373@2077.1, ask=4.37602@2077.8, ts=2023-11-26 20:48:20.586444+00:00)
[2023-11-26 14:48:20.550] [7763:6170996736] [INFO] [gateway_alpaca -> data] Quote (venue=Venue.ALPACA, symbol=ETH/USD, bid=4.34536@2076.913, ask=4.37602@2077.8, ts=2023-11-26 20:48:20.586889+00:00)
[2023-11-26 14:48:22.057] [7763:6170996736] [INFO] [gateway_alpaca -> data] Quote (venue=Venue.ALPACA, symbol=BTC/USD, bid=0.2805@37594.1, ask=0.56074@37636.635, ts=2023-11-26 20:48:22.117270+00:00)
[2023-11-26 14:48:22.063] [7763:6170996736] [INFO] [gateway_alpaca -> data] Quote (venue=Venue.ALPACA, symbol=BTC/USD, bid=0.2805@37594.1, ask=0.2771@37620.2, ts=2023-11-26 20:48:22.117471+00:00)
[2023-11-26 14:48:22.066] [7763:6170996736] [INFO] [gateway_alpaca -> data] Quote (venue=Venue.ALPACA, symbol=BTC/USD, bid=0.2805@37594.1, ask=0.553507@37619.04, ts=2023-11-26 20:48:22.118262+00:00)
[2023-11-26 14:48:22.068] [7763:6170996736] [INFO] [gateway_alpaca -> data] Quote (venue=Venue.ALPACA, symbol=BTC/USD, bid=0.27969@37589.904, ask=0.553507@37619.04, ts=2023-11-26 20:48:22.118904+00:00)
